[2025-02-08 18:52:50] district_user -> Warehouse added ->Balod@pds| Requested JSON -> {"name":"test","type":"motorable","latitude":"9.89","storage":"250","district":"Balod","id":"123qwe","warehousetype":"swc","longitude":"76.7661"}
[2025-02-08 18:53:56] district_user -> Warehouse Edit ->Balod@pds| Requested JSON -> {"name":"Test","uniqueid":"WH_67a75aaaca66","active":false,"type":"motorable","latitude":"9.89","storage":"250","district":"Balod","id":"123qwe","warehousetype":"swc","longitude":"76.766"}
[2025-02-08 18:56:14] district_user -> Warehouse added ->Balod@pds| Requested JSON -> {"name":"Test_Data","type":"motorable","latitude":"9.89","storage":"250","district":"Balod","id":"123ertt","warehousetype":"swc","longitude":"78"}
[2025-02-08 19:00:12] district_user -> FPS Edit ->Balod@pds| Requested JSON -> {"name":"Abcd","uniqueid":"FPS_67a735cc0b5","active":"1","type":"Normal FPS","latitude":"19.2667","longitude":"80.5676","district":"Balod","id":"492007060","demand":"89","demand_rice":"9.256"}
[2025-02-08 19:00:17] User -> All Normal FPS InActive -> Balod@pds
[2025-02-08 19:00:19] User -> All Normal FPS Active -> Balod@pds
[2025-02-08 19:00:36] district_user -> FPS Edit ->Balod@pds| Requested JSON -> {"name":"Abcd","uniqueid":"FPS_67a735cc0b5","active":"1","type":"Model FPS","latitude":"19.2667","longitude":"80.5676","district":"Balod","id":"492007060","demand":"89","demand_rice":"9.256"}
[2025-02-08 19:00:45] User -> All Smart FPS Active -> Balod@pds
[2025-02-08 19:00:47] User -> All Smart FPS Active -> Balod@pds
[2025-02-08 19:01:00] User -> Warehouse Active -> Balod@pds| Test
[2025-02-08 19:01:01] User -> Warehouse Active -> Balod@pds| Test
[2025-02-08 19:03:11] User -> All Smart FPS Active -> Balod@pds
[2025-02-08 19:03:45] User -> All Smart FPS Active -> Balod@pds
[2025-02-08 22:19:43] district_user -> Warehouse added ->Balod@pds| Requested JSON -> {"name":"adfds","type":"motorable","latitude":"70.321","storage":"123","district":"Balod","id":"Alwa","warehousetype":"swc","longitude":"45.123"}
[2025-02-08 22:31:43] User -> Warehouse Added -> Balod@pds| abc
[2025-02-08 22:36:07] User -> Warehouse Edit -> Balod@pds| saurabh
[2025-02-08 22:36:07] User -> Warehouse Edit -> Balod@pds| abc
[2025-02-08 22:43:37] district_user -> FPS added ->Balod@pds| Requested JSON -> {"name":"abc","type":"Model FPS","latitude":"70.321","longitude":"45.123","district":"Balod","id":"lkg","demand":"123","demand_rice":"122"}
[2025-02-08 22:45:56] User -> FPS Added -> Balod@pds| Abc
[2025-02-08 22:49:14] User -> FPS Edit -> Balod@pds| Abc
[2025-02-08 22:49:14] User -> FPS Edit -> Balod@pds| adfasf
[2025-02-08 22:49:14] User -> FPS Edit -> Balod@pds| Saurabh
[2025-02-08 22:49:14] User -> FPS Edit -> Balod@pds| Gawande
[2025-02-08 22:49:14] User -> FPS Edit -> Balod@pds| Abc
[2025-02-08 22:49:28] User -> All Smart FPS Active -> Balod@pds
[2025-02-08 22:49:30] User -> All Smart FPS Active -> Balod@pds
[2025-02-08 22:49:37] User -> Read Message ->Balod@pds| Requested JSON -> adfadsf | Balod@pds
[2025-02-08 22:49:40] User -> Read Message ->Balod@pds| Requested JSON -> adfadsf | Balod@pds
