[2025-02-10 11:56:01] district_user -> Warehouse added ->Durg@pds| Requested JSON -> {"name":"test","type":"motorable","latitude":"9.89","storage":"250","district":"Durg","id":"123werr","warehousetype":"swc","longitude":"76.7661"}
[2025-02-10 12:00:01] district_user -> FPS added ->Durg@pds| Requested JSON -> {"name":"test","type":"Model FPS","latitude":"9.89","longitude":"76.7661","district":"Durg","id":"123qwerttyyu","demand":"4567","demand_rice":"5678"}
[2025-02-10 12:01:24] district_user -> FPS Edit ->Durg@pds| Requested JSON -> {"name":"test","uniqueid":"FPS_67a99ce9705","active":"1","type":"Model FPS","latitude":"9.89","longitude":"76.7661","district":"Durg","id":"123qwerttyyu","demand":"4567","demand_rice":"56"}
[2025-02-10 12:23:24] User -> FPS deleted -> admin@pds| Requested JSON -> {"uid":"FPS_67a99ce9705"} | Test
[2025-02-10 12:23:51] User -> FPS deleted -> admin@pds| Requested JSON -> {"uid":"all"} | all
[2025-02-10 12:38:50] User -> FPS deleted -> admin@pds| Requested JSON -> {"uid":"all"} | all
[2025-02-10 12:40:48] User -> FPS Added -> Khiragarh Chuhikhadan Gandai@pds| abcd
[2025-02-10 12:40:48] User -> FPS Added -> Khiragarh Chuhikhadan Gandai@pds| abcd
[2025-02-10 12:40:48] User -> FPS Added -> Khiragarh Chuhikhadan Gandai@pds| abcd
[2025-02-10 12:40:48] User -> FPS Added -> Khiragarh Chuhikhadan Gandai@pds| abcd
[2025-02-10 12:40:48] User -> FPS Added -> Khiragarh Chuhikhadan Gandai@pds| abcd
[2025-02-10 12:40:49] User -> FPS Added -> Khiragarh Chuhikhadan Gandai@pds| abcd
[2025-02-10 12:40:49] User -> FPS Added -> Khiragarh Chuhikhadan Gandai@pds| abcd
[2025-02-10 12:40:49] User -> FPS Added -> Khiragarh Chuhikhadan Gandai@pds| abcd
[2025-02-10 12:58:17] district_user -> Warehouse deleted -> Khiragarh Chuhikhadan Gandai@pds| Requested JSON -> {"uid":"WH_66fd34077464"} | abcd
[2025-02-10 12:58:23] district_user -> Warehouse deleted -> Khiragarh Chuhikhadan Gandai@pds| Requested JSON -> {"uid":"WH_66fd34077334"} | abcd
[2025-02-10 12:58:50] User -> FPS deleted -> admin@pds| Requested JSON -> {"uid":"FPS_67a9a679262"} | abcd
[2025-02-10 13:00:37] district_user -> FPS Edit ->Khiragarh Chuhikhadan Gandai@pds| Requested JSON -> {"name":"abcd","uniqueid":"FPS_67a9a679152","active":"1","type":"Model FPS","latitude":"21.717962","longitude":"80.797491","district":"Khiragarh Chuhikhadan Gandai","id":"422006053","demand":"173.49","demand_rice":"1.4"}
[2025-02-10 13:00:40] User -> All Smart FPS InActive -> Khiragarh Chuhikhadan Gandai@pds
[2025-02-10 13:00:42] User -> All Smart FPS Active -> Khiragarh Chuhikhadan Gandai@pds
[2025-02-10 13:06:19] district_user -> Warehouse deleted -> Khiragarh Chuhikhadan Gandai@pds| Requested JSON -> {"uid":"all"} | all
[2025-02-10 13:06:55] User -> FPS deleted -> admin@pds| Requested JSON -> {"uid":"all"} | all
[2025-02-10 13:08:19] User -> FPS Added -> Khiragarh Chuhikhadan Gandai@pds| abcd
[2025-02-10 13:08:20] User -> FPS Added -> Khiragarh Chuhikhadan Gandai@pds| abcd
[2025-02-10 13:08:21] User -> FPS Added -> Khiragarh Chuhikhadan Gandai@pds| abcd
[2025-02-10 13:08:22] User -> FPS Added -> Khiragarh Chuhikhadan Gandai@pds| abcd
[2025-02-10 13:08:22] User -> FPS Added -> Khiragarh Chuhikhadan Gandai@pds| abcd
[2025-02-10 13:08:22] User -> FPS Added -> Khiragarh Chuhikhadan Gandai@pds| abcd
[2025-02-10 13:08:22] User -> FPS Added -> Khiragarh Chuhikhadan Gandai@pds| abcd
[2025-02-10 13:08:23] User -> FPS Added -> Khiragarh Chuhikhadan Gandai@pds| abcd
[2025-02-10 13:08:23] User -> FPS Added -> Khiragarh Chuhikhadan Gandai@pds| abcd
[2025-02-10 13:08:23] User -> FPS Added -> Khiragarh Chuhikhadan Gandai@pds| abcd
[2025-02-10 13:08:23] User -> FPS Added -> Khiragarh Chuhikhadan Gandai@pds| abcd
[2025-02-10 13:08:24] User -> FPS Added -> Khiragarh Chuhikhadan Gandai@pds| abcd
[2025-02-10 13:08:25] User -> FPS Added -> Khiragarh Chuhikhadan Gandai@pds| abcd
[2025-02-10 13:08:25] User -> FPS Added -> Khiragarh Chuhikhadan Gandai@pds| abcd
[2025-02-10 13:08:25] User -> FPS Added -> Khiragarh Chuhikhadan Gandai@pds| abcd
[2025-02-10 13:08:25] User -> FPS Added -> Khiragarh Chuhikhadan Gandai@pds| abcd
[2025-02-10 13:08:25] User -> FPS Added -> Khiragarh Chuhikhadan Gandai@pds| abcd
[2025-02-10 13:08:25] User -> FPS Added -> Khiragarh Chuhikhadan Gandai@pds| abcd
[2025-02-10 13:08:25] User -> FPS Added -> Khiragarh Chuhikhadan Gandai@pds| abcd
[2025-02-10 13:08:25] User -> FPS Added -> Khiragarh Chuhikhadan Gandai@pds| abcd
[2025-02-10 13:08:25] User -> FPS Added -> Khiragarh Chuhikhadan Gandai@pds| abcd
[2025-02-10 13:08:25] User -> FPS Added -> Khiragarh Chuhikhadan Gandai@pds| abcd
[2025-02-10 13:08:25] User -> FPS Added -> Khiragarh Chuhikhadan Gandai@pds| abcd
[2025-02-10 13:08:25] User -> FPS Added -> Khiragarh Chuhikhadan Gandai@pds| abcd
[2025-02-10 13:08:26] User -> FPS Added -> Khiragarh Chuhikhadan Gandai@pds| abcd
[2025-02-10 13:08:26] User -> FPS Added -> Khiragarh Chuhikhadan Gandai@pds| abcd
[2025-02-10 13:08:26] User -> FPS Added -> Khiragarh Chuhikhadan Gandai@pds| abcd
[2025-02-10 13:08:26] User -> FPS Added -> Khiragarh Chuhikhadan Gandai@pds| abcd
[2025-02-10 13:08:26] User -> FPS Added -> Khiragarh Chuhikhadan Gandai@pds| abcd
[2025-02-10 13:08:26] User -> FPS Added -> Khiragarh Chuhikhadan Gandai@pds| abcd
[2025-02-10 13:08:26] User -> FPS Added -> Khiragarh Chuhikhadan Gandai@pds| abcd
[2025-02-10 13:08:26] User -> FPS Added -> Khiragarh Chuhikhadan Gandai@pds| abcd
[2025-02-10 13:08:26] User -> FPS Added -> Khiragarh Chuhikhadan Gandai@pds| abcd
[2025-02-10 13:08:26] User -> FPS Added -> Khiragarh Chuhikhadan Gandai@pds| abcd
[2025-02-10 13:08:26] User -> FPS Added -> Khiragarh Chuhikhadan Gandai@pds| abcd
[2025-02-10 13:08:27] User -> FPS Added -> Khiragarh Chuhikhadan Gandai@pds| abcd
[2025-02-10 13:08:27] User -> FPS Added -> Khiragarh Chuhikhadan Gandai@pds| abcd
[2025-02-10 13:08:27] User -> FPS Added -> Khiragarh Chuhikhadan Gandai@pds| abcd
[2025-02-10 13:08:27] User -> FPS Added -> Khiragarh Chuhikhadan Gandai@pds| abcd
[2025-02-10 13:08:27] User -> FPS Added -> Khiragarh Chuhikhadan Gandai@pds| abcd
[2025-02-10 13:08:27] User -> FPS Added -> Khiragarh Chuhikhadan Gandai@pds| abcd
[2025-02-10 13:08:27] User -> FPS Added -> Khiragarh Chuhikhadan Gandai@pds| abcd
[2025-02-10 13:08:27] User -> FPS Added -> Khiragarh Chuhikhadan Gandai@pds| abcd
[2025-02-10 13:08:27] User -> FPS Added -> Khiragarh Chuhikhadan Gandai@pds| abcd
[2025-02-10 13:08:28] User -> FPS Added -> Khiragarh Chuhikhadan Gandai@pds| abcd
[2025-02-10 13:08:28] User -> FPS Added -> Khiragarh Chuhikhadan Gandai@pds| abcd
[2025-02-10 13:08:28] User -> FPS Added -> Khiragarh Chuhikhadan Gandai@pds| abcd
[2025-02-10 13:08:28] User -> FPS Added -> Khiragarh Chuhikhadan Gandai@pds| abcd
[2025-02-10 13:08:28] User -> FPS Added -> Khiragarh Chuhikhadan Gandai@pds| abcd
[2025-02-10 13:08:28] User -> FPS Added -> Khiragarh Chuhikhadan Gandai@pds| abcd
[2025-02-10 13:08:28] User -> FPS Added -> Khiragarh Chuhikhadan Gandai@pds| abcd
[2025-02-10 13:08:28] User -> FPS Added -> Khiragarh Chuhikhadan Gandai@pds| abcd
[2025-02-10 13:08:28] User -> FPS Added -> Khiragarh Chuhikhadan Gandai@pds| abcd
[2025-02-10 13:08:28] User -> FPS Added -> Khiragarh Chuhikhadan Gandai@pds| abcd
[2025-02-10 13:08:28] User -> FPS Added -> Khiragarh Chuhikhadan Gandai@pds| abcd
[2025-02-10 13:08:29] User -> FPS Added -> Khiragarh Chuhikhadan Gandai@pds| abcd
[2025-02-10 13:08:29] User -> FPS Added -> Khiragarh Chuhikhadan Gandai@pds| abcd
[2025-02-10 13:08:29] User -> FPS Added -> Khiragarh Chuhikhadan Gandai@pds| abcd
[2025-02-10 13:08:29] User -> FPS Added -> Khiragarh Chuhikhadan Gandai@pds| abcd
[2025-02-10 13:08:29] User -> FPS Added -> Khiragarh Chuhikhadan Gandai@pds| abcd
[2025-02-10 13:08:29] User -> FPS Added -> Khiragarh Chuhikhadan Gandai@pds| abcd
[2025-02-10 13:08:29] User -> FPS Added -> Khiragarh Chuhikhadan Gandai@pds| abcd
[2025-02-10 13:08:29] User -> FPS Added -> Khiragarh Chuhikhadan Gandai@pds| abcd
[2025-02-10 13:08:29] User -> FPS Added -> Khiragarh Chuhikhadan Gandai@pds| abcd
[2025-02-10 13:08:30] User -> FPS Added -> Khiragarh Chuhikhadan Gandai@pds| abcd
[2025-02-10 13:08:30] User -> FPS Added -> Khiragarh Chuhikhadan Gandai@pds| abcd
[2025-02-10 13:08:30] User -> FPS Added -> Khiragarh Chuhikhadan Gandai@pds| abcd
[2025-02-10 13:08:30] User -> FPS Added -> Khiragarh Chuhikhadan Gandai@pds| abcd
[2025-02-10 13:08:30] User -> FPS Added -> Khiragarh Chuhikhadan Gandai@pds| abcd
[2025-02-10 13:08:30] User -> FPS Added -> Khiragarh Chuhikhadan Gandai@pds| abcd
[2025-02-10 13:08:30] User -> FPS Added -> Khiragarh Chuhikhadan Gandai@pds| abcd
[2025-02-10 13:08:30] User -> FPS Added -> Khiragarh Chuhikhadan Gandai@pds| abcd
[2025-02-10 13:08:30] User -> FPS Added -> Khiragarh Chuhikhadan Gandai@pds| abcd
[2025-02-10 13:08:30] User -> FPS Added -> Khiragarh Chuhikhadan Gandai@pds| abcd
[2025-02-10 13:08:30] User -> FPS Added -> Khiragarh Chuhikhadan Gandai@pds| abcd
[2025-02-10 13:08:31] User -> FPS Added -> Khiragarh Chuhikhadan Gandai@pds| abcd
[2025-02-10 13:08:31] User -> FPS Added -> Khiragarh Chuhikhadan Gandai@pds| abcd
[2025-02-10 13:08:31] User -> FPS Added -> Khiragarh Chuhikhadan Gandai@pds| abcd
[2025-02-10 13:08:31] User -> FPS Added -> Khiragarh Chuhikhadan Gandai@pds| abcd
[2025-02-10 13:08:31] User -> FPS Added -> Khiragarh Chuhikhadan Gandai@pds| abcd
[2025-02-10 13:08:31] User -> FPS Added -> Khiragarh Chuhikhadan Gandai@pds| abcd
[2025-02-10 13:08:31] User -> FPS Added -> Khiragarh Chuhikhadan Gandai@pds| abcd
[2025-02-10 13:08:31] User -> FPS Added -> Khiragarh Chuhikhadan Gandai@pds| abcd
[2025-02-10 13:08:31] User -> FPS Added -> Khiragarh Chuhikhadan Gandai@pds| abcd
[2025-02-10 13:08:31] User -> FPS Added -> Khiragarh Chuhikhadan Gandai@pds| abcd
[2025-02-10 13:08:31] User -> FPS Added -> Khiragarh Chuhikhadan Gandai@pds| abcd
[2025-02-10 13:08:31] User -> FPS Added -> Khiragarh Chuhikhadan Gandai@pds| abcd
[2025-02-10 13:08:31] User -> FPS Added -> Khiragarh Chuhikhadan Gandai@pds| abcd
[2025-02-10 13:08:32] User -> FPS Added -> Khiragarh Chuhikhadan Gandai@pds| abcd
[2025-02-10 13:08:32] User -> FPS Added -> Khiragarh Chuhikhadan Gandai@pds| abcd
[2025-02-10 13:08:32] User -> FPS Added -> Khiragarh Chuhikhadan Gandai@pds| abcd
[2025-02-10 13:08:32] User -> FPS Added -> Khiragarh Chuhikhadan Gandai@pds| abcd
[2025-02-10 13:08:32] User -> FPS Added -> Khiragarh Chuhikhadan Gandai@pds| abcd
[2025-02-10 13:08:32] User -> FPS Added -> Khiragarh Chuhikhadan Gandai@pds| abcd
[2025-02-10 13:08:32] User -> FPS Added -> Khiragarh Chuhikhadan Gandai@pds| abcd
[2025-02-10 13:08:32] User -> FPS Added -> Khiragarh Chuhikhadan Gandai@pds| abcd
[2025-02-10 13:08:32] User -> FPS Added -> Khiragarh Chuhikhadan Gandai@pds| abcd
[2025-02-10 13:08:32] User -> FPS Added -> Khiragarh Chuhikhadan Gandai@pds| abcd
[2025-02-10 13:08:32] User -> FPS Added -> Khiragarh Chuhikhadan Gandai@pds| abcd
[2025-02-10 13:08:33] User -> FPS Added -> Khiragarh Chuhikhadan Gandai@pds| abcd
[2025-02-10 13:08:33] User -> FPS Added -> Khiragarh Chuhikhadan Gandai@pds| abcd
[2025-02-10 13:08:33] User -> FPS Added -> Khiragarh Chuhikhadan Gandai@pds| abcd
[2025-02-10 13:08:33] User -> FPS Added -> Khiragarh Chuhikhadan Gandai@pds| abcd
[2025-02-10 13:08:33] User -> FPS Added -> Khiragarh Chuhikhadan Gandai@pds| abcd
[2025-02-10 13:08:33] User -> FPS Added -> Khiragarh Chuhikhadan Gandai@pds| abcd
[2025-02-10 13:08:33] User -> FPS Added -> Khiragarh Chuhikhadan Gandai@pds| abcd
[2025-02-10 13:08:33] User -> FPS Added -> Khiragarh Chuhikhadan Gandai@pds| abcd
[2025-02-10 13:08:33] User -> FPS Added -> Khiragarh Chuhikhadan Gandai@pds| abcd
[2025-02-10 13:08:33] User -> FPS Added -> Khiragarh Chuhikhadan Gandai@pds| abcd
[2025-02-10 13:08:33] User -> FPS Added -> Khiragarh Chuhikhadan Gandai@pds| abcd
[2025-02-10 13:08:33] User -> FPS Added -> Khiragarh Chuhikhadan Gandai@pds| abcd
[2025-02-10 13:08:34] User -> FPS Added -> Khiragarh Chuhikhadan Gandai@pds| abcd
[2025-02-10 13:08:34] User -> FPS Added -> Khiragarh Chuhikhadan Gandai@pds| abcd
[2025-02-10 13:08:34] User -> FPS Added -> Khiragarh Chuhikhadan Gandai@pds| abcd
[2025-02-10 13:08:34] User -> FPS Added -> Khiragarh Chuhikhadan Gandai@pds| abcd
[2025-02-10 13:08:34] User -> FPS Added -> Khiragarh Chuhikhadan Gandai@pds| abcd
[2025-02-10 13:08:34] User -> FPS Added -> Khiragarh Chuhikhadan Gandai@pds| abcd
[2025-02-10 13:08:34] User -> FPS Added -> Khiragarh Chuhikhadan Gandai@pds| abcd
[2025-02-10 13:08:34] User -> FPS Added -> Khiragarh Chuhikhadan Gandai@pds| abcd
[2025-02-10 13:08:34] User -> FPS Added -> Khiragarh Chuhikhadan Gandai@pds| abcd
[2025-02-10 13:08:34] User -> FPS Added -> Khiragarh Chuhikhadan Gandai@pds| abcd
[2025-02-10 13:08:34] User -> FPS Added -> Khiragarh Chuhikhadan Gandai@pds| abcd
[2025-02-10 13:08:34] User -> FPS Added -> Khiragarh Chuhikhadan Gandai@pds| abcd
[2025-02-10 13:08:34] User -> FPS Added -> Khiragarh Chuhikhadan Gandai@pds| abcd
[2025-02-10 13:08:34] User -> FPS Added -> Khiragarh Chuhikhadan Gandai@pds| abcd
[2025-02-10 13:08:35] User -> FPS Added -> Khiragarh Chuhikhadan Gandai@pds| abcd
[2025-02-10 13:08:35] User -> FPS Added -> Khiragarh Chuhikhadan Gandai@pds| abcd
[2025-02-10 13:08:35] User -> FPS Added -> Khiragarh Chuhikhadan Gandai@pds| abcd
[2025-02-10 13:08:35] User -> FPS Added -> Khiragarh Chuhikhadan Gandai@pds| abcd
[2025-02-10 13:08:35] User -> FPS Added -> Khiragarh Chuhikhadan Gandai@pds| abcd
[2025-02-10 13:08:35] User -> FPS Added -> Khiragarh Chuhikhadan Gandai@pds| abcd
[2025-02-10 13:08:35] User -> FPS Added -> Khiragarh Chuhikhadan Gandai@pds| abcd
[2025-02-10 13:08:35] User -> FPS Added -> Khiragarh Chuhikhadan Gandai@pds| abcd
[2025-02-10 13:08:35] User -> FPS Added -> Khiragarh Chuhikhadan Gandai@pds| abcd
[2025-02-10 13:08:35] User -> FPS Added -> Khiragarh Chuhikhadan Gandai@pds| abcd
[2025-02-10 13:08:35] User -> FPS Added -> Khiragarh Chuhikhadan Gandai@pds| abcd
[2025-02-10 13:08:35] User -> FPS Added -> Khiragarh Chuhikhadan Gandai@pds| abcd
[2025-02-10 13:08:36] User -> FPS Added -> Khiragarh Chuhikhadan Gandai@pds| abcd
[2025-02-10 13:08:36] User -> FPS Added -> Khiragarh Chuhikhadan Gandai@pds| abcd
[2025-02-10 13:08:36] User -> FPS Added -> Khiragarh Chuhikhadan Gandai@pds| abcd
[2025-02-10 13:08:36] User -> FPS Added -> Khiragarh Chuhikhadan Gandai@pds| abcd
[2025-02-10 13:08:36] User -> FPS Added -> Khiragarh Chuhikhadan Gandai@pds| abcd
[2025-02-10 13:08:36] User -> FPS Added -> Khiragarh Chuhikhadan Gandai@pds| abcd
[2025-02-10 13:08:36] User -> FPS Added -> Khiragarh Chuhikhadan Gandai@pds| abcd
[2025-02-10 13:08:36] User -> FPS Added -> Khiragarh Chuhikhadan Gandai@pds| abcd
[2025-02-10 13:08:36] User -> FPS Added -> Khiragarh Chuhikhadan Gandai@pds| abcd
[2025-02-10 13:08:36] User -> FPS Added -> Khiragarh Chuhikhadan Gandai@pds| abcd
[2025-02-10 13:08:36] User -> FPS Added -> Khiragarh Chuhikhadan Gandai@pds| abcd
[2025-02-10 13:08:36] User -> FPS Added -> Khiragarh Chuhikhadan Gandai@pds| abcd
[2025-02-10 13:08:36] User -> FPS Added -> Khiragarh Chuhikhadan Gandai@pds| abcd
[2025-02-10 13:08:37] User -> FPS Added -> Khiragarh Chuhikhadan Gandai@pds| abcd
[2025-02-10 13:08:37] User -> FPS Added -> Khiragarh Chuhikhadan Gandai@pds| abcd
[2025-02-10 13:08:37] User -> FPS Added -> Khiragarh Chuhikhadan Gandai@pds| abcd
[2025-02-10 13:08:37] User -> FPS Added -> Khiragarh Chuhikhadan Gandai@pds| abcd
[2025-02-10 13:08:37] User -> FPS Added -> Khiragarh Chuhikhadan Gandai@pds| abcd
[2025-02-10 13:08:37] User -> FPS Added -> Khiragarh Chuhikhadan Gandai@pds| abcd
[2025-02-10 13:08:37] User -> FPS Added -> Khiragarh Chuhikhadan Gandai@pds| abcd
[2025-02-10 13:08:37] User -> FPS Added -> Khiragarh Chuhikhadan Gandai@pds| abcd
[2025-02-10 13:08:37] User -> FPS Added -> Khiragarh Chuhikhadan Gandai@pds| abcd
[2025-02-10 13:08:37] User -> FPS Added -> Khiragarh Chuhikhadan Gandai@pds| abcd
[2025-02-10 13:08:37] User -> FPS Added -> Khiragarh Chuhikhadan Gandai@pds| abcd
[2025-02-10 13:08:37] User -> FPS Added -> Khiragarh Chuhikhadan Gandai@pds| abcd
[2025-02-10 13:08:38] User -> FPS Added -> Khiragarh Chuhikhadan Gandai@pds| abcd
[2025-02-10 13:08:38] User -> FPS Added -> Khiragarh Chuhikhadan Gandai@pds| abcd
[2025-02-10 13:08:38] User -> FPS Added -> Khiragarh Chuhikhadan Gandai@pds| abcd
[2025-02-10 13:08:38] User -> FPS Added -> Khiragarh Chuhikhadan Gandai@pds| abcd
[2025-02-10 13:08:38] User -> FPS Added -> Khiragarh Chuhikhadan Gandai@pds| abcd
[2025-02-10 13:08:38] User -> FPS Added -> Khiragarh Chuhikhadan Gandai@pds| abcd
[2025-02-10 13:08:38] User -> FPS Added -> Khiragarh Chuhikhadan Gandai@pds| abcd
[2025-02-10 13:08:38] User -> FPS Added -> Khiragarh Chuhikhadan Gandai@pds| abcd
[2025-02-10 13:08:38] User -> FPS Added -> Khiragarh Chuhikhadan Gandai@pds| abcd
[2025-02-10 13:08:38] User -> FPS Added -> Khiragarh Chuhikhadan Gandai@pds| abcd
[2025-02-10 13:08:38] User -> FPS Added -> Khiragarh Chuhikhadan Gandai@pds| abcd
[2025-02-10 13:08:38] User -> FPS Added -> Khiragarh Chuhikhadan Gandai@pds| abcd
[2025-02-10 13:08:38] User -> FPS Added -> Khiragarh Chuhikhadan Gandai@pds| abcd
[2025-02-10 13:08:38] User -> FPS Added -> Khiragarh Chuhikhadan Gandai@pds| abcd
[2025-02-10 13:08:39] User -> FPS Added -> Khiragarh Chuhikhadan Gandai@pds| abcd
[2025-02-10 13:08:39] User -> FPS Added -> Khiragarh Chuhikhadan Gandai@pds| abcd
[2025-02-10 13:08:39] User -> FPS Added -> Khiragarh Chuhikhadan Gandai@pds| abcd
[2025-02-10 13:08:39] User -> FPS Added -> Khiragarh Chuhikhadan Gandai@pds| abcd
[2025-02-10 13:08:39] User -> FPS Added -> Khiragarh Chuhikhadan Gandai@pds| abcd
[2025-02-10 13:08:39] User -> FPS Added -> Khiragarh Chuhikhadan Gandai@pds| abcd
[2025-02-10 13:08:39] User -> FPS Added -> Khiragarh Chuhikhadan Gandai@pds| abcd
[2025-02-10 13:08:39] User -> FPS Added -> Khiragarh Chuhikhadan Gandai@pds| abcd
[2025-02-10 13:08:39] User -> FPS Added -> Khiragarh Chuhikhadan Gandai@pds| abcd
[2025-02-10 13:08:39] User -> FPS Added -> Khiragarh Chuhikhadan Gandai@pds| abcd
[2025-02-10 13:08:39] User -> FPS Added -> Khiragarh Chuhikhadan Gandai@pds| abcd
[2025-02-10 13:08:40] User -> FPS Added -> Khiragarh Chuhikhadan Gandai@pds| abcd
[2025-02-10 13:08:40] User -> FPS Added -> Khiragarh Chuhikhadan Gandai@pds| abcd
[2025-02-10 13:08:40] User -> FPS Added -> Khiragarh Chuhikhadan Gandai@pds| abcd
[2025-02-10 13:08:40] User -> FPS Added -> Khiragarh Chuhikhadan Gandai@pds| abcd
[2025-02-10 13:08:40] User -> FPS Added -> Khiragarh Chuhikhadan Gandai@pds| abcd
[2025-02-10 13:08:40] User -> FPS Added -> Khiragarh Chuhikhadan Gandai@pds| abcd
[2025-02-10 13:08:40] User -> FPS Added -> Khiragarh Chuhikhadan Gandai@pds| abcd
[2025-02-10 13:08:40] User -> FPS Added -> Khiragarh Chuhikhadan Gandai@pds| abcd
[2025-02-10 13:08:40] User -> FPS Added -> Khiragarh Chuhikhadan Gandai@pds| abcd
[2025-02-10 13:08:40] User -> FPS Added -> Khiragarh Chuhikhadan Gandai@pds| abcd
[2025-02-10 13:08:40] User -> FPS Added -> Khiragarh Chuhikhadan Gandai@pds| abcd
[2025-02-10 13:08:40] User -> FPS Added -> Khiragarh Chuhikhadan Gandai@pds| abcd
[2025-02-10 13:08:40] User -> FPS Added -> Khiragarh Chuhikhadan Gandai@pds| abcd
[2025-02-10 13:08:41] User -> FPS Added -> Khiragarh Chuhikhadan Gandai@pds| abcd
[2025-02-10 13:08:41] User -> FPS Added -> Khiragarh Chuhikhadan Gandai@pds| abcd
[2025-02-10 13:08:41] User -> FPS Added -> Khiragarh Chuhikhadan Gandai@pds| abcd
[2025-02-10 13:08:41] User -> FPS Added -> Khiragarh Chuhikhadan Gandai@pds| abcd
[2025-02-10 13:08:41] User -> FPS Added -> Khiragarh Chuhikhadan Gandai@pds| abcd
[2025-02-10 13:08:41] User -> FPS Added -> Khiragarh Chuhikhadan Gandai@pds| abcd
[2025-02-10 13:08:41] User -> FPS Added -> Khiragarh Chuhikhadan Gandai@pds| abcd
[2025-02-10 13:08:41] User -> FPS Added -> Khiragarh Chuhikhadan Gandai@pds| abcd
[2025-02-10 13:08:41] User -> FPS Added -> Khiragarh Chuhikhadan Gandai@pds| abcd
[2025-02-10 13:08:41] User -> FPS Added -> Khiragarh Chuhikhadan Gandai@pds| abcd
[2025-02-10 13:08:41] User -> FPS Added -> Khiragarh Chuhikhadan Gandai@pds| abcd
[2025-02-10 13:08:41] User -> FPS Added -> Khiragarh Chuhikhadan Gandai@pds| abcd
[2025-02-10 13:08:41] User -> FPS Added -> Khiragarh Chuhikhadan Gandai@pds| abcd
[2025-02-10 13:08:42] User -> FPS Added -> Khiragarh Chuhikhadan Gandai@pds| abcd
[2025-02-10 13:08:42] User -> FPS Added -> Khiragarh Chuhikhadan Gandai@pds| abcd
[2025-02-10 13:08:42] User -> FPS Added -> Khiragarh Chuhikhadan Gandai@pds| abcd
[2025-02-10 13:08:42] User -> FPS Added -> Khiragarh Chuhikhadan Gandai@pds| abcd
[2025-02-10 13:08:42] User -> FPS Added -> Khiragarh Chuhikhadan Gandai@pds| abcd
[2025-02-10 13:08:42] User -> FPS Added -> Khiragarh Chuhikhadan Gandai@pds| abcd
[2025-02-10 13:08:42] User -> FPS Added -> Khiragarh Chuhikhadan Gandai@pds| abcd
[2025-02-10 13:08:42] User -> FPS Added -> Khiragarh Chuhikhadan Gandai@pds| abcd
[2025-02-10 13:08:42] User -> FPS Added -> Khiragarh Chuhikhadan Gandai@pds| abcd
[2025-02-10 13:08:42] User -> FPS Added -> Khiragarh Chuhikhadan Gandai@pds| abcd
[2025-02-10 13:08:42] User -> FPS Added -> Khiragarh Chuhikhadan Gandai@pds| abcd
[2025-02-10 13:08:42] User -> FPS Added -> Khiragarh Chuhikhadan Gandai@pds| abcd
[2025-02-10 13:08:43] User -> FPS Added -> Khiragarh Chuhikhadan Gandai@pds| abcd
[2025-02-10 13:08:43] User -> FPS Added -> Khiragarh Chuhikhadan Gandai@pds| abcd
[2025-02-10 13:08:43] User -> FPS Added -> Khiragarh Chuhikhadan Gandai@pds| abcd
[2025-02-10 13:08:43] User -> FPS Added -> Khiragarh Chuhikhadan Gandai@pds| abcd
[2025-02-10 13:08:43] User -> FPS Added -> Khiragarh Chuhikhadan Gandai@pds| abcd
[2025-02-10 13:08:43] User -> FPS Added -> Khiragarh Chuhikhadan Gandai@pds| abcd
[2025-02-10 13:08:43] User -> FPS Added -> Khiragarh Chuhikhadan Gandai@pds| abcd
[2025-02-10 13:08:43] User -> FPS Added -> Khiragarh Chuhikhadan Gandai@pds| abcd
[2025-02-10 13:08:43] User -> FPS Added -> Khiragarh Chuhikhadan Gandai@pds| abcd
[2025-02-10 13:08:43] User -> FPS Added -> Khiragarh Chuhikhadan Gandai@pds| abcd
[2025-02-10 13:08:43] User -> FPS Added -> Khiragarh Chuhikhadan Gandai@pds| abcd
[2025-02-10 15:56:54] district_user -> FPS Edit ->Balod@pds| Requested JSON -> {"name":"abcd","uniqueid":"FPS_666aec63986","active":"1","type":"Normal FPS","latitude":"19.2667","longitude":"80.5676","district":"Balod","id":"492007060","demand":"89","demand_rice":false}
[2025-02-10 15:57:19] district_user -> FPS Edit ->Balod@pds| Requested JSON -> {"name":"Abcd","uniqueid":"FPS_666aec63986","active":"1","type":"Normal FPS","latitude":"19.2667","longitude":"80.5676","district":"Balod","id":"492007060","demand":"89","demand_rice":false}
[2025-02-10 16:02:43] district_user -> FPS Edit ->Balod@pds| Requested JSON -> {"name":"Abcd","uniqueid":"FPS_666aec63986","active":"1","type":"Normal FPS","latitude":"19.2667","longitude":"80.5676","district":"Balod","id":"492007060","demand":"89","demand_rice":"0.5"}
[2025-02-10 16:31:03] district_user -> FPS Edit ->Balod@pds| Requested JSON -> {"name":"Abcd","uniqueid":"FPS_666aec63986","active":"1","type":"Normal FPS","latitude":"19.2667","longitude":"80.5676","district":"Balod","id":"492007060","demand":"89","demand_rice":0}
[2025-02-10 16:38:01] district_user -> FPS Edit ->Balod@pds| Requested JSON -> {"name":"Abcd","uniqueid":"FPS_666aec63986","active":"1","type":"Normal FPS","latitude":"19.2667","longitude":"80.5676","district":"Balod","id":"492007060","demand":"89.23","demand_rice":"10.45"}
[2025-02-10 16:45:21] district_user -> FPS Edit ->Balod@pds| Requested JSON -> {"name":"Abcd","uniqueid":"FPS_666aec63986","active":"1","type":"Normal FPS","latitude":"19.2667","longitude":"80.5676","district":"Balod","id":"492007060","demand":"89.23","demand_rice":0}
[2025-02-10 19:20:05] district_user -> FPS Edit ->Balod@pds| Requested JSON -> {"name":"abcd","uniqueid":"FPS_666aec7d31f","active":"1","type":"Normal FPS","latitude":"20.73860469","longitude":"80.82590733","district":"Balod","id":"432008074","demand":"135.91","demand_rice":"4.18"}
