[2026-02-24 12:04:05] User -> Mill deleted -> admin@pds| Requested JSON -> {"uid":"all"} | all
[2026-02-24 12:04:16] User -> Mill Added -> admin@pds| efg
[2026-02-24 12:04:16] User -> Mill Added -> admin@pds| efg
[2026-02-24 12:05:40] User -> Mill Edit ->admin@pds| Requested JSON -> {"name":"efg","uniqueid":"MILL_699d4668b4","active":"1","type":"arwa","latitude":"20.94683147","incoming_min_mota":"8","incoming_min_patla":"8","incoming_min_saran":"7","district":"Balod","id":"MA499842","milling_capacity":"170837","milling_capacity1":"418996","milling_capacity2":"303652","longitude":"81.22106552","outgoing_min_mota":"4870.9","outgoing_min_patla":"1660.039838","outgoing_min_saran":"16000"}
[2026-02-24 12:06:18] User -> Mill Edit ->admin@pds| Requested JSON -> {"name":"Efg","uniqueid":"MILL_699d4668b4","active":"1","type":"arwa","latitude":"20.94683147","incoming_min_mota":"8","incoming_min_patla":"8","incoming_min_saran":"7","district":"Balod","id":"MA499842","milling_capacity":"170837","milling_capacity1":"418996","milling_capacity2":"303652","longitude":"81.22106552","outgoing_min_mota":"4870.9","outgoing_min_patla":"11660.039838","outgoing_min_saran":"16000"}
[2026-02-24 15:20:49] User -> Mill deleted -> admin@pds| Requested JSON -> {"uid":"MILL_6996ee021d"} | efg
[2026-02-24 15:35:53] Admin User -> Save Data | implemeneted ->admin@pds| MA433115 - 1
[2026-02-24 15:35:53] Admin User -> Save Data | implemeneted ->admin@pds| MA433127 - 1
[2026-02-24 15:35:53] Admin User -> Save Data | implemeneted ->admin@pds| MA492472 - 1
[2026-02-24 15:35:53] Admin User -> Save Data | implemeneted ->admin@pds| MA492525 - 1
[2026-02-24 15:35:53] Admin User -> Save Data | implemeneted ->admin@pds| MA493210 - 1
[2026-02-24 15:35:53] Admin User -> Save Data | implemeneted ->admin@pds| MA493908 - 1
[2026-02-24 15:35:53] Admin User -> Save Data | implemeneted ->admin@pds| MA494787 - 1
[2026-02-24 15:35:53] Admin User -> Save Data | implemeneted ->admin@pds| MA495276 - 1
[2026-02-24 15:35:53] Admin User -> Save Data | implemeneted ->admin@pds| MA495288 - 1
[2026-02-24 15:35:53] Admin User -> Save Data | implemeneted ->admin@pds| MA495657 - 1
[2026-02-24 15:35:53] Admin User -> Save Data | implemeneted ->admin@pds| MA496616 - 1
[2026-02-24 15:35:53] Admin User -> Save Data | implemeneted ->admin@pds| MA497452 - 1
[2026-02-24 15:35:53] Admin User -> Save Data | implemeneted ->admin@pds| MA498740 - 1
[2026-02-24 15:35:53] Admin User -> Save Data | implemeneted ->admin@pds| MA499043 - 1
[2026-02-24 15:35:53] Admin User -> Save Data | implemeneted ->admin@pds| MA499372 - 1
[2026-02-24 15:35:53] Admin User -> Save Data | implemeneted ->admin@pds| MA499664 - 1
[2026-02-24 15:35:53] Admin User -> Save Data | implemeneted ->admin@pds| MA499842 - 1
[2026-02-24 15:35:53] Admin User -> Save Data | implemeneted ->admin@pds| MA499970 - 1
[2026-02-24 15:35:53] Admin User -> Save Data | implemeneted ->admin@pds| MA433115 - 1
[2026-02-24 15:35:53] Admin User -> Save Data | implemeneted ->admin@pds| MA433115 - 1
[2026-02-24 15:35:53] Admin User -> Save Data | implemeneted ->admin@pds| MA433127 - 1
[2026-02-24 15:35:53] Admin User -> Save Data | implemeneted ->admin@pds| MA433127 - 1
[2026-02-24 15:35:53] Admin User -> Save Data | implemeneted ->admin@pds| MA492472 - 1
[2026-02-24 15:35:53] Admin User -> Save Data | implemeneted ->admin@pds| MA492472 - 1
[2026-02-24 15:35:53] Admin User -> Save Data | implemeneted ->admin@pds| MA492525 - 1
[2026-02-24 15:35:53] Admin User -> Save Data | implemeneted ->admin@pds| MA492525 - 1
[2026-02-24 15:35:53] Admin User -> Save Data | implemeneted ->admin@pds| MA493210 - 1
[2026-02-24 15:35:53] Admin User -> Save Data | implemeneted ->admin@pds| MA493210 - 1
[2026-02-24 15:35:53] Admin User -> Save Data | implemeneted ->admin@pds| MA493908 - 1
[2026-02-24 15:35:53] Admin User -> Save Data | implemeneted ->admin@pds| MA493908 - 1
[2026-02-24 15:35:53] Admin User -> Save Data | implemeneted ->admin@pds| MA494787 - 1
[2026-02-24 15:35:53] Admin User -> Save Data | implemeneted ->admin@pds| MA494787 - 1
[2026-02-24 15:35:53] Admin User -> Save Data | implemeneted ->admin@pds| MA495276 - 1
[2026-02-24 15:35:53] Admin User -> Save Data | implemeneted ->admin@pds| MA495276 - 1
[2026-02-24 15:35:53] Admin User -> Save Data | implemeneted ->admin@pds| MA495288 - 1
[2026-02-24 15:35:53] Admin User -> Save Data | implemeneted ->admin@pds| MA495288 - 1
[2026-02-24 15:35:53] Admin User -> Save Data | implemeneted ->admin@pds| MA495657 - 1
[2026-02-24 15:35:53] Admin User -> Save Data | implemeneted ->admin@pds| MA495657 - 1
[2026-02-24 15:35:53] Admin User -> Save Data | implemeneted ->admin@pds| MA496616 - 1
[2026-02-24 15:35:53] Admin User -> Save Data | implemeneted ->admin@pds| MA496616 - 1
[2026-02-24 15:35:53] Admin User -> Save Data | implemeneted ->admin@pds| MA497452 - 1
[2026-02-24 15:35:53] Admin User -> Save Data | implemeneted ->admin@pds| MA497452 - 1
[2026-02-24 15:35:53] Admin User -> Save Data | implemeneted ->admin@pds| MA498740 - 1
[2026-02-24 15:35:53] Admin User -> Save Data | implemeneted ->admin@pds| MA498740 - 1
[2026-02-24 15:35:53] Admin User -> Save Data | implemeneted ->admin@pds| MA499043 - 1
[2026-02-24 15:35:53] Admin User -> Save Data | implemeneted ->admin@pds| MA499372 - 1
[2026-02-24 15:35:53] Admin User -> Save Data | implemeneted ->admin@pds| MA499372 - 1
[2026-02-24 15:35:53] Admin User -> Save Data | implemeneted ->admin@pds| MA499664 - 1
[2026-02-24 15:35:53] Admin User -> Save Data | implemeneted ->admin@pds| MA499664 - 1
[2026-02-24 15:35:53] Admin User -> Save Data | implemeneted ->admin@pds| MA499842 - 1
[2026-02-24 15:35:53] Admin User -> Save Data | implemeneted ->admin@pds| MA499842 - 1
[2026-02-24 15:35:53] Admin User -> Save Data | implemeneted ->admin@pds| MA499970 - 1
[2026-02-24 15:35:53] Admin User -> Save Data | implemeneted ->admin@pds| MA499970 - 1
