[2026-02-25 16:21:31] User -> Mill Updated -> admin@pds| efg
[2026-02-25 16:21:31] User -> Mill Updated -> admin@pds| efg
[2026-02-25 16:21:31] User -> Mill Updated -> admin@pds| efg
[2026-02-25 16:21:31] User -> Mill Updated -> admin@pds| efg
[2026-02-25 16:21:31] User -> Mill Updated -> admin@pds| efg
[2026-02-25 16:21:31] User -> Mill Updated -> admin@pds| efg
[2026-02-25 16:21:31] User -> Mill Updated -> admin@pds| efg
[2026-02-25 16:21:31] User -> Mill Updated -> admin@pds| efg
[2026-02-25 16:21:31] User -> Mill Updated -> admin@pds| efg
[2026-02-25 16:21:31] User -> Mill Updated -> admin@pds| efg
[2026-02-25 16:21:31] User -> Mill Updated -> admin@pds| efg
[2026-02-25 16:21:31] User -> Mill Updated -> admin@pds| efg
[2026-02-25 16:21:31] User -> Mill Updated -> admin@pds| efg
[2026-02-25 16:21:31] User -> Mill Updated -> admin@pds| efg
[2026-02-25 16:21:31] User -> Mill Updated -> admin@pds| efg
[2026-02-25 16:21:31] User -> Mill Updated -> admin@pds| efg
[2026-02-25 16:21:31] User -> Mill Updated -> admin@pds| efg
[2026-02-25 16:21:31] User -> Mill Updated -> admin@pds| efg
[2026-02-25 16:22:28] User -> Mill deleted -> admin@pds| Requested JSON -> {"uid":"all"} | all
[2026-02-25 16:22:38] User -> Mill Added -> admin@pds| efg
[2026-02-25 16:22:38] User -> Mill Added -> admin@pds| efg
[2026-02-25 16:22:38] User -> Mill Added -> admin@pds| efg
[2026-02-25 16:22:38] User -> Mill Added -> admin@pds| efg
[2026-02-25 16:22:38] User -> Mill Added -> admin@pds| efg
[2026-02-25 16:22:38] User -> Mill Added -> admin@pds| efg
[2026-02-25 16:22:38] User -> Mill Added -> admin@pds| efg
[2026-02-25 16:22:38] User -> Mill Added -> admin@pds| efg
[2026-02-25 16:22:38] User -> Mill Added -> admin@pds| efg
[2026-02-25 16:22:38] User -> Mill Added -> admin@pds| efg
[2026-02-25 16:22:38] User -> Mill Added -> admin@pds| efg
[2026-02-25 16:22:38] User -> Mill Added -> admin@pds| efg
[2026-02-25 16:22:38] User -> Mill Added -> admin@pds| efg
[2026-02-25 16:22:38] User -> Mill Added -> admin@pds| efg
[2026-02-25 16:22:38] User -> Mill Added -> admin@pds| efg
[2026-02-25 16:22:38] User -> Mill Added -> admin@pds| efg
[2026-02-25 16:22:38] User -> Mill Added -> admin@pds| efg
[2026-02-25 16:22:38] User -> Mill Added -> admin@pds| efg
[2026-02-25 16:22:45] User -> Mill InActive -> admin@pds| efg
[2026-02-25 16:22:46] User -> Mill Active -> admin@pds| efg
[2026-02-25 16:34:01] User -> Mill Edit ->admin@pds| Requested JSON -> {"name":"efgh","uniqueid":"MILL_699ed476dc","active":"1","type":"arwa","latitude":"20.94683147","incoming_min_mota":"8","incoming_min_patla":"8","incoming_min_saran":"7","district":"Balod","id":"MA499842","milling_capacity":"170837","milling_capacity1":"418996","milling_capacity2":"303652","longitude":"81.22106552","outgoing_min_mota":"4870.9","outgoing_min_patla":"1660.039838","outgoing_min_saran":"10358.2"}
[2026-02-25 16:34:14] User -> Mill Edit ->admin@pds| Requested JSON -> {"name":"Efg","uniqueid":"MILL_699ed476dc","active":"1","type":"arwa","latitude":"20.94683147","incoming_min_mota":"8","incoming_min_patla":"8","incoming_min_saran":"7","district":"Balod","id":"MA499842","milling_capacity":"170837","milling_capacity1":"418996","milling_capacity2":"303652","longitude":"81.22106552","outgoing_min_mota":"4870.9","outgoing_min_patla":"1660.039838","outgoing_min_saran":"10358.2"}
