[2026-03-30 14:52:29] district User -> Save Data | approve district change no ->Balod@pds| 43003101 - MA498657 - Mota
[2026-03-30 14:52:47] district User -> Save Data | approve district change no ->Balod@pds| 43003101 - MA498657 - Mota
[2026-03-30 14:53:06] district User -> Save Data | approve district change yes ->Balod@pds| 43003101 - MA498657 - Mota
[2026-03-30 14:57:38] district User -> Save Data | approve district change no ->Balod@pds| 43003701 - MA498657 - Mota
[2026-03-30 15:28:26] district User -> Save Data | approve district change no ->Balod@pds| 43003701 - MA498657 - Mota
[2026-03-30 16:03:27] district User -> Save Data | approve district change no ->Balod@pds| 43003801 - MA498657 - Mota
[2026-03-30 16:36:32] district User -> Save Data | approve district change yes ->Balod@pds| 43014502 - MA498657 - Mota
[2026-03-30 16:36:47] district User -> Save Data | approve district change no ->Balod@pds| 43017202 - MA498657 - Mota
[2026-03-30 16:41:34] district User -> Save Data | approve district change no ->Balod@pds| 49003001 - MA498657 - Mota
[2026-03-30 16:42:11] district User -> Save Data | approve district change no ->Balod@pds| 49003002 - MA498657 - Mota
[2026-03-30 16:57:59] district User -> Save Data | implemeneted ->Balod@pds| 43003101 - MA498657 - Mota
[2026-03-30 16:57:59] district User -> Save Data | implemeneted ->Balod@pds| 43003701 - MA498657 - Mota
[2026-03-30 16:57:59] district User -> Save Data | implemeneted ->Balod@pds| 43003801 - MA498657 - Mota
[2026-03-30 18:25:41] district User -> Save Data | approve district change no ->Balod@pds| MA432081 - 4325 - CentralFRKRice
[2026-03-30 18:25:58] district User -> Save Data | approve district change yes ->Balod@pds| MA432081 - 4325 - CentralFRKRice
[2026-03-30 18:25:58] district User -> Save Data | approve district change yes ->Balod@pds| MA494054 - 4337 - CentralFRKRice
[2026-03-30 18:26:12] district User -> Save Data | approve district change no ->Balod@pds| MA494581 - 4331 - CentralFRKRice
[2026-03-30 18:26:23] district User -> Save Data | approve district change yes ->Balod@pds| MA494859 - 4331 - CentralFRKRice
[2026-03-30 18:28:49] district User -> Save Data | approve district change no ->Balod@pds| MA495357 - 4333 - CentralFRKRice
[2026-03-30 18:34:41] district User -> Save Data | approve district change no ->Balod@pds| MA495580 - 4337 - CentralFRKRice
[2026-03-30 18:41:19] district User -> Save Data | approve district change no ->Balod@pds| 49003101 - MA498657 - Mota
[2026-03-30 18:41:19] district User -> Save Data | approve district change yes ->Balod@pds| 49004701 - MA498657 - Mota
[2026-03-30 18:41:45] district User -> Save Data | approve district change no ->Balod@pds| 43003201 - MA499372 - Mota
[2026-03-30 18:42:03] district User -> Save Data | approve district change no ->Balod@pds| 43014102 - MA499372 - Mota
[2026-03-30 18:56:27] district User -> Save Data | approve district change no ->Balod@pds| MA498657 - 4331 - CentralFRKRice
[2026-03-30 19:02:00] district User -> Save Data | approve district change no ->Balod@pds| MA498657 - 4331 - CentralFRKRice
[2026-03-30 19:02:34] district User -> Save Data | approve district change yes ->Balod@pds| MA498952 - 4325 - CentralFRKRice
[2026-03-30 19:02:34] district User -> Save Data | approve district change no ->Balod@pds| MA499424 - 4332 - CentralFRKRice
