[2026-03-01 19:57:29] User -> Warehouse Edit -> Admin@pds| asd
[2026-03-01 19:57:31] User -> Warehouse Edit -> Admin@pds| asd
[2026-03-01 19:57:32] User -> Warehouse Edit -> Admin@pds| asd
[2026-03-01 19:57:32] User -> Warehouse Edit -> Admin@pds| asd
[2026-03-01 19:57:32] User -> Warehouse Edit -> Admin@pds| asd
[2026-03-01 19:57:32] User -> Warehouse Edit -> Admin@pds| asd
[2026-03-01 20:01:23] User -> Warehouse Edit -> Admin@pds| asd
[2026-03-01 20:01:23] User -> Warehouse Edit -> Admin@pds| asd
[2026-03-01 20:01:23] User -> Warehouse Edit -> Admin@pds| asd
[2026-03-01 20:01:23] User -> Warehouse Edit -> Admin@pds| asd
[2026-03-01 20:01:23] User -> Warehouse Edit -> Admin@pds| asd
[2026-03-01 20:01:23] User -> Warehouse Edit -> Admin@pds| asd
[2026-03-01 20:11:47] User -> Warehouse Edit -> Admin@pds| asd
[2026-03-01 20:11:49] User -> Warehouse Edit -> Admin@pds| asd
[2026-03-01 20:11:51] User -> Warehouse Edit -> Admin@pds| asd
[2026-03-01 20:11:51] User -> Warehouse Edit -> Admin@pds| asd
[2026-03-01 20:11:51] User -> Warehouse Edit -> Admin@pds| asd
[2026-03-01 20:11:52] User -> Warehouse Edit -> Admin@pds| asd
[2026-03-01 23:00:47] User -> Mill Edit ->Admin@pds| Requested JSON -> {"name":"Mill","uniqueid":"MILL_69a4179ac5","active":"1","type":"arwa","latitude":"20.95010773","incoming_min_mota":"2900000","incoming_min_patla":false,"incoming_min_saran":false,"district":"Balod","id":"MA495517","milling_capacity":"44893.95","milling_capacity1":false,"milling_capacity2":false,"longitude":"81.23496874","outgoing_min_mota":"67.901","outgoing_min_patla":"67.901","outgoing_min_saran":"67.901"}
[2026-03-01 23:12:22] User -> Mill Edit ->Admin@pds| Requested JSON -> {"name":"Mill","uniqueid":"MILL_69a4179ac6","active":"1","type":"arwa","latitude":"20.94683147","incoming_min_mota":"7.27","incoming_min_patla":"200000","incoming_min_saran":false,"district":"Balod","id":"MA499842","milling_capacity":"10905","milling_capacity1":false,"milling_capacity2":false,"longitude":"81.22106552","outgoing_min_mota":"20.302","outgoing_min_patla":"20.302","outgoing_min_saran":"20.302"}
[2026-03-01 23:14:06] User -> Mill Edit ->Admin@pds| Requested JSON -> {"name":"Mill","uniqueid":"MILL_69a4179ace","active":"1","type":"arwa","latitude":"20.9092144","incoming_min_mota":"14.45","incoming_min_patla":false,"incoming_min_saran":"2900","district":"Balod","id":"MA496616","milling_capacity":"21675","milling_capacity1":false,"milling_capacity2":false,"longitude":"81.29207881","outgoing_min_mota":"35.476","outgoing_min_patla":"35.476","outgoing_min_saran":"35.476"}
[2026-03-01 23:20:57] User -> Mill deleted -> Admin@pds| Requested JSON -> {"uid":"all"} | all
[2026-03-01 23:22:23] User -> Mill Added -> Admin@pds| Mill
[2026-03-01 23:22:23] User -> Mill Added -> Admin@pds| Mill
[2026-03-01 23:22:23] User -> Mill Added -> Admin@pds| Mill
[2026-03-01 23:22:23] User -> Mill Added -> Admin@pds| Mill
[2026-03-01 23:22:23] User -> Mill Added -> Admin@pds| Mill
[2026-03-01 23:22:23] User -> Mill Added -> Admin@pds| Mill
[2026-03-01 23:22:23] User -> Mill Added -> Admin@pds| Mill
[2026-03-01 23:22:23] User -> Mill Added -> Admin@pds| Mill
[2026-03-01 23:22:23] User -> Mill Added -> Admin@pds| Mill
[2026-03-01 23:22:23] User -> Mill Added -> Admin@pds| Mill
[2026-03-01 23:22:24] User -> Mill Added -> Admin@pds| Mill
[2026-03-01 23:22:24] User -> Mill Added -> Admin@pds| Mill
[2026-03-01 23:22:24] User -> Mill Added -> Admin@pds| Mill
[2026-03-01 23:22:24] User -> Mill Added -> Admin@pds| Mill
[2026-03-01 23:22:24] User -> Mill Added -> Admin@pds| Mill
[2026-03-01 23:22:24] User -> Mill Added -> Admin@pds| Mill
[2026-03-01 23:22:24] User -> Mill Added -> Admin@pds| Mill
[2026-03-01 23:22:24] User -> Mill Added -> Admin@pds| Mill
[2026-03-01 23:22:24] User -> Mill Added -> Admin@pds| Mill
[2026-03-01 23:22:24] User -> Mill Added -> Admin@pds| Mill
[2026-03-01 23:22:24] User -> Mill Added -> Admin@pds| Mill
[2026-03-01 23:22:24] User -> Mill Added -> Admin@pds| Mill
[2026-03-01 23:22:24] User -> Mill Added -> Admin@pds| Mill
[2026-03-01 23:22:25] User -> Mill Added -> Admin@pds| Mill
[2026-03-01 23:22:25] User -> Mill Added -> Admin@pds| Mill
[2026-03-01 23:22:25] User -> Mill Added -> Admin@pds| Mill
[2026-03-01 23:22:25] User -> Mill Added -> Admin@pds| Mill
[2026-03-01 23:22:26] User -> Mill Added -> Admin@pds| Mill
[2026-03-01 23:22:26] User -> Mill Added -> Admin@pds| Mill
[2026-03-01 23:22:27] User -> Mill Added -> Admin@pds| Mill
[2026-03-01 23:22:29] User -> Mill Added -> Admin@pds| Mill
[2026-03-01 23:22:29] User -> Mill Added -> Admin@pds| Mill
[2026-03-01 23:22:30] User -> Mill Added -> Admin@pds| Mill
[2026-03-01 23:22:32] User -> Mill Added -> Admin@pds| Mill
[2026-03-01 23:22:32] User -> Mill Added -> Admin@pds| Mill
[2026-03-01 23:22:32] User -> Mill Added -> Admin@pds| Mill
[2026-03-01 23:22:32] User -> Mill Added -> Admin@pds| Mill
[2026-03-01 23:22:32] User -> Mill Added -> Admin@pds| Mill
[2026-03-01 23:22:32] User -> Mill Added -> Admin@pds| Mill
[2026-03-01 23:22:32] User -> Mill Added -> Admin@pds| Mill
[2026-03-01 23:22:32] User -> Mill Added -> Admin@pds| Mill
[2026-03-01 23:22:32] User -> Mill Added -> Admin@pds| Mill
[2026-03-01 23:22:32] User -> Mill Added -> Admin@pds| Mill
[2026-03-01 23:22:32] User -> Mill Added -> Admin@pds| Mill
[2026-03-01 23:22:32] User -> Mill Added -> Admin@pds| Mill
[2026-03-01 23:22:32] User -> Mill Added -> Admin@pds| Mill
[2026-03-01 23:22:32] User -> Mill Added -> Admin@pds| Mill
[2026-03-01 23:22:32] User -> Mill Added -> Admin@pds| Mill
[2026-03-01 23:22:32] User -> Mill Added -> Admin@pds| Mill
[2026-03-01 23:22:32] User -> Mill Added -> Admin@pds| Mill
[2026-03-01 23:22:32] User -> Mill Added -> Admin@pds| Mill
[2026-03-01 23:22:32] User -> Mill Added -> Admin@pds| Mill
[2026-03-01 23:22:32] User -> Mill Added -> Admin@pds| Mill
[2026-03-01 23:22:32] User -> Mill Added -> Admin@pds| Mill
[2026-03-01 23:22:32] User -> Mill Added -> Admin@pds| Mill
[2026-03-01 23:22:33] User -> Mill Added -> Admin@pds| Mill
[2026-03-01 23:22:33] User -> Mill Added -> Admin@pds| Mill
[2026-03-01 23:22:33] User -> Mill Added -> Admin@pds| Mill
[2026-03-01 23:22:33] User -> Mill Added -> Admin@pds| Mill
[2026-03-01 23:22:33] User -> Mill Added -> Admin@pds| Mill
[2026-03-01 23:22:33] User -> Mill Added -> Admin@pds| Mill
[2026-03-01 23:22:33] User -> Mill Added -> Admin@pds| Mill
[2026-03-01 23:22:33] User -> Mill Added -> Admin@pds| Mill
[2026-03-01 23:22:33] User -> Mill Added -> Admin@pds| Mill
[2026-03-01 23:22:33] User -> Mill Added -> Admin@pds| Mill
[2026-03-01 23:22:33] User -> Mill Added -> Admin@pds| Mill
[2026-03-01 23:22:33] User -> Mill Added -> Admin@pds| Mill
[2026-03-01 23:22:33] User -> Mill Added -> Admin@pds| Mill
[2026-03-01 23:22:33] User -> Mill Added -> Admin@pds| Mill
[2026-03-01 23:22:33] User -> Mill Added -> Admin@pds| Mill
[2026-03-01 23:22:33] User -> Mill Added -> Admin@pds| Mill
[2026-03-01 23:22:33] User -> Mill Added -> Admin@pds| Mill
[2026-03-01 23:22:33] User -> Mill Added -> Admin@pds| Mill
[2026-03-01 23:22:34] User -> Mill Added -> Admin@pds| Mill
[2026-03-01 23:22:34] User -> Mill Added -> Admin@pds| Mill
[2026-03-01 23:22:34] User -> Mill Added -> Admin@pds| Mill
[2026-03-01 23:22:35] User -> Mill Added -> Admin@pds| Mill
[2026-03-01 23:22:35] User -> Mill Added -> Admin@pds| Mill
[2026-03-01 23:22:35] User -> Mill Added -> Admin@pds| Mill
[2026-03-01 23:22:35] User -> Mill Added -> Admin@pds| Mill
[2026-03-01 23:22:35] User -> Mill Added -> Admin@pds| Mill
[2026-03-01 23:22:35] User -> Mill Added -> Admin@pds| Mill
[2026-03-01 23:22:35] User -> Mill Added -> Admin@pds| Mill
[2026-03-01 23:22:36] User -> Mill Added -> Admin@pds| Mill
[2026-03-01 23:22:36] User -> Mill Added -> Admin@pds| Mill
[2026-03-01 23:22:36] User -> Mill Added -> Admin@pds| Mill
[2026-03-01 23:22:36] User -> Mill Added -> Admin@pds| Mill
[2026-03-01 23:22:36] User -> Mill Added -> Admin@pds| Mill
[2026-03-01 23:22:36] User -> Mill Added -> Admin@pds| Mill
[2026-03-01 23:22:36] User -> Mill Added -> Admin@pds| Mill
[2026-03-01 23:22:36] User -> Mill Added -> Admin@pds| Mill
[2026-03-01 23:22:36] User -> Mill Added -> Admin@pds| Mill
[2026-03-01 23:22:36] User -> Mill Added -> Admin@pds| Mill
[2026-03-01 23:22:36] User -> Mill Added -> Admin@pds| Mill
[2026-03-01 23:22:36] User -> Mill Added -> Admin@pds| Mill
[2026-03-01 23:22:36] User -> Mill Added -> Admin@pds| Mill
[2026-03-01 23:22:36] User -> Mill Added -> Admin@pds| Mill
[2026-03-01 23:22:36] User -> Mill Added -> Admin@pds| Mill
[2026-03-01 23:22:36] User -> Mill Added -> Admin@pds| Mill
[2026-03-01 23:22:36] User -> Mill Added -> Admin@pds| Mill
[2026-03-01 23:22:36] User -> Mill Added -> Admin@pds| Mill
[2026-03-01 23:22:36] User -> Mill Added -> Admin@pds| Mill
[2026-03-01 23:22:36] User -> Mill Added -> Admin@pds| Mill
[2026-03-01 23:22:37] User -> Mill Added -> Admin@pds| Mill
[2026-03-01 23:22:37] User -> Mill Added -> Admin@pds| Mill
[2026-03-01 23:22:37] User -> Mill Added -> Admin@pds| Mill
[2026-03-01 23:22:37] User -> Mill Added -> Admin@pds| Mill
[2026-03-01 23:22:37] User -> Mill Added -> Admin@pds| Mill
[2026-03-01 23:22:37] User -> Mill Added -> Admin@pds| Mill
[2026-03-01 23:22:37] User -> Mill Added -> Admin@pds| Mill
[2026-03-01 23:22:37] User -> Mill Added -> Admin@pds| Mill
[2026-03-01 23:22:37] User -> Mill Added -> Admin@pds| Mill
[2026-03-01 23:22:37] User -> Mill Added -> Admin@pds| Mill
[2026-03-01 23:22:37] User -> Mill Added -> Admin@pds| Mill
[2026-03-01 23:22:37] User -> Mill Added -> Admin@pds| Mill
[2026-03-01 23:22:37] User -> Mill Added -> Admin@pds| Mill
[2026-03-01 23:22:37] User -> Mill Added -> Admin@pds| Mill
[2026-03-01 23:22:37] User -> Mill Added -> Admin@pds| Mill
[2026-03-01 23:22:37] User -> Mill Added -> Admin@pds| Mill
[2026-03-01 23:22:37] User -> Mill Added -> Admin@pds| Mill
[2026-03-01 23:22:37] User -> Mill Added -> Admin@pds| Mill
[2026-03-01 23:22:37] User -> Mill Added -> Admin@pds| Mill
[2026-03-01 23:22:37] User -> Mill Added -> Admin@pds| Mill
[2026-03-01 23:22:37] User -> Mill Added -> Admin@pds| Mill
[2026-03-01 23:22:38] User -> Mill Added -> Admin@pds| Mill
[2026-03-01 23:24:17] User -> Mill added ->Admin@pds| Requested JSON -> {"name":"abhg","type":"usna","latitude":"24.56","incoming_min_mota":"1000000","incoming_min_patla":"1000000","incoming_min_saran":"1000000","district":"Balod","id":"MILL1","milling_capacity":"890","milling_capacity1":"890","milling_capacity2":"890","longitude":"78.9","outgoing_min_mota":"879","outgoing_min_patla":"897","outgoing_min_saran":"789"}
[2026-03-01 23:25:47] User -> Mill added ->Admin@pds| Requested JSON -> {"name":"HJ","type":"arwa","latitude":"28.7","incoming_min_mota":"100000","incoming_min_patla":"100000","incoming_min_saran":"100000","district":"Balod","id":"1","milling_capacity":"45","milling_capacity1":"56","milling_capacity2":"67","longitude":"78","outgoing_min_mota":"90","outgoing_min_patla":"90","outgoing_min_saran":"90"}
[2026-03-01 23:31:11] User -> Mill added ->Admin@pds| Requested JSON -> {"name":"HJ","type":"arwa","latitude":"28.7","incoming_min_mota":"100000","incoming_min_patla":"100000","incoming_min_saran":"100000","district":"Balod","id":"2","milling_capacity":"45","milling_capacity1":"56","milling_capacity2":"67","longitude":"78","outgoing_min_mota":"90","outgoing_min_patla":"90","outgoing_min_saran":"90"}
[2026-03-01 23:35:09] User -> Mill added ->Admin@pds| Requested JSON -> {"name":"Quantam","type":"arwa","latitude":"28.9","incoming_min_mota":false,"incoming_min_patla":false,"incoming_min_saran":false,"district":"Balod","id":"Admin@pds","milling_capacity":"10000","milling_capacity1":"10000","milling_capacity2":"10000","longitude":"78.9","outgoing_min_mota":"8000","outgoing_min_patla":"8000","outgoing_min_saran":"8000"}
