[2026-03-02 01:26:55] User -> PC Edit ->admin@pds| Requested JSON -> {"name":"abc","uniqueid":"PC_6996edb02c63","active":"1","latitude":"20.888375","mota":"366.872","patla":"86.088","saran":"554.252","district":"Balod","id":"49004501","longitude":"1.054457"}
[2026-03-02 01:29:13] User -> PC Edit ->admin@pds| Requested JSON -> {"name":"Abc","uniqueid":"PC_6996edb02c63","active":"1","latitude":"20.888375","mota":"366.872","patla":"86.088","saran":"554.252","district":"Balod","id":"49004501","longitude":"70.054457"}
[2026-03-02 01:48:45] User -> Mill added ->admin@pds| Requested JSON -> {"name":"Maharstra Project","type":"arwa","latitude":"24","incoming_min_mota":"565","incoming_min_patla":"657","incoming_min_saran":"576","district":"Balod","id":"Balod@pds","milling_capacity":"657","milling_capacity1":"418996","milling_capacity2":"303652","longitude":"76","outgoing_min_mota":"765","outgoing_min_patla":"75","outgoing_min_saran":"7677"}
[2026-03-02 01:50:07] User -> Mill deleted -> admin@pds| Requested JSON -> {"uid":"all"} | all
[2026-03-02 01:52:21] User -> Mill Added -> admin@pds| efg
[2026-03-02 01:52:21] User -> Mill Added -> admin@pds| efg
[2026-03-02 01:52:21] User -> Mill Added -> admin@pds| efg
[2026-03-02 01:52:21] User -> Mill Added -> admin@pds| efg
[2026-03-02 01:52:21] User -> Mill Added -> admin@pds| efg
[2026-03-02 01:52:21] User -> Mill Added -> admin@pds| efg
[2026-03-02 01:52:21] User -> Mill Added -> admin@pds| efg
[2026-03-02 01:52:21] User -> Mill Added -> admin@pds| efg
[2026-03-02 01:52:21] User -> Mill Added -> admin@pds| efg
[2026-03-02 01:52:21] User -> Mill Added -> admin@pds| efg
[2026-03-02 01:52:21] User -> Mill Added -> admin@pds| efg
[2026-03-02 01:52:21] User -> Mill Added -> admin@pds| efg
[2026-03-02 01:52:21] User -> Mill Added -> admin@pds| efg
[2026-03-02 01:52:21] User -> Mill Added -> admin@pds| efg
[2026-03-02 01:52:21] User -> Mill Added -> admin@pds| efg
[2026-03-02 01:52:21] User -> Mill Added -> admin@pds| efg
[2026-03-02 01:52:21] User -> Mill Added -> admin@pds| efg
[2026-03-02 01:52:21] User -> Mill Added -> admin@pds| efg
[2026-03-02 01:52:21] User -> Mill Added -> admin@pds| Maharstra Project
[2026-03-02 01:58:57] User -> PC Edit ->admin@pds| Requested JSON -> {"name":"abc","uniqueid":"PC_6996edb02f8b","active":"1","latitude":"20.45795","mota":"196.856","patla":"214.844","saran":"200","district":"Balod","id":"43005301","longitude":"81.113944"}
[2026-03-02 02:02:24] User -> PC Edit ->admin@pds| Requested JSON -> {"name":"Abc","uniqueid":"PC_6996edb02c63","active":"1","latitude":"20.888375","mota":"366.872","patla":"86.088","saran":"554.252","district":"Balod","id":"1234","longitude":"70.054457"}
[2026-03-02 02:03:51] User -> PC deleted -> admin@pds| Requested JSON -> {"uid":"all"} | all
[2026-03-02 02:05:36] PC Added -> Abc by admin@pds
[2026-03-02 02:05:36] PC Added -> abc by admin@pds
[2026-03-02 02:05:36] PC Added -> abc by admin@pds
[2026-03-02 02:05:36] PC Added -> abc by admin@pds
[2026-03-02 02:05:36] PC Added -> abc by admin@pds
[2026-03-02 02:05:36] PC Added -> abc by admin@pds
[2026-03-02 02:05:36] PC Added -> abc by admin@pds
[2026-03-02 02:05:36] PC Added -> Abc by admin@pds
[2026-03-02 02:05:36] PC Added -> abc by admin@pds
[2026-03-02 02:05:36] PC Added -> abc by admin@pds
[2026-03-02 02:05:36] PC Added -> abc by admin@pds
[2026-03-02 02:05:36] PC Added -> abc by admin@pds
[2026-03-02 02:05:36] PC Added -> abc by admin@pds
[2026-03-02 02:05:36] PC Added -> abc by admin@pds
[2026-03-02 02:05:58] User -> PC Edit ->admin@pds| Requested JSON -> {"name":"Abc","uniqueid":"PC_69a4a318aa54","active":"1","latitude":"20.888375","mota":"36600000","patla":"86.088","saran":"554.252","district":"Balod","id":"49004501","longitude":"70.054457"}
[2026-03-02 02:06:19] User -> PC Edit -> admin@pds| Abc
[2026-03-02 02:06:19] User -> PC Edit -> admin@pds| abc
[2026-03-02 02:06:19] User -> PC Edit -> admin@pds| abc
[2026-03-02 02:06:19] User -> PC Edit -> admin@pds| abc
[2026-03-02 02:06:19] User -> PC Edit -> admin@pds| abc
[2026-03-02 02:06:19] User -> PC Edit -> admin@pds| abc
[2026-03-02 02:06:19] User -> PC Edit -> admin@pds| abc
[2026-03-02 02:06:19] User -> PC Edit -> admin@pds| Abc
[2026-03-02 02:06:19] User -> PC Edit -> admin@pds| abc
[2026-03-02 02:06:19] User -> PC Edit -> admin@pds| abc
[2026-03-02 02:06:19] User -> PC Edit -> admin@pds| abc
[2026-03-02 02:06:19] User -> PC Edit -> admin@pds| abc
[2026-03-02 02:06:19] User -> PC Edit -> admin@pds| abc
[2026-03-02 02:06:19] User -> PC Edit -> admin@pds| abc
[2026-03-02 02:06:44] User -> PC deleted -> admin@pds| Requested JSON -> {"uid":"all"} | all
[2026-03-02 02:07:01] PC Added -> Abc by admin@pds
[2026-03-02 02:07:01] PC Added -> abc by admin@pds
[2026-03-02 02:07:01] PC Added -> abc by admin@pds
[2026-03-02 02:07:01] PC Added -> abc by admin@pds
[2026-03-02 02:07:01] PC Added -> abc by admin@pds
[2026-03-02 02:07:01] PC Added -> abc by admin@pds
[2026-03-02 02:07:01] PC Added -> abc by admin@pds
[2026-03-02 02:07:01] PC Added -> Abc by admin@pds
[2026-03-02 02:07:01] PC Added -> abc by admin@pds
[2026-03-02 02:07:01] PC Added -> abc by admin@pds
[2026-03-02 02:07:01] PC Added -> abc by admin@pds
[2026-03-02 02:07:01] PC Added -> abc by admin@pds
[2026-03-02 02:07:01] PC Added -> abc by admin@pds
[2026-03-02 02:07:01] PC Added -> abc by admin@pds
[2026-03-02 02:07:13] User -> PC InActive -> admin@pds| abc
[2026-03-02 02:07:14] User -> PC Active -> admin@pds| abc
[2026-03-02 02:07:44] User -> PC Edit ->admin@pds| Requested JSON -> {"name":"Abc","uniqueid":"PC_69a4a36d026b","active":"1","latitude":"20.888375","mota":"36600000","patla":"86.088","saran":"554.252","district":"Balod","id":"49004501","longitude":"70.054457"}
[2026-03-02 02:07:58] User -> PC deleted -> admin@pds| Requested JSON -> {"uid":"PC_69a4a36d026b"} | Abc
[2026-03-02 02:08:13] User -> PC deleted -> admin@pds| Requested JSON -> {"uid":"all"} | all
[2026-03-02 02:08:29] PC Added -> Abc by admin@pds
[2026-03-02 02:08:29] PC Added -> abc by admin@pds
[2026-03-02 02:08:29] PC Added -> abc by admin@pds
[2026-03-02 02:08:29] PC Added -> abc by admin@pds
[2026-03-02 02:08:29] PC Added -> abc by admin@pds
[2026-03-02 02:08:29] PC Added -> abc by admin@pds
[2026-03-02 02:08:29] PC Added -> abc by admin@pds
[2026-03-02 02:08:29] PC Added -> Abc by admin@pds
[2026-03-02 02:08:29] PC Added -> abc by admin@pds
[2026-03-02 02:08:29] PC Added -> abc by admin@pds
[2026-03-02 02:08:29] PC Added -> abc by admin@pds
[2026-03-02 02:08:29] PC Added -> abc by admin@pds
[2026-03-02 02:08:29] PC Added -> abc by admin@pds
[2026-03-02 02:08:29] PC Added -> abc by admin@pds
[2026-03-02 02:12:45] User -> Mill added ->admin@pds| Requested JSON -> {"name":"Vishveshwar","type":"arwa","latitude":"30","incoming_min_mota":"565","incoming_min_patla":"657","incoming_min_saran":"576","district":"Balod","id":"Balod@pds","milling_capacity":"657","milling_capacity1":"4189","milling_capacity2":"1111","longitude":"80","outgoing_min_mota":"765","outgoing_min_patla":"75","outgoing_min_saran":"16000"}
[2026-03-02 02:13:02] User -> Mill InActive -> admin@pds| Vishveshwar
[2026-03-02 02:13:06] User -> Mill Active -> admin@pds| Vishveshwar
[2026-03-02 02:13:51] User -> Mill Edit ->admin@pds| Requested JSON -> {"name":"Vishveshwar","uniqueid":"MILL_69a4a4c599","active":"1","type":"arwa","latitude":"30","incoming_min_mota":"565","incoming_min_patla":"657","incoming_min_saran":"576","district":"Balod","id":"Balod@pds","milling_capacity":"65711111","milling_capacity1":"4189","milling_capacity2":"1111","longitude":"80","outgoing_min_mota":"765","outgoing_min_patla":"75","outgoing_min_saran":"16000"}
[2026-03-02 02:14:21] User -> Mill deleted -> admin@pds| Requested JSON -> {"uid":"MILL_69a4a4c599"} | Vishveshwar
[2026-03-02 02:21:50] User -> Mill Edit ->admin@pds| Requested JSON -> {"name":"efg","uniqueid":"MILL_69a49ffd4f","active":"1","type":"arwa","latitude":"20.94683147","incoming_min_mota":"8","incoming_min_patla":"8","incoming_min_saran":"7","district":"Balod","id":"MA499842","milling_capacity":"170837","milling_capacity1":"418996","milling_capacity2":"303652","longitude":"81.22106552","outgoing_min_mota":"4870.9","outgoing_min_patla":"1660.039838","outgoing_min_saran":"10358.2"}
[2026-03-02 02:22:37] User -> Mill Edit ->admin@pds| Requested JSON -> {"name":"Efg","uniqueid":"MILL_69a49ffd4f","active":"1","type":"arwa","latitude":"20.94683147","incoming_min_mota":"8","incoming_min_patla":"8","incoming_min_saran":"7","district":"Balod","id":"MA499842","milling_capacity":"170837","milling_capacity1":"418996","milling_capacity2":"303652","longitude":"81.22106552","outgoing_min_mota":"4870.9","outgoing_min_patla":"1660.039838","outgoing_min_saran":"10358.2"}
[2026-03-02 02:22:56] User -> Mill Edit ->admin@pds| Requested JSON -> {"name":"efg","uniqueid":"MILL_69a49ffd50","active":"1","type":"arwa","latitude":"20.88507439","incoming_min_mota":"3","incoming_min_patla":"7","incoming_min_saran":"8","district":"Balod","id":"MA492472","milling_capacity":"276980","milling_capacity1":"265238","milling_capacity2":"392396","longitude":"81.18405715","outgoing_min_mota":"8974.6366","outgoing_min_patla":"2912.841616","outgoing_min_saran":"4980.981"}
[2026-03-02 02:24:05] User -> Mill Edit ->admin@pds| Requested JSON -> {"name":"Efg","uniqueid":"MILL_69a49ffd4f","active":"1","type":"Normal Rice","latitude":"20.94683147","incoming_min_mota":"8","incoming_min_patla":"8","incoming_min_saran":"7","district":"Balod","id":"MA499842","milling_capacity":"170837","milling_capacity1":"418996","milling_capacity2":"303652","longitude":"81.22106552","outgoing_min_mota":"4870.9","outgoing_min_patla":"1660.039838","outgoing_min_saran":"10358.2"}
[2026-03-02 02:27:26] User -> Mill deleted -> admin@pds| Requested JSON -> {"uid":"all"} | all
[2026-03-02 02:27:43] User -> Mill Added -> admin@pds| Efg
[2026-03-02 02:27:43] User -> Mill Added -> admin@pds| Efg
[2026-03-02 02:27:43] User -> Mill Added -> admin@pds| efg
[2026-03-02 02:27:43] User -> Mill Added -> admin@pds| efg
[2026-03-02 02:27:43] User -> Mill Added -> admin@pds| efg
[2026-03-02 02:27:43] User -> Mill Added -> admin@pds| efg
[2026-03-02 02:27:43] User -> Mill Added -> admin@pds| efg
[2026-03-02 02:27:43] User -> Mill Added -> admin@pds| efg
[2026-03-02 02:27:43] User -> Mill Added -> admin@pds| efg
[2026-03-02 02:27:43] User -> Mill Added -> admin@pds| efg
[2026-03-02 02:27:43] User -> Mill Added -> admin@pds| efg
[2026-03-02 02:27:43] User -> Mill Added -> admin@pds| efg
[2026-03-02 02:27:43] User -> Mill Added -> admin@pds| efg
[2026-03-02 02:27:43] User -> Mill Added -> admin@pds| efg
[2026-03-02 02:27:43] User -> Mill Added -> admin@pds| efg
[2026-03-02 02:27:43] User -> Mill Added -> admin@pds| efg
[2026-03-02 02:27:43] User -> Mill Added -> admin@pds| efg
[2026-03-02 02:27:43] User -> Mill Added -> admin@pds| efg
[2026-03-02 02:27:43] User -> Mill Added -> admin@pds| Maharstra Project
[2026-03-02 02:32:08] User -> Warehouse Edit ->admin@pds| Requested JSON -> {"name":"asd","uniqueid":"WH_69a1f21c6394","active":"1","type":"motorable","latitude":"20.94683147","normal_rice":"45.00","state_frk_rice":"65.00","central_frk_rice":"78.00","storage_rice":"10","storage_state_frk_rice":"10000000.00","storage_central_frk_rice":"10000000.00","district":"Balod","id":"6","warehousetype":"swc","longitude":"78"}
[2026-03-02 02:41:00] User -> Warehouse added ->admin@pds| Requested JSON -> {"name":"Maharstra Project","type":"motorable","latitude":"35","normal_rice":"1000","state_frk_rice":"1000","central_frk_rice":"10000","storage_rice":"2","storage_state_frk_rice":"3","storage_central_frk_rice":"4","district":"Balod","id":"65656","warehousetype":"swc","longitude":"80"}
[2026-03-02 02:53:07] User -> Warehouse added ->admin@pds| Requested JSON -> {"name":"Maharstra Project","type":"motorable","latitude":"24","normal_rice":"10000.00","state_frk_rice":"10000.00","central_frk_rice":"20000.00","storage_rice":"2","storage_state_frk_rice":"3","storage_central_frk_rice":"4","district":"Balod","id":"6543","warehousetype":"swc","longitude":"76"}
[2026-03-02 03:04:37] User -> Warehouse Edit ->admin@pds| Requested JSON -> {"name":"asd","uniqueid":"WH_69a1f21ac3c0","active":"1","type":"motorable","latitude":"20.94683147","normal_rice":"45.00","state_frk_rice":"5666","central_frk_rice":"4555","storage_rice":"10000000.00","storage_state_frk_rice":"10000000.00","storage_central_frk_rice":"10000000.00","district":"Balod","id":"1","warehousetype":"swc","longitude":"78"}
[2026-03-02 11:36:04] User -> Warehouse deleted -> admin@pds| Requested JSON -> {"uid":"all"} | all
[2026-03-02 11:36:17] User -> Warehouse Added -> admin@pds| ABC
[2026-03-02 11:36:17] User -> Warehouse Added -> admin@pds| ABC
[2026-03-02 11:36:17] User -> Warehouse Added -> admin@pds| ABC
[2026-03-02 11:38:08] User -> Mill deleted -> admin@pds| Requested JSON -> {"uid":"all"} | all
[2026-03-02 11:38:20] User -> Mill Added -> admin@pds| efg
[2026-03-02 11:38:20] User -> Mill Added -> admin@pds| efg
[2026-03-02 11:38:20] User -> Mill Added -> admin@pds| efg
[2026-03-02 11:38:20] User -> Mill Added -> admin@pds| efg
[2026-03-02 11:38:20] User -> Mill Added -> admin@pds| efg
[2026-03-02 11:38:20] User -> Mill Added -> admin@pds| efg
[2026-03-02 11:38:20] User -> Mill Added -> admin@pds| efg
[2026-03-02 11:38:20] User -> Mill Added -> admin@pds| efg
[2026-03-02 11:38:20] User -> Mill Added -> admin@pds| efg
[2026-03-02 11:38:20] User -> Mill Added -> admin@pds| efg
[2026-03-02 11:38:20] User -> Mill Added -> admin@pds| efg
[2026-03-02 11:38:20] User -> Mill Added -> admin@pds| efg
[2026-03-02 11:38:20] User -> Mill Added -> admin@pds| efg
[2026-03-02 11:38:20] User -> Mill Added -> admin@pds| efg
[2026-03-02 11:38:20] User -> Mill Added -> admin@pds| efg
[2026-03-02 11:38:20] User -> Mill Added -> admin@pds| efg
[2026-03-02 11:38:20] User -> Mill Added -> admin@pds| efg
[2026-03-02 11:38:20] User -> Mill Added -> admin@pds| efg
[2026-03-02 11:42:05] User -> PC deleted -> admin@pds| Requested JSON -> {"uid":"all"} | all
[2026-03-02 11:42:21] PC Added -> Abc by admin@pds
[2026-03-02 11:42:21] PC Added -> abc by admin@pds
[2026-03-02 11:42:21] PC Added -> abc by admin@pds
[2026-03-02 11:42:21] PC Added -> abc by admin@pds
[2026-03-02 11:42:21] PC Added -> abc by admin@pds
[2026-03-02 11:42:21] PC Added -> abc by admin@pds
[2026-03-02 11:42:21] PC Added -> abc by admin@pds
[2026-03-02 11:42:21] PC Added -> abc by admin@pds
[2026-03-02 11:42:21] PC Added -> abc by admin@pds
[2026-03-02 11:42:21] PC Added -> abc by admin@pds
[2026-03-02 11:42:21] PC Added -> abc by admin@pds
[2026-03-02 11:42:21] PC Added -> abc by admin@pds
[2026-03-02 11:42:21] PC Added -> abc by admin@pds
[2026-03-02 11:42:21] PC Added -> abc by admin@pds
[2026-03-02 12:29:53] User -> Mill Edit ->admin@pds| Requested JSON -> {"name":"efg","uniqueid":"MILL_69a52954ad","active":"1","type":"Normal Rice","latitude":"20.95010773","incoming_min_mota":"8","incoming_min_patla":"8","incoming_min_saran":"7","district":"Balod","id":"MA495517","milling_capacity":"17","milling_capacity1":"418996","milling_capacity2":"303652","longitude":"81.23496874","outgoing_min_mota":"4870.9","outgoing_min_patla":"1660.039838","outgoing_min_saran":"10358.2"}
[2026-03-02 20:26:22] User -> Mill deleted -> admin@pds| Requested JSON -> {"uid":"all"} | all
[2026-03-02 20:26:36] User -> Mill Added -> admin@pds| Efg
[2026-03-02 20:26:36] User -> Mill Added -> admin@pds| efg
[2026-03-02 20:26:36] User -> Mill Added -> admin@pds| efg
[2026-03-02 20:26:36] User -> Mill Added -> admin@pds| efg
[2026-03-02 20:26:36] User -> Mill Added -> admin@pds| efg
[2026-03-02 20:26:36] User -> Mill Added -> admin@pds| efg
[2026-03-02 20:26:36] User -> Mill Added -> admin@pds| efg
[2026-03-02 20:26:36] User -> Mill Added -> admin@pds| efg
[2026-03-02 20:26:36] User -> Mill Added -> admin@pds| efg
[2026-03-02 20:26:36] User -> Mill Added -> admin@pds| efg
[2026-03-02 20:26:36] User -> Mill Added -> admin@pds| efg
[2026-03-02 20:26:36] User -> Mill Added -> admin@pds| efg
[2026-03-02 20:26:36] User -> Mill Added -> admin@pds| efg
[2026-03-02 20:26:36] User -> Mill Added -> admin@pds| efg
[2026-03-02 20:26:36] User -> Mill Added -> admin@pds| efg
[2026-03-02 20:26:36] User -> Mill Added -> admin@pds| efg
[2026-03-02 20:26:36] User -> Mill Added -> admin@pds| efg
[2026-03-02 20:26:36] User -> Mill Added -> admin@pds| efg
[2026-03-02 20:29:45] User -> Mill Edit ->admin@pds| Requested JSON -> {"name":"Efg","uniqueid":"MILL_69a5a524ae","active":"1","type":"Normal Rice","latitude":"20.95010773","incoming_min_mota":"8","incoming_min_patla":"8","incoming_min_saran":"7","district":"Balod","id":"MA495517","milling_capacity":"17","milling_capacity1":"418996","milling_capacity2":"303652","longitude":"81.23496874","outgoing_min_mota":"4","outgoing_min_patla":"1660.039838","outgoing_min_saran":"10358.2"}
[2026-03-02 20:29:58] User -> Mill Updated -> admin@pds| Efg
[2026-03-02 20:29:58] User -> Mill Updated -> admin@pds| efg
[2026-03-02 20:29:58] User -> Mill Updated -> admin@pds| efg
[2026-03-02 20:29:58] User -> Mill Updated -> admin@pds| efg
[2026-03-02 20:29:58] User -> Mill Updated -> admin@pds| efg
[2026-03-02 20:29:58] User -> Mill Updated -> admin@pds| efg
[2026-03-02 20:29:58] User -> Mill Updated -> admin@pds| efg
[2026-03-02 20:29:58] User -> Mill Updated -> admin@pds| efg
[2026-03-02 20:29:58] User -> Mill Updated -> admin@pds| efg
[2026-03-02 20:29:58] User -> Mill Updated -> admin@pds| efg
[2026-03-02 20:29:58] User -> Mill Updated -> admin@pds| efg
[2026-03-02 20:29:58] User -> Mill Updated -> admin@pds| efg
[2026-03-02 20:29:58] User -> Mill Updated -> admin@pds| efg
[2026-03-02 20:29:58] User -> Mill Updated -> admin@pds| efg
[2026-03-02 20:29:58] User -> Mill Updated -> admin@pds| efg
[2026-03-02 20:29:58] User -> Mill Updated -> admin@pds| efg
[2026-03-02 20:29:58] User -> Mill Updated -> admin@pds| efg
[2026-03-02 20:29:58] User -> Mill Updated -> admin@pds| efg
