[2026-03-08 00:07:15] User -> Warehouse Added -> admin@pds| Ghatlohanga
[2026-03-08 00:07:15] User -> Warehouse Added -> admin@pds| Jagdalpur
[2026-03-08 00:07:15] User -> Warehouse Added -> admin@pds| Karpanwand
[2026-03-08 00:07:15] User -> Warehouse Added -> admin@pds| Keshlur
[2026-03-08 00:07:15] User -> Warehouse Added -> admin@pds| Beejapur
[2026-03-08 00:07:15] User -> Warehouse Added -> admin@pds| Bhairamgarh
[2026-03-08 00:07:15] User -> Warehouse Added -> admin@pds| Bhopalpatanam
[2026-03-08 00:07:15] User -> Warehouse Added -> admin@pds| Dantewada
[2026-03-08 00:07:15] User -> Warehouse Added -> admin@pds| Gidam
[2026-03-08 00:07:15] User -> Warehouse Added -> admin@pds| Kuakonda
[2026-03-08 00:07:15] User -> Warehouse Added -> admin@pds| Antagarh
[2026-03-08 00:07:15] User -> Warehouse Added -> admin@pds| Bhanupratappur
[2026-03-08 00:07:15] User -> Warehouse Added -> admin@pds| Charama
[2026-03-08 00:07:15] User -> Warehouse Added -> admin@pds| Junwani
[2026-03-08 00:07:15] User -> Warehouse Added -> admin@pds| Kanker
[2026-03-08 00:07:15] User -> Warehouse Added -> admin@pds| Maakdi
[2026-03-08 00:07:15] User -> Warehouse Added -> admin@pds| Naraharpur
[2026-03-08 00:07:15] User -> Warehouse Added -> admin@pds| Pakhanjur
[2026-03-08 00:07:15] User -> Warehouse Added -> admin@pds| Badedongar
[2026-03-08 00:07:15] User -> Warehouse Added -> admin@pds| Keshkal
[2026-03-08 00:07:15] User -> Warehouse Added -> admin@pds| Kondagaon
[2026-03-08 00:07:15] User -> Warehouse Added -> admin@pds| Narayanpur
[2026-03-08 00:07:15] User -> Warehouse Added -> admin@pds| Dornapaal
[2026-03-08 00:07:15] User -> Warehouse Added -> admin@pds| Konta
[2026-03-08 00:07:15] User -> Warehouse Added -> admin@pds| Sukma
[2026-03-08 00:07:15] User -> Warehouse Added -> admin@pds| Bilha
[2026-03-08 00:07:15] User -> Warehouse Added -> admin@pds| Jayramnagar
[2026-03-08 00:07:15] User -> Warehouse Added -> admin@pds| Kargi Road
[2026-03-08 00:07:15] User -> Warehouse Added -> admin@pds| Lingiyadih
[2026-03-08 00:07:15] User -> Warehouse Added -> admin@pds| Saida
[2026-03-08 00:07:15] User -> Warehouse Added -> admin@pds| Takhatpur
[2026-03-08 00:07:15] User -> Warehouse Added -> admin@pds| Marwahi
[2026-03-08 00:07:15] User -> Warehouse Added -> admin@pds| Pendra Road
[2026-03-08 00:07:15] User -> Warehouse Added -> admin@pds| Akaltara
[2026-03-08 00:07:15] User -> Warehouse Added -> admin@pds| Champa
[2026-03-08 00:07:15] User -> Warehouse Added -> admin@pds| Naila
[2026-03-08 00:07:15] User -> Warehouse Added -> admin@pds| Katghora
[2026-03-08 00:07:15] User -> Warehouse Added -> admin@pds| Korba(Urga)
[2026-03-08 00:07:15] User -> Warehouse Added -> admin@pds| Paali
[2026-03-08 00:07:15] User -> Warehouse Added -> admin@pds| Barela
[2026-03-08 00:07:15] User -> Warehouse Added -> admin@pds| Dhapai
[2026-03-08 00:07:15] User -> Warehouse Added -> admin@pds| Lormi
[2026-03-08 00:07:15] User -> Warehouse Added -> admin@pds| Sargaon
[2026-03-08 00:07:15] User -> Warehouse Added -> admin@pds| Raigarh CWC-1
[2026-03-08 00:07:15] User -> Warehouse Added -> admin@pds| Raigarh Kirodhimal Nagar
[2026-03-08 00:07:15] User -> Warehouse Added -> admin@pds| SWC Dharmjaigarh
[2026-03-08 00:07:15] User -> Warehouse Added -> admin@pds| SWC Gharghora
[2026-03-08 00:07:15] User -> Warehouse Added -> admin@pds| SWC Kharsiya
[2026-03-08 00:07:15] User -> Warehouse Added -> admin@pds| SWC Lailunga
[2026-03-08 00:07:15] User -> Warehouse Added -> admin@pds| SWC Loharsing
[2026-03-08 00:07:15] User -> Warehouse Added -> admin@pds| SWC Loharsing-2(RGH)
[2026-03-08 00:07:15] User -> Warehouse Added -> admin@pds| Baradwar
[2026-03-08 00:07:15] User -> Warehouse Added -> admin@pds| Bodasagar
[2026-03-08 00:07:15] User -> Warehouse Added -> admin@pds| Chandrapur
[2026-03-08 00:07:15] User -> Warehouse Added -> admin@pds| Dabara
[2026-03-08 00:07:15] User -> Warehouse Added -> admin@pds| Sakti
[2026-03-08 00:07:15] User -> Warehouse Added -> admin@pds| Bilaigarh
[2026-03-08 00:07:15] User -> Warehouse Added -> admin@pds| SWC Baramkela
[2026-03-08 00:07:15] User -> Warehouse Added -> admin@pds| SWC Sarangarh
[2026-03-08 00:07:15] User -> Warehouse Added -> admin@pds| Balod
[2026-03-08 00:07:15] User -> Warehouse Added -> admin@pds| Chitoud
[2026-03-08 00:07:15] User -> Warehouse Added -> admin@pds| Doundi
[2026-03-08 00:07:15] User -> Warehouse Added -> admin@pds| Doundilohara
[2026-03-08 00:07:15] User -> Warehouse Added -> admin@pds| Gunderdehi
[2026-03-08 00:07:15] User -> Warehouse Added -> admin@pds| Bemetara
[2026-03-08 00:07:15] User -> Warehouse Added -> admin@pds| Berla-SWC (Rampurbhar)
[2026-03-08 00:07:15] User -> Warehouse Added -> admin@pds| Bhoinabhata
[2026-03-08 00:07:15] User -> Warehouse Added -> admin@pds| Saja(Durg)
[2026-03-08 00:07:15] User -> Warehouse Added -> admin@pds| ThanKhamhariya
[2026-03-08 00:07:15] User -> Warehouse Added -> admin@pds| Karanja Bhilai
[2026-03-08 00:07:15] User -> Warehouse Added -> admin@pds| Kodiya
[2026-03-08 00:07:15] User -> Warehouse Added -> admin@pds| Patan
[2026-03-08 00:07:15] User -> Warehouse Added -> admin@pds| SWC-Dhamdha
[2026-03-08 00:07:15] User -> Warehouse Added -> admin@pds| SWC-Durg
[2026-03-08 00:07:15] User -> Warehouse Added -> admin@pds| Bodla
[2026-03-08 00:07:15] User -> Warehouse Added -> admin@pds| Hathlewa
[2026-03-08 00:07:15] User -> Warehouse Added -> admin@pds| Pandariya
[2026-03-08 00:07:15] User -> Warehouse Added -> admin@pds| SWC Kawardha
[2026-03-08 00:07:15] User -> Warehouse Added -> admin@pds| Basantpur
[2026-03-08 00:07:15] User -> Warehouse Added -> admin@pds| Chhuriya
[2026-03-08 00:07:15] User -> Warehouse Added -> admin@pds| Dongargaon-SWC
[2026-03-08 00:07:15] User -> Warehouse Added -> admin@pds| Dongargarh
[2026-03-08 00:07:15] User -> Warehouse Added -> admin@pds| Tilai
[2026-03-08 00:07:15] User -> Warehouse Added -> admin@pds| Khairagarh
[2026-03-08 00:07:15] User -> Warehouse Added -> admin@pds| Chouki
[2026-03-08 00:07:15] User -> Warehouse Added -> admin@pds| Maanpur
[2026-03-08 00:07:15] User -> Warehouse Added -> admin@pds| Mohala
[2026-03-08 00:07:15] User -> Warehouse Added -> admin@pds| Arjuni-SWC
[2026-03-08 00:07:15] User -> Warehouse Added -> admin@pds| Balodabazar
[2026-03-08 00:07:15] User -> Warehouse Added -> admin@pds| Bhatapara CWC-1
[2026-03-08 00:07:15] User -> Warehouse Added -> admin@pds| Bhatapara CWC-2
[2026-03-08 00:07:15] User -> Warehouse Added -> admin@pds| Hathband
[2026-03-08 00:07:15] User -> Warehouse Added -> admin@pds| Kasdol
[2026-03-08 00:07:15] User -> Warehouse Added -> admin@pds| Kurud
[2026-03-08 00:07:15] User -> Warehouse Added -> admin@pds| Sihawa
[2026-03-08 00:07:15] User -> Warehouse Added -> admin@pds| SWC Dhamtari
[2026-03-08 00:07:15] User -> Warehouse Added -> admin@pds| Devbhog
[2026-03-08 00:07:15] User -> Warehouse Added -> admin@pds| Gariyaband
[2026-03-08 00:07:15] User -> Warehouse Added -> admin@pds| Mainpur
[2026-03-08 00:07:15] User -> Warehouse Added -> admin@pds| Rajim
[2026-03-08 00:07:15] User -> Warehouse Added -> admin@pds| Bagbahra
[2026-03-08 00:07:15] User -> Warehouse Added -> admin@pds| Basna
[2026-03-08 00:07:15] User -> Warehouse Added -> admin@pds| Mahasamund
[2026-03-08 00:07:15] User -> Warehouse Added -> admin@pds| Pithora
[2026-03-08 00:07:15] User -> Warehouse Added -> admin@pds| Saraypali
[2026-03-08 00:07:15] User -> Warehouse Added -> admin@pds| Abhanpur
[2026-03-08 00:07:15] User -> Warehouse Added -> admin@pds| Arang(Raipur)
[2026-03-08 00:07:15] User -> Warehouse Added -> admin@pds| Dharseevan
[2026-03-08 00:07:15] User -> Warehouse Added -> admin@pds| Gudhiyari
[2026-03-08 00:07:15] User -> Warehouse Added -> admin@pds| Mandir Hasoud
[2026-03-08 00:07:15] User -> Warehouse Added -> admin@pds| Nayapara(Raipur)
[2026-03-08 00:07:15] User -> Warehouse Added -> admin@pds| Neora
[2026-03-08 00:07:15] User -> Warehouse Added -> admin@pds| Raipur CWC-4
[2026-03-08 00:07:15] User -> Warehouse Added -> admin@pds| SWC Kharora
[2026-03-08 00:07:15] User -> Warehouse Added -> admin@pds| Jawahar Nagar
[2026-03-08 00:07:15] User -> Warehouse Added -> admin@pds| Kusmi
[2026-03-08 00:07:15] User -> Warehouse Added -> admin@pds| Rajpur
[2026-03-08 00:07:15] User -> Warehouse Added -> admin@pds| Ramanujgam
[2026-03-08 00:07:15] User -> Warehouse Added -> admin@pds| Sanaval
[2026-03-08 00:07:15] User -> Warehouse Added -> admin@pds| Vardrafnagar
[2026-03-08 00:07:15] User -> Warehouse Added -> admin@pds| Bagicha
[2026-03-08 00:07:15] User -> Warehouse Added -> admin@pds| Jashpur
[2026-03-08 00:07:15] User -> Warehouse Added -> admin@pds| Kunkuri
[2026-03-08 00:07:15] User -> Warehouse Added -> admin@pds| Pathalgaon
[2026-03-08 00:07:15] User -> Warehouse Added -> admin@pds| Pharsabhar-SWC
[2026-03-08 00:07:15] User -> Warehouse Added -> admin@pds| Baikunthpur
[2026-03-08 00:07:15] User -> Warehouse Added -> admin@pds| Ambikapur
[2026-03-08 00:07:15] User -> Warehouse Added -> admin@pds| Lakhanpur(Udaypur)
[2026-03-08 00:07:15] User -> Warehouse Added -> admin@pds| Sitapur
[2026-03-08 00:07:15] User -> Warehouse Added -> admin@pds| Pratappur
[2026-03-08 00:07:15] User -> Warehouse Added -> admin@pds| Surajpur
[2026-03-08 00:07:15] User -> Warehouse Added -> admin@pds| Vishrampur (Pandonagar)
[2026-03-08 00:07:15] User -> Warehouse Added -> admin@pds| Chirmiri-SWC
[2026-03-08 00:07:15] User -> Warehouse Added -> admin@pds| Janakpur
[2026-03-08 00:07:15] User -> Warehouse Added -> admin@pds| Manendragarh
[2026-03-08 00:09:12] User -> Warehouse Edit -> admin@pds| Ghatlohanga
[2026-03-08 00:09:12] User -> Warehouse Edit -> admin@pds| Jagdalpur
[2026-03-08 00:09:12] User -> Warehouse Edit -> admin@pds| Karpanwand
[2026-03-08 00:09:12] User -> Warehouse Edit -> admin@pds| Keshlur
[2026-03-08 00:09:12] User -> Warehouse Edit -> admin@pds| Beejapur
[2026-03-08 00:09:12] User -> Warehouse Edit -> admin@pds| Bhairamgarh
[2026-03-08 00:09:12] User -> Warehouse Edit -> admin@pds| Bhopalpatanam
[2026-03-08 00:09:12] User -> Warehouse Edit -> admin@pds| Dantewada
[2026-03-08 00:09:12] User -> Warehouse Edit -> admin@pds| Gidam
[2026-03-08 00:09:12] User -> Warehouse Edit -> admin@pds| Kuakonda
[2026-03-08 00:09:12] User -> Warehouse Edit -> admin@pds| Antagarh
[2026-03-08 00:09:12] User -> Warehouse Edit -> admin@pds| Bhanupratappur
[2026-03-08 00:09:12] User -> Warehouse Edit -> admin@pds| Charama
[2026-03-08 00:09:12] User -> Warehouse Edit -> admin@pds| Junwani
[2026-03-08 00:09:12] User -> Warehouse Edit -> admin@pds| Kanker
[2026-03-08 00:09:12] User -> Warehouse Edit -> admin@pds| Maakdi
[2026-03-08 00:09:12] User -> Warehouse Edit -> admin@pds| Naraharpur
[2026-03-08 00:09:12] User -> Warehouse Edit -> admin@pds| Pakhanjur
[2026-03-08 00:09:12] User -> Warehouse Edit -> admin@pds| Badedongar
[2026-03-08 00:09:12] User -> Warehouse Edit -> admin@pds| Keshkal
[2026-03-08 00:09:12] User -> Warehouse Edit -> admin@pds| Kondagaon
[2026-03-08 00:09:12] User -> Warehouse Edit -> admin@pds| Narayanpur
[2026-03-08 00:09:12] User -> Warehouse Edit -> admin@pds| Dornapaal
[2026-03-08 00:09:12] User -> Warehouse Edit -> admin@pds| Konta
[2026-03-08 00:09:12] User -> Warehouse Edit -> admin@pds| Sukma
[2026-03-08 00:09:12] User -> Warehouse Edit -> admin@pds| Bilha
[2026-03-08 00:09:12] User -> Warehouse Edit -> admin@pds| Jayramnagar
[2026-03-08 00:09:12] User -> Warehouse Edit -> admin@pds| Kargi Road
[2026-03-08 00:09:12] User -> Warehouse Edit -> admin@pds| Lingiyadih
[2026-03-08 00:09:12] User -> Warehouse Edit -> admin@pds| Saida
[2026-03-08 00:09:12] User -> Warehouse Edit -> admin@pds| Takhatpur
[2026-03-08 00:09:12] User -> Warehouse Edit -> admin@pds| Marwahi
[2026-03-08 00:09:12] User -> Warehouse Edit -> admin@pds| Pendra Road
[2026-03-08 00:09:12] User -> Warehouse Edit -> admin@pds| Akaltara
[2026-03-08 00:09:12] User -> Warehouse Edit -> admin@pds| Champa
[2026-03-08 00:09:12] User -> Warehouse Edit -> admin@pds| Naila
[2026-03-08 00:09:12] User -> Warehouse Edit -> admin@pds| Katghora
[2026-03-08 00:09:12] User -> Warehouse Edit -> admin@pds| Korba(Urga)
[2026-03-08 00:09:12] User -> Warehouse Edit -> admin@pds| Paali
[2026-03-08 00:09:12] User -> Warehouse Edit -> admin@pds| Barela
[2026-03-08 00:09:12] User -> Warehouse Edit -> admin@pds| Dhapai
[2026-03-08 00:09:12] User -> Warehouse Edit -> admin@pds| Lormi
[2026-03-08 00:09:12] User -> Warehouse Edit -> admin@pds| Sargaon
[2026-03-08 00:09:12] User -> Warehouse Edit -> admin@pds| Raigarh CWC-1
[2026-03-08 00:09:12] User -> Warehouse Edit -> admin@pds| Raigarh Kirodhimal Nagar
[2026-03-08 00:09:12] User -> Warehouse Edit -> admin@pds| SWC Dharmjaigarh
[2026-03-08 00:09:12] User -> Warehouse Edit -> admin@pds| SWC Gharghora
[2026-03-08 00:09:12] User -> Warehouse Edit -> admin@pds| SWC Kharsiya
[2026-03-08 00:09:12] User -> Warehouse Edit -> admin@pds| SWC Lailunga
[2026-03-08 00:09:12] User -> Warehouse Edit -> admin@pds| SWC Loharsing
[2026-03-08 00:09:12] User -> Warehouse Edit -> admin@pds| SWC Loharsing-2(RGH)
[2026-03-08 00:09:12] User -> Warehouse Edit -> admin@pds| Baradwar
[2026-03-08 00:09:12] User -> Warehouse Edit -> admin@pds| Bodasagar
[2026-03-08 00:09:12] User -> Warehouse Edit -> admin@pds| Chandrapur
[2026-03-08 00:09:12] User -> Warehouse Edit -> admin@pds| Dabara
[2026-03-08 00:09:12] User -> Warehouse Edit -> admin@pds| Sakti
[2026-03-08 00:09:12] User -> Warehouse Edit -> admin@pds| Bilaigarh
[2026-03-08 00:09:12] User -> Warehouse Edit -> admin@pds| SWC Baramkela
[2026-03-08 00:09:12] User -> Warehouse Edit -> admin@pds| SWC Sarangarh
[2026-03-08 00:09:12] User -> Warehouse Edit -> admin@pds| Balod
[2026-03-08 00:09:12] User -> Warehouse Edit -> admin@pds| Chitoud
[2026-03-08 00:09:12] User -> Warehouse Edit -> admin@pds| Doundi
[2026-03-08 00:09:12] User -> Warehouse Edit -> admin@pds| Doundilohara
[2026-03-08 00:09:12] User -> Warehouse Edit -> admin@pds| Gunderdehi
[2026-03-08 00:09:12] User -> Warehouse Edit -> admin@pds| Bemetara
[2026-03-08 00:09:12] User -> Warehouse Edit -> admin@pds| Berla-SWC (Rampurbhar)
[2026-03-08 00:09:12] User -> Warehouse Edit -> admin@pds| Bhoinabhata
[2026-03-08 00:09:12] User -> Warehouse Edit -> admin@pds| Saja(Durg)
[2026-03-08 00:09:12] User -> Warehouse Edit -> admin@pds| ThanKhamhariya
[2026-03-08 00:09:12] User -> Warehouse Edit -> admin@pds| Karanja Bhilai
[2026-03-08 00:09:12] User -> Warehouse Edit -> admin@pds| Kodiya
[2026-03-08 00:09:12] User -> Warehouse Edit -> admin@pds| Patan
[2026-03-08 00:09:12] User -> Warehouse Edit -> admin@pds| SWC-Dhamdha
[2026-03-08 00:09:12] User -> Warehouse Edit -> admin@pds| SWC-Durg
[2026-03-08 00:09:12] User -> Warehouse Edit -> admin@pds| Bodla
[2026-03-08 00:09:12] User -> Warehouse Edit -> admin@pds| Hathlewa
[2026-03-08 00:09:12] User -> Warehouse Edit -> admin@pds| Pandariya
[2026-03-08 00:09:12] User -> Warehouse Edit -> admin@pds| SWC Kawardha
[2026-03-08 00:09:12] User -> Warehouse Edit -> admin@pds| Basantpur
[2026-03-08 00:09:12] User -> Warehouse Edit -> admin@pds| Chhuriya
[2026-03-08 00:09:12] User -> Warehouse Edit -> admin@pds| Dongargaon-SWC
[2026-03-08 00:09:12] User -> Warehouse Edit -> admin@pds| Dongargarh
[2026-03-08 00:09:12] User -> Warehouse Edit -> admin@pds| Tilai
[2026-03-08 00:09:12] User -> Warehouse Edit -> admin@pds| Khairagarh
[2026-03-08 00:09:12] User -> Warehouse Edit -> admin@pds| Chouki
[2026-03-08 00:09:12] User -> Warehouse Edit -> admin@pds| Maanpur
[2026-03-08 00:09:12] User -> Warehouse Edit -> admin@pds| Mohala
[2026-03-08 00:09:12] User -> Warehouse Edit -> admin@pds| Arjuni-SWC
[2026-03-08 00:09:12] User -> Warehouse Edit -> admin@pds| Balodabazar
[2026-03-08 00:09:12] User -> Warehouse Edit -> admin@pds| Bhatapara CWC-1
[2026-03-08 00:09:12] User -> Warehouse Edit -> admin@pds| Bhatapara CWC-2
[2026-03-08 00:09:12] User -> Warehouse Edit -> admin@pds| Hathband
[2026-03-08 00:09:12] User -> Warehouse Edit -> admin@pds| Kasdol
[2026-03-08 00:09:12] User -> Warehouse Edit -> admin@pds| Kurud
[2026-03-08 00:09:12] User -> Warehouse Edit -> admin@pds| Sihawa
[2026-03-08 00:09:12] User -> Warehouse Edit -> admin@pds| SWC Dhamtari
[2026-03-08 00:09:12] User -> Warehouse Edit -> admin@pds| Devbhog
[2026-03-08 00:09:12] User -> Warehouse Edit -> admin@pds| Gariyaband
[2026-03-08 00:09:12] User -> Warehouse Edit -> admin@pds| Mainpur
[2026-03-08 00:09:12] User -> Warehouse Edit -> admin@pds| Rajim
[2026-03-08 00:09:12] User -> Warehouse Edit -> admin@pds| Bagbahra
[2026-03-08 00:09:12] User -> Warehouse Edit -> admin@pds| Basna
[2026-03-08 00:09:12] User -> Warehouse Edit -> admin@pds| Mahasamund
[2026-03-08 00:09:12] User -> Warehouse Edit -> admin@pds| Pithora
[2026-03-08 00:09:12] User -> Warehouse Edit -> admin@pds| Saraypali
[2026-03-08 00:09:12] User -> Warehouse Edit -> admin@pds| Abhanpur
[2026-03-08 00:09:12] User -> Warehouse Edit -> admin@pds| Arang(Raipur)
[2026-03-08 00:09:12] User -> Warehouse Edit -> admin@pds| Dharseevan
[2026-03-08 00:09:12] User -> Warehouse Edit -> admin@pds| Gudhiyari
[2026-03-08 00:09:12] User -> Warehouse Edit -> admin@pds| Mandir Hasoud
[2026-03-08 00:09:12] User -> Warehouse Edit -> admin@pds| Nayapara(Raipur)
[2026-03-08 00:09:12] User -> Warehouse Edit -> admin@pds| Neora
[2026-03-08 00:09:12] User -> Warehouse Edit -> admin@pds| Raipur CWC-4
[2026-03-08 00:09:12] User -> Warehouse Edit -> admin@pds| SWC Kharora
[2026-03-08 00:09:12] User -> Warehouse Edit -> admin@pds| Jawahar Nagar
[2026-03-08 00:09:12] User -> Warehouse Edit -> admin@pds| Kusmi
[2026-03-08 00:09:12] User -> Warehouse Edit -> admin@pds| Rajpur
[2026-03-08 00:09:12] User -> Warehouse Edit -> admin@pds| Ramanujgam
[2026-03-08 00:09:12] User -> Warehouse Edit -> admin@pds| Sanaval
[2026-03-08 00:09:12] User -> Warehouse Edit -> admin@pds| Vardrafnagar
[2026-03-08 00:09:12] User -> Warehouse Edit -> admin@pds| Bagicha
[2026-03-08 00:09:12] User -> Warehouse Edit -> admin@pds| Jashpur
[2026-03-08 00:09:12] User -> Warehouse Edit -> admin@pds| Kunkuri
[2026-03-08 00:09:12] User -> Warehouse Edit -> admin@pds| Pathalgaon
[2026-03-08 00:09:12] User -> Warehouse Edit -> admin@pds| Pharsabhar-SWC
[2026-03-08 00:09:12] User -> Warehouse Edit -> admin@pds| Baikunthpur
[2026-03-08 00:09:12] User -> Warehouse Edit -> admin@pds| Ambikapur
[2026-03-08 00:09:12] User -> Warehouse Edit -> admin@pds| Lakhanpur(Udaypur)
[2026-03-08 00:09:12] User -> Warehouse Edit -> admin@pds| Sitapur
[2026-03-08 00:09:12] User -> Warehouse Edit -> admin@pds| Pratappur
[2026-03-08 00:09:12] User -> Warehouse Edit -> admin@pds| Surajpur
[2026-03-08 00:09:12] User -> Warehouse Edit -> admin@pds| Vishrampur (Pandonagar)
[2026-03-08 00:09:12] User -> Warehouse Edit -> admin@pds| Chirmiri-SWC
[2026-03-08 00:09:12] User -> Warehouse Edit -> admin@pds| Janakpur
[2026-03-08 00:09:12] User -> Warehouse Edit -> admin@pds| Manendragarh
[2026-03-08 00:15:41] User -> Warehouse Edit -> admin@pds| Ghatlohanga
[2026-03-08 00:15:41] User -> Warehouse Edit -> admin@pds| Jagdalpur
[2026-03-08 00:15:41] User -> Warehouse Edit -> admin@pds| Karpanwand
[2026-03-08 00:15:41] User -> Warehouse Edit -> admin@pds| Keshlur
[2026-03-08 00:15:41] User -> Warehouse Edit -> admin@pds| Beejapur
[2026-03-08 00:15:41] User -> Warehouse Edit -> admin@pds| Bhairamgarh
[2026-03-08 00:15:41] User -> Warehouse Edit -> admin@pds| Bhopalpatanam
[2026-03-08 00:15:41] User -> Warehouse Edit -> admin@pds| Dantewada
[2026-03-08 00:15:41] User -> Warehouse Edit -> admin@pds| Gidam
[2026-03-08 00:15:41] User -> Warehouse Edit -> admin@pds| Kuakonda
[2026-03-08 00:15:41] User -> Warehouse Edit -> admin@pds| Antagarh
[2026-03-08 00:15:41] User -> Warehouse Edit -> admin@pds| Bhanupratappur
[2026-03-08 00:15:41] User -> Warehouse Edit -> admin@pds| Charama
[2026-03-08 00:15:41] User -> Warehouse Edit -> admin@pds| Junwani
[2026-03-08 00:15:41] User -> Warehouse Edit -> admin@pds| Kanker
[2026-03-08 00:15:41] User -> Warehouse Edit -> admin@pds| Maakdi
[2026-03-08 00:15:41] User -> Warehouse Edit -> admin@pds| Naraharpur
[2026-03-08 00:15:41] User -> Warehouse Edit -> admin@pds| Pakhanjur
[2026-03-08 00:15:41] User -> Warehouse Edit -> admin@pds| Badedongar
[2026-03-08 00:15:41] User -> Warehouse Edit -> admin@pds| Keshkal
[2026-03-08 00:15:41] User -> Warehouse Edit -> admin@pds| Kondagaon
[2026-03-08 00:15:41] User -> Warehouse Edit -> admin@pds| Narayanpur
[2026-03-08 00:15:41] User -> Warehouse Edit -> admin@pds| Dornapaal
[2026-03-08 00:15:41] User -> Warehouse Edit -> admin@pds| Konta
[2026-03-08 00:15:41] User -> Warehouse Edit -> admin@pds| Sukma
[2026-03-08 00:15:41] User -> Warehouse Edit -> admin@pds| Bilha
[2026-03-08 00:15:41] User -> Warehouse Edit -> admin@pds| Jayramnagar
[2026-03-08 00:15:41] User -> Warehouse Edit -> admin@pds| Kargi Road
[2026-03-08 00:15:41] User -> Warehouse Edit -> admin@pds| Lingiyadih
[2026-03-08 00:15:41] User -> Warehouse Edit -> admin@pds| Saida
[2026-03-08 00:15:41] User -> Warehouse Edit -> admin@pds| Takhatpur
[2026-03-08 00:15:41] User -> Warehouse Edit -> admin@pds| Marwahi
[2026-03-08 00:15:41] User -> Warehouse Edit -> admin@pds| Pendra Road
[2026-03-08 00:15:41] User -> Warehouse Edit -> admin@pds| Akaltara
[2026-03-08 00:15:41] User -> Warehouse Edit -> admin@pds| Champa
[2026-03-08 00:15:41] User -> Warehouse Edit -> admin@pds| Naila
[2026-03-08 00:15:41] User -> Warehouse Edit -> admin@pds| Katghora
[2026-03-08 00:15:41] User -> Warehouse Edit -> admin@pds| Korba(Urga)
[2026-03-08 00:15:41] User -> Warehouse Edit -> admin@pds| Paali
[2026-03-08 00:15:41] User -> Warehouse Edit -> admin@pds| Barela
[2026-03-08 00:15:41] User -> Warehouse Edit -> admin@pds| Dhapai
[2026-03-08 00:15:41] User -> Warehouse Edit -> admin@pds| Lormi
[2026-03-08 00:15:41] User -> Warehouse Edit -> admin@pds| Sargaon
[2026-03-08 00:15:41] User -> Warehouse Edit -> admin@pds| Raigarh CWC-1
[2026-03-08 00:15:41] User -> Warehouse Edit -> admin@pds| Raigarh Kirodhimal Nagar
[2026-03-08 00:15:41] User -> Warehouse Edit -> admin@pds| SWC Dharmjaigarh
[2026-03-08 00:15:41] User -> Warehouse Edit -> admin@pds| SWC Gharghora
[2026-03-08 00:15:41] User -> Warehouse Edit -> admin@pds| SWC Kharsiya
[2026-03-08 00:15:41] User -> Warehouse Edit -> admin@pds| SWC Lailunga
[2026-03-08 00:15:41] User -> Warehouse Edit -> admin@pds| SWC Loharsing
[2026-03-08 00:15:41] User -> Warehouse Edit -> admin@pds| SWC Loharsing-2(RGH)
[2026-03-08 00:15:41] User -> Warehouse Edit -> admin@pds| Baradwar
[2026-03-08 00:15:41] User -> Warehouse Edit -> admin@pds| Bodasagar
[2026-03-08 00:15:41] User -> Warehouse Edit -> admin@pds| Chandrapur
[2026-03-08 00:15:41] User -> Warehouse Edit -> admin@pds| Dabara
[2026-03-08 00:15:41] User -> Warehouse Edit -> admin@pds| Sakti
[2026-03-08 00:15:41] User -> Warehouse Edit -> admin@pds| Bilaigarh
[2026-03-08 00:15:41] User -> Warehouse Edit -> admin@pds| SWC Baramkela
[2026-03-08 00:15:41] User -> Warehouse Edit -> admin@pds| SWC Sarangarh
[2026-03-08 00:15:41] User -> Warehouse Edit -> admin@pds| Balod
[2026-03-08 00:15:41] User -> Warehouse Edit -> admin@pds| Chitoud
[2026-03-08 00:15:41] User -> Warehouse Edit -> admin@pds| Doundi
[2026-03-08 00:15:41] User -> Warehouse Edit -> admin@pds| Doundilohara
[2026-03-08 00:15:41] User -> Warehouse Edit -> admin@pds| Gunderdehi
[2026-03-08 00:15:41] User -> Warehouse Edit -> admin@pds| Bemetara
[2026-03-08 00:15:41] User -> Warehouse Edit -> admin@pds| Berla-SWC (Rampurbhar)
[2026-03-08 00:15:41] User -> Warehouse Edit -> admin@pds| Bhoinabhata
[2026-03-08 00:15:41] User -> Warehouse Edit -> admin@pds| Saja(Durg)
[2026-03-08 00:15:41] User -> Warehouse Edit -> admin@pds| ThanKhamhariya
[2026-03-08 00:15:41] User -> Warehouse Edit -> admin@pds| Karanja Bhilai
[2026-03-08 00:15:41] User -> Warehouse Edit -> admin@pds| Kodiya
[2026-03-08 00:15:41] User -> Warehouse Edit -> admin@pds| Patan
[2026-03-08 00:15:41] User -> Warehouse Edit -> admin@pds| SWC-Dhamdha
[2026-03-08 00:15:41] User -> Warehouse Edit -> admin@pds| SWC-Durg
[2026-03-08 00:15:41] User -> Warehouse Edit -> admin@pds| Bodla
[2026-03-08 00:15:41] User -> Warehouse Edit -> admin@pds| Hathlewa
[2026-03-08 00:15:41] User -> Warehouse Edit -> admin@pds| Pandariya
[2026-03-08 00:15:41] User -> Warehouse Edit -> admin@pds| SWC Kawardha
[2026-03-08 00:15:41] User -> Warehouse Edit -> admin@pds| Basantpur
[2026-03-08 00:15:41] User -> Warehouse Edit -> admin@pds| Chhuriya
[2026-03-08 00:15:41] User -> Warehouse Edit -> admin@pds| Dongargaon-SWC
[2026-03-08 00:15:41] User -> Warehouse Edit -> admin@pds| Dongargarh
[2026-03-08 00:15:41] User -> Warehouse Edit -> admin@pds| Tilai
[2026-03-08 00:15:41] User -> Warehouse Edit -> admin@pds| Khairagarh
[2026-03-08 00:15:41] User -> Warehouse Edit -> admin@pds| Chouki
[2026-03-08 00:15:41] User -> Warehouse Edit -> admin@pds| Maanpur
[2026-03-08 00:15:41] User -> Warehouse Edit -> admin@pds| Mohala
[2026-03-08 00:15:41] User -> Warehouse Edit -> admin@pds| Arjuni-SWC
[2026-03-08 00:15:41] User -> Warehouse Edit -> admin@pds| Balodabazar
[2026-03-08 00:15:41] User -> Warehouse Edit -> admin@pds| Bhatapara CWC-1
[2026-03-08 00:15:41] User -> Warehouse Edit -> admin@pds| Bhatapara CWC-2
[2026-03-08 00:15:41] User -> Warehouse Edit -> admin@pds| Hathband
[2026-03-08 00:15:41] User -> Warehouse Edit -> admin@pds| Kasdol
[2026-03-08 00:15:41] User -> Warehouse Edit -> admin@pds| Kurud
[2026-03-08 00:15:41] User -> Warehouse Edit -> admin@pds| Sihawa
[2026-03-08 00:15:41] User -> Warehouse Edit -> admin@pds| SWC Dhamtari
[2026-03-08 00:15:41] User -> Warehouse Edit -> admin@pds| Devbhog
[2026-03-08 00:15:41] User -> Warehouse Edit -> admin@pds| Gariyaband
[2026-03-08 00:15:41] User -> Warehouse Edit -> admin@pds| Mainpur
[2026-03-08 00:15:41] User -> Warehouse Edit -> admin@pds| Rajim
[2026-03-08 00:15:41] User -> Warehouse Edit -> admin@pds| Bagbahra
[2026-03-08 00:15:41] User -> Warehouse Edit -> admin@pds| Basna
[2026-03-08 00:15:41] User -> Warehouse Edit -> admin@pds| Mahasamund
[2026-03-08 00:15:41] User -> Warehouse Edit -> admin@pds| Pithora
[2026-03-08 00:15:41] User -> Warehouse Edit -> admin@pds| Saraypali
[2026-03-08 00:15:41] User -> Warehouse Edit -> admin@pds| Abhanpur
[2026-03-08 00:15:41] User -> Warehouse Edit -> admin@pds| Arang(Raipur)
[2026-03-08 00:15:41] User -> Warehouse Edit -> admin@pds| Dharseevan
[2026-03-08 00:15:41] User -> Warehouse Edit -> admin@pds| Gudhiyari
[2026-03-08 00:15:41] User -> Warehouse Edit -> admin@pds| Mandir Hasoud
[2026-03-08 00:15:41] User -> Warehouse Edit -> admin@pds| Nayapara(Raipur)
[2026-03-08 00:15:41] User -> Warehouse Edit -> admin@pds| Neora
[2026-03-08 00:15:41] User -> Warehouse Edit -> admin@pds| Raipur CWC-4
[2026-03-08 00:15:41] User -> Warehouse Edit -> admin@pds| SWC Kharora
[2026-03-08 00:15:41] User -> Warehouse Edit -> admin@pds| Jawahar Nagar
[2026-03-08 00:15:41] User -> Warehouse Edit -> admin@pds| Kusmi
[2026-03-08 00:15:41] User -> Warehouse Edit -> admin@pds| Rajpur
[2026-03-08 00:15:41] User -> Warehouse Edit -> admin@pds| Ramanujgam
[2026-03-08 00:15:41] User -> Warehouse Edit -> admin@pds| Sanaval
[2026-03-08 00:15:41] User -> Warehouse Edit -> admin@pds| Vardrafnagar
[2026-03-08 00:15:41] User -> Warehouse Edit -> admin@pds| Bagicha
[2026-03-08 00:15:41] User -> Warehouse Edit -> admin@pds| Jashpur
[2026-03-08 00:15:41] User -> Warehouse Edit -> admin@pds| Kunkuri
[2026-03-08 00:15:41] User -> Warehouse Edit -> admin@pds| Pathalgaon
[2026-03-08 00:15:41] User -> Warehouse Edit -> admin@pds| Pharsabhar-SWC
[2026-03-08 00:15:41] User -> Warehouse Edit -> admin@pds| Baikunthpur
[2026-03-08 00:15:41] User -> Warehouse Edit -> admin@pds| Ambikapur
[2026-03-08 00:15:41] User -> Warehouse Edit -> admin@pds| Lakhanpur(Udaypur)
[2026-03-08 00:15:41] User -> Warehouse Edit -> admin@pds| Sitapur
[2026-03-08 00:15:41] User -> Warehouse Edit -> admin@pds| Pratappur
[2026-03-08 00:15:41] User -> Warehouse Edit -> admin@pds| Surajpur
[2026-03-08 00:15:41] User -> Warehouse Edit -> admin@pds| Vishrampur (Pandonagar)
[2026-03-08 00:15:41] User -> Warehouse Edit -> admin@pds| Chirmiri-SWC
[2026-03-08 00:15:41] User -> Warehouse Edit -> admin@pds| Janakpur
[2026-03-08 00:15:41] User -> Warehouse Edit -> admin@pds| Manendragarh
[2026-03-08 00:18:53] User -> Warehouse Edit -> admin@pds| Ghatlohanga
[2026-03-08 00:18:53] User -> Warehouse Edit -> admin@pds| Jagdalpur
[2026-03-08 00:18:53] User -> Warehouse Edit -> admin@pds| Karpanwand
[2026-03-08 00:18:53] User -> Warehouse Edit -> admin@pds| Keshlur
[2026-03-08 00:18:53] User -> Warehouse Edit -> admin@pds| Beejapur
[2026-03-08 00:18:53] User -> Warehouse Edit -> admin@pds| Bhairamgarh
[2026-03-08 00:18:53] User -> Warehouse Edit -> admin@pds| Bhopalpatanam
[2026-03-08 00:18:53] User -> Warehouse Edit -> admin@pds| Dantewada
[2026-03-08 00:18:53] User -> Warehouse Edit -> admin@pds| Gidam
[2026-03-08 00:18:53] User -> Warehouse Edit -> admin@pds| Kuakonda
[2026-03-08 00:18:53] User -> Warehouse Edit -> admin@pds| Antagarh
[2026-03-08 00:18:53] User -> Warehouse Edit -> admin@pds| Bhanupratappur
[2026-03-08 00:18:53] User -> Warehouse Edit -> admin@pds| Charama
[2026-03-08 00:18:53] User -> Warehouse Edit -> admin@pds| Junwani
[2026-03-08 00:18:53] User -> Warehouse Edit -> admin@pds| Kanker
[2026-03-08 00:18:53] User -> Warehouse Edit -> admin@pds| Maakdi
[2026-03-08 00:18:53] User -> Warehouse Edit -> admin@pds| Naraharpur
[2026-03-08 00:18:53] User -> Warehouse Edit -> admin@pds| Pakhanjur
[2026-03-08 00:18:53] User -> Warehouse Edit -> admin@pds| Badedongar
[2026-03-08 00:18:53] User -> Warehouse Edit -> admin@pds| Keshkal
[2026-03-08 00:18:53] User -> Warehouse Edit -> admin@pds| Kondagaon
[2026-03-08 00:18:53] User -> Warehouse Edit -> admin@pds| Narayanpur
[2026-03-08 00:18:53] User -> Warehouse Edit -> admin@pds| Dornapaal
[2026-03-08 00:18:53] User -> Warehouse Edit -> admin@pds| Konta
[2026-03-08 00:18:53] User -> Warehouse Edit -> admin@pds| Sukma
[2026-03-08 00:18:53] User -> Warehouse Edit -> admin@pds| Bilha
[2026-03-08 00:18:53] User -> Warehouse Edit -> admin@pds| Jayramnagar
[2026-03-08 00:18:53] User -> Warehouse Edit -> admin@pds| Kargi Road
[2026-03-08 00:18:53] User -> Warehouse Edit -> admin@pds| Lingiyadih
[2026-03-08 00:18:53] User -> Warehouse Edit -> admin@pds| Saida
[2026-03-08 00:18:53] User -> Warehouse Edit -> admin@pds| Takhatpur
[2026-03-08 00:18:53] User -> Warehouse Edit -> admin@pds| Marwahi
[2026-03-08 00:18:53] User -> Warehouse Edit -> admin@pds| Pendra Road
[2026-03-08 00:18:53] User -> Warehouse Edit -> admin@pds| Akaltara
[2026-03-08 00:18:53] User -> Warehouse Edit -> admin@pds| Champa
[2026-03-08 00:18:53] User -> Warehouse Edit -> admin@pds| Naila
[2026-03-08 00:18:53] User -> Warehouse Edit -> admin@pds| Katghora
[2026-03-08 00:18:53] User -> Warehouse Edit -> admin@pds| Korba(Urga)
[2026-03-08 00:18:53] User -> Warehouse Edit -> admin@pds| Paali
[2026-03-08 00:18:53] User -> Warehouse Edit -> admin@pds| Barela
[2026-03-08 00:18:53] User -> Warehouse Edit -> admin@pds| Dhapai
[2026-03-08 00:18:53] User -> Warehouse Edit -> admin@pds| Lormi
[2026-03-08 00:18:53] User -> Warehouse Edit -> admin@pds| Sargaon
[2026-03-08 00:18:53] User -> Warehouse Edit -> admin@pds| Raigarh CWC-1
[2026-03-08 00:18:53] User -> Warehouse Edit -> admin@pds| Raigarh Kirodhimal Nagar
[2026-03-08 00:18:53] User -> Warehouse Edit -> admin@pds| SWC Dharmjaigarh
[2026-03-08 00:18:53] User -> Warehouse Edit -> admin@pds| SWC Gharghora
[2026-03-08 00:18:53] User -> Warehouse Edit -> admin@pds| SWC Kharsiya
[2026-03-08 00:18:53] User -> Warehouse Edit -> admin@pds| SWC Lailunga
[2026-03-08 00:18:53] User -> Warehouse Edit -> admin@pds| SWC Loharsing
[2026-03-08 00:18:53] User -> Warehouse Edit -> admin@pds| SWC Loharsing-2(RGH)
[2026-03-08 00:18:53] User -> Warehouse Edit -> admin@pds| Baradwar
[2026-03-08 00:18:53] User -> Warehouse Edit -> admin@pds| Bodasagar
[2026-03-08 00:18:53] User -> Warehouse Edit -> admin@pds| Chandrapur
[2026-03-08 00:18:53] User -> Warehouse Edit -> admin@pds| Dabara
[2026-03-08 00:18:53] User -> Warehouse Edit -> admin@pds| Sakti
[2026-03-08 00:18:53] User -> Warehouse Edit -> admin@pds| Bilaigarh
[2026-03-08 00:18:53] User -> Warehouse Edit -> admin@pds| SWC Baramkela
[2026-03-08 00:18:53] User -> Warehouse Edit -> admin@pds| SWC Sarangarh
[2026-03-08 00:18:53] User -> Warehouse Edit -> admin@pds| Balod
[2026-03-08 00:18:53] User -> Warehouse Edit -> admin@pds| Chitoud
[2026-03-08 00:18:53] User -> Warehouse Edit -> admin@pds| Doundi
[2026-03-08 00:18:53] User -> Warehouse Edit -> admin@pds| Doundilohara
[2026-03-08 00:18:53] User -> Warehouse Edit -> admin@pds| Gunderdehi
[2026-03-08 00:18:53] User -> Warehouse Edit -> admin@pds| Bemetara
[2026-03-08 00:18:53] User -> Warehouse Edit -> admin@pds| Berla-SWC (Rampurbhar)
[2026-03-08 00:18:53] User -> Warehouse Edit -> admin@pds| Bhoinabhata
[2026-03-08 00:18:53] User -> Warehouse Edit -> admin@pds| Saja(Durg)
[2026-03-08 00:18:53] User -> Warehouse Edit -> admin@pds| ThanKhamhariya
[2026-03-08 00:18:53] User -> Warehouse Edit -> admin@pds| Karanja Bhilai
[2026-03-08 00:18:53] User -> Warehouse Edit -> admin@pds| Kodiya
[2026-03-08 00:18:53] User -> Warehouse Edit -> admin@pds| Patan
[2026-03-08 00:18:53] User -> Warehouse Edit -> admin@pds| SWC-Dhamdha
[2026-03-08 00:18:53] User -> Warehouse Edit -> admin@pds| SWC-Durg
[2026-03-08 00:18:53] User -> Warehouse Edit -> admin@pds| Bodla
[2026-03-08 00:18:53] User -> Warehouse Edit -> admin@pds| Hathlewa
[2026-03-08 00:18:53] User -> Warehouse Edit -> admin@pds| Pandariya
[2026-03-08 00:18:53] User -> Warehouse Edit -> admin@pds| SWC Kawardha
[2026-03-08 00:18:53] User -> Warehouse Edit -> admin@pds| Basantpur
[2026-03-08 00:18:53] User -> Warehouse Edit -> admin@pds| Chhuriya
[2026-03-08 00:18:53] User -> Warehouse Edit -> admin@pds| Dongargaon-SWC
[2026-03-08 00:18:53] User -> Warehouse Edit -> admin@pds| Dongargarh
[2026-03-08 00:18:53] User -> Warehouse Edit -> admin@pds| Tilai
[2026-03-08 00:18:53] User -> Warehouse Edit -> admin@pds| Khairagarh
[2026-03-08 00:18:53] User -> Warehouse Edit -> admin@pds| Chouki
[2026-03-08 00:18:53] User -> Warehouse Edit -> admin@pds| Maanpur
[2026-03-08 00:18:53] User -> Warehouse Edit -> admin@pds| Mohala
[2026-03-08 00:18:53] User -> Warehouse Edit -> admin@pds| Arjuni-SWC
[2026-03-08 00:18:53] User -> Warehouse Edit -> admin@pds| Balodabazar
[2026-03-08 00:18:53] User -> Warehouse Edit -> admin@pds| Bhatapara CWC-1
[2026-03-08 00:18:53] User -> Warehouse Edit -> admin@pds| Bhatapara CWC-2
[2026-03-08 00:18:53] User -> Warehouse Edit -> admin@pds| Hathband
[2026-03-08 00:18:53] User -> Warehouse Edit -> admin@pds| Kasdol
[2026-03-08 00:18:53] User -> Warehouse Edit -> admin@pds| Kurud
[2026-03-08 00:18:53] User -> Warehouse Edit -> admin@pds| Sihawa
[2026-03-08 00:18:53] User -> Warehouse Edit -> admin@pds| SWC Dhamtari
[2026-03-08 00:18:53] User -> Warehouse Edit -> admin@pds| Devbhog
[2026-03-08 00:18:53] User -> Warehouse Edit -> admin@pds| Gariyaband
[2026-03-08 00:18:53] User -> Warehouse Edit -> admin@pds| Mainpur
[2026-03-08 00:18:53] User -> Warehouse Edit -> admin@pds| Rajim
[2026-03-08 00:18:53] User -> Warehouse Edit -> admin@pds| Bagbahra
[2026-03-08 00:18:53] User -> Warehouse Edit -> admin@pds| Basna
[2026-03-08 00:18:53] User -> Warehouse Edit -> admin@pds| Mahasamund
[2026-03-08 00:18:53] User -> Warehouse Edit -> admin@pds| Pithora
[2026-03-08 00:18:53] User -> Warehouse Edit -> admin@pds| Saraypali
[2026-03-08 00:18:53] User -> Warehouse Edit -> admin@pds| Abhanpur
[2026-03-08 00:18:53] User -> Warehouse Edit -> admin@pds| Arang(Raipur)
[2026-03-08 00:18:53] User -> Warehouse Edit -> admin@pds| Dharseevan
[2026-03-08 00:18:53] User -> Warehouse Edit -> admin@pds| Gudhiyari
[2026-03-08 00:18:53] User -> Warehouse Edit -> admin@pds| Mandir Hasoud
[2026-03-08 00:18:53] User -> Warehouse Edit -> admin@pds| Nayapara(Raipur)
[2026-03-08 00:18:53] User -> Warehouse Edit -> admin@pds| Neora
[2026-03-08 00:18:53] User -> Warehouse Edit -> admin@pds| Raipur CWC-4
[2026-03-08 00:18:53] User -> Warehouse Edit -> admin@pds| SWC Kharora
[2026-03-08 00:18:53] User -> Warehouse Edit -> admin@pds| Jawahar Nagar
[2026-03-08 00:18:53] User -> Warehouse Edit -> admin@pds| Kusmi
[2026-03-08 00:18:53] User -> Warehouse Edit -> admin@pds| Rajpur
[2026-03-08 00:18:53] User -> Warehouse Edit -> admin@pds| Ramanujgam
[2026-03-08 00:18:53] User -> Warehouse Edit -> admin@pds| Sanaval
[2026-03-08 00:18:53] User -> Warehouse Edit -> admin@pds| Vardrafnagar
[2026-03-08 00:18:53] User -> Warehouse Edit -> admin@pds| Bagicha
[2026-03-08 00:18:53] User -> Warehouse Edit -> admin@pds| Jashpur
[2026-03-08 00:18:53] User -> Warehouse Edit -> admin@pds| Kunkuri
[2026-03-08 00:18:53] User -> Warehouse Edit -> admin@pds| Pathalgaon
[2026-03-08 00:18:53] User -> Warehouse Edit -> admin@pds| Pharsabhar-SWC
[2026-03-08 00:18:53] User -> Warehouse Edit -> admin@pds| Baikunthpur
[2026-03-08 00:18:53] User -> Warehouse Edit -> admin@pds| Ambikapur
[2026-03-08 00:18:53] User -> Warehouse Edit -> admin@pds| Lakhanpur(Udaypur)
[2026-03-08 00:18:53] User -> Warehouse Edit -> admin@pds| Sitapur
[2026-03-08 00:18:53] User -> Warehouse Edit -> admin@pds| Pratappur
[2026-03-08 00:18:53] User -> Warehouse Edit -> admin@pds| Surajpur
[2026-03-08 00:18:53] User -> Warehouse Edit -> admin@pds| Vishrampur (Pandonagar)
[2026-03-08 00:18:53] User -> Warehouse Edit -> admin@pds| Chirmiri-SWC
[2026-03-08 00:18:53] User -> Warehouse Edit -> admin@pds| Janakpur
[2026-03-08 00:18:53] User -> Warehouse Edit -> admin@pds| Manendragarh
[2026-03-08 14:06:50] User -> Warehouse Edit -> admin@pds| Ghatlohanga
[2026-03-08 14:06:50] User -> Warehouse Edit -> admin@pds| Jagdalpur
[2026-03-08 14:06:50] User -> Warehouse Edit -> admin@pds| Karpanwand
[2026-03-08 14:06:50] User -> Warehouse Edit -> admin@pds| Keshlur
[2026-03-08 14:06:50] User -> Warehouse Edit -> admin@pds| Beejapur
[2026-03-08 14:06:50] User -> Warehouse Edit -> admin@pds| Bhairamgarh
[2026-03-08 14:06:50] User -> Warehouse Edit -> admin@pds| Bhopalpatanam
[2026-03-08 14:06:50] User -> Warehouse Edit -> admin@pds| Dantewada
[2026-03-08 14:06:50] User -> Warehouse Edit -> admin@pds| Gidam
[2026-03-08 14:06:50] User -> Warehouse Edit -> admin@pds| Kuakonda
[2026-03-08 14:06:50] User -> Warehouse Edit -> admin@pds| Antagarh
[2026-03-08 14:06:50] User -> Warehouse Edit -> admin@pds| Bhanupratappur
[2026-03-08 14:06:50] User -> Warehouse Edit -> admin@pds| Charama
[2026-03-08 14:06:50] User -> Warehouse Edit -> admin@pds| Junwani
[2026-03-08 14:06:50] User -> Warehouse Edit -> admin@pds| Kanker
[2026-03-08 14:06:50] User -> Warehouse Edit -> admin@pds| Maakdi
[2026-03-08 14:06:50] User -> Warehouse Edit -> admin@pds| Naraharpur
[2026-03-08 14:06:50] User -> Warehouse Edit -> admin@pds| Pakhanjur
[2026-03-08 14:06:50] User -> Warehouse Edit -> admin@pds| Badedongar
[2026-03-08 14:06:50] User -> Warehouse Edit -> admin@pds| Keshkal
[2026-03-08 14:06:50] User -> Warehouse Edit -> admin@pds| Kondagaon
[2026-03-08 14:06:50] User -> Warehouse Edit -> admin@pds| Narayanpur
[2026-03-08 14:06:50] User -> Warehouse Edit -> admin@pds| Dornapaal
[2026-03-08 14:06:50] User -> Warehouse Edit -> admin@pds| Konta
[2026-03-08 14:06:50] User -> Warehouse Edit -> admin@pds| Sukma
[2026-03-08 14:06:50] User -> Warehouse Edit -> admin@pds| Bilha
[2026-03-08 14:06:50] User -> Warehouse Edit -> admin@pds| Jayramnagar
[2026-03-08 14:06:50] User -> Warehouse Edit -> admin@pds| Kargi Road
[2026-03-08 14:06:50] User -> Warehouse Edit -> admin@pds| Lingiyadih
[2026-03-08 14:06:50] User -> Warehouse Edit -> admin@pds| Saida
[2026-03-08 14:06:50] User -> Warehouse Edit -> admin@pds| Takhatpur
[2026-03-08 14:06:50] User -> Warehouse Edit -> admin@pds| Marwahi
[2026-03-08 14:06:50] User -> Warehouse Edit -> admin@pds| Pendra Road
[2026-03-08 14:06:50] User -> Warehouse Edit -> admin@pds| Akaltara
[2026-03-08 14:06:50] User -> Warehouse Edit -> admin@pds| Champa
[2026-03-08 14:06:50] User -> Warehouse Edit -> admin@pds| Naila
[2026-03-08 14:06:50] User -> Warehouse Edit -> admin@pds| Katghora
[2026-03-08 14:06:50] User -> Warehouse Edit -> admin@pds| Korba(Urga)
[2026-03-08 14:06:50] User -> Warehouse Edit -> admin@pds| Paali
[2026-03-08 14:06:50] User -> Warehouse Edit -> admin@pds| Barela
[2026-03-08 14:06:50] User -> Warehouse Edit -> admin@pds| Dhapai
[2026-03-08 14:06:50] User -> Warehouse Edit -> admin@pds| Lormi
[2026-03-08 14:06:50] User -> Warehouse Edit -> admin@pds| Sargaon
[2026-03-08 14:06:50] User -> Warehouse Edit -> admin@pds| Raigarh CWC-1
[2026-03-08 14:06:50] User -> Warehouse Edit -> admin@pds| Raigarh Kirodhimal Nagar
[2026-03-08 14:06:50] User -> Warehouse Edit -> admin@pds| SWC Dharmjaigarh
[2026-03-08 14:06:50] User -> Warehouse Edit -> admin@pds| SWC Gharghora
[2026-03-08 14:06:50] User -> Warehouse Edit -> admin@pds| SWC Kharsiya
[2026-03-08 14:06:50] User -> Warehouse Edit -> admin@pds| SWC Lailunga
[2026-03-08 14:06:50] User -> Warehouse Edit -> admin@pds| SWC Loharsing
[2026-03-08 14:06:50] User -> Warehouse Edit -> admin@pds| SWC Loharsing-2(RGH)
[2026-03-08 14:06:50] User -> Warehouse Edit -> admin@pds| Baradwar
[2026-03-08 14:06:50] User -> Warehouse Edit -> admin@pds| Bodasagar
[2026-03-08 14:06:50] User -> Warehouse Edit -> admin@pds| Chandrapur
[2026-03-08 14:06:50] User -> Warehouse Edit -> admin@pds| Dabara
[2026-03-08 14:06:50] User -> Warehouse Edit -> admin@pds| Sakti
[2026-03-08 14:06:50] User -> Warehouse Edit -> admin@pds| Bilaigarh
[2026-03-08 14:06:50] User -> Warehouse Edit -> admin@pds| SWC Baramkela
[2026-03-08 14:06:50] User -> Warehouse Edit -> admin@pds| SWC Sarangarh
[2026-03-08 14:06:50] User -> Warehouse Edit -> admin@pds| Balod
[2026-03-08 14:06:50] User -> Warehouse Edit -> admin@pds| Chitoud
[2026-03-08 14:06:50] User -> Warehouse Edit -> admin@pds| Doundi
[2026-03-08 14:06:50] User -> Warehouse Edit -> admin@pds| Doundilohara
[2026-03-08 14:06:50] User -> Warehouse Edit -> admin@pds| Gunderdehi
[2026-03-08 14:06:50] User -> Warehouse Edit -> admin@pds| Bemetara
[2026-03-08 14:06:50] User -> Warehouse Edit -> admin@pds| Berla-SWC (Rampurbhar)
[2026-03-08 14:06:50] User -> Warehouse Edit -> admin@pds| Bhoinabhata
[2026-03-08 14:06:50] User -> Warehouse Edit -> admin@pds| Saja(Durg)
[2026-03-08 14:06:50] User -> Warehouse Edit -> admin@pds| ThanKhamhariya
[2026-03-08 14:06:50] User -> Warehouse Edit -> admin@pds| Karanja Bhilai
[2026-03-08 14:06:50] User -> Warehouse Edit -> admin@pds| Kodiya
[2026-03-08 14:06:50] User -> Warehouse Edit -> admin@pds| Patan
[2026-03-08 14:06:50] User -> Warehouse Edit -> admin@pds| SWC-Dhamdha
[2026-03-08 14:06:50] User -> Warehouse Edit -> admin@pds| SWC-Durg
[2026-03-08 14:06:50] User -> Warehouse Edit -> admin@pds| Bodla
[2026-03-08 14:06:50] User -> Warehouse Edit -> admin@pds| Hathlewa
[2026-03-08 14:06:50] User -> Warehouse Edit -> admin@pds| Pandariya
[2026-03-08 14:06:50] User -> Warehouse Edit -> admin@pds| SWC Kawardha
[2026-03-08 14:06:50] User -> Warehouse Edit -> admin@pds| Basantpur
[2026-03-08 14:06:50] User -> Warehouse Edit -> admin@pds| Chhuriya
[2026-03-08 14:06:50] User -> Warehouse Edit -> admin@pds| Dongargaon-SWC
[2026-03-08 14:06:50] User -> Warehouse Edit -> admin@pds| Dongargarh
[2026-03-08 14:06:50] User -> Warehouse Edit -> admin@pds| Tilai
[2026-03-08 14:06:50] User -> Warehouse Edit -> admin@pds| Khairagarh
[2026-03-08 14:06:50] User -> Warehouse Edit -> admin@pds| Chouki
[2026-03-08 14:06:50] User -> Warehouse Edit -> admin@pds| Maanpur
[2026-03-08 14:06:50] User -> Warehouse Edit -> admin@pds| Mohala
[2026-03-08 14:06:50] User -> Warehouse Edit -> admin@pds| Arjuni-SWC
[2026-03-08 14:06:50] User -> Warehouse Edit -> admin@pds| Balodabazar
[2026-03-08 14:06:50] User -> Warehouse Edit -> admin@pds| Bhatapara CWC-1
[2026-03-08 14:06:50] User -> Warehouse Edit -> admin@pds| Bhatapara CWC-2
[2026-03-08 14:06:50] User -> Warehouse Edit -> admin@pds| Hathband
[2026-03-08 14:06:50] User -> Warehouse Edit -> admin@pds| Kasdol
[2026-03-08 14:06:50] User -> Warehouse Edit -> admin@pds| Kurud
[2026-03-08 14:06:50] User -> Warehouse Edit -> admin@pds| Sihawa
[2026-03-08 14:06:50] User -> Warehouse Edit -> admin@pds| SWC Dhamtari
[2026-03-08 14:06:50] User -> Warehouse Edit -> admin@pds| Devbhog
[2026-03-08 14:06:50] User -> Warehouse Edit -> admin@pds| Gariyaband
[2026-03-08 14:06:50] User -> Warehouse Edit -> admin@pds| Mainpur
[2026-03-08 14:06:50] User -> Warehouse Edit -> admin@pds| Rajim
[2026-03-08 14:06:50] User -> Warehouse Edit -> admin@pds| Bagbahra
[2026-03-08 14:06:50] User -> Warehouse Edit -> admin@pds| Basna
[2026-03-08 14:06:50] User -> Warehouse Edit -> admin@pds| Mahasamund
[2026-03-08 14:06:50] User -> Warehouse Edit -> admin@pds| Pithora
[2026-03-08 14:06:50] User -> Warehouse Edit -> admin@pds| Saraypali
[2026-03-08 14:06:50] User -> Warehouse Edit -> admin@pds| Abhanpur
[2026-03-08 14:06:50] User -> Warehouse Edit -> admin@pds| Arang(Raipur)
[2026-03-08 14:06:50] User -> Warehouse Edit -> admin@pds| Dharseevan
[2026-03-08 14:06:50] User -> Warehouse Edit -> admin@pds| Gudhiyari
[2026-03-08 14:06:50] User -> Warehouse Edit -> admin@pds| Mandir Hasoud
[2026-03-08 14:06:50] User -> Warehouse Edit -> admin@pds| Nayapara(Raipur)
[2026-03-08 14:06:50] User -> Warehouse Edit -> admin@pds| Neora
[2026-03-08 14:06:50] User -> Warehouse Edit -> admin@pds| Raipur CWC-4
[2026-03-08 14:06:50] User -> Warehouse Edit -> admin@pds| SWC Kharora
[2026-03-08 14:06:50] User -> Warehouse Edit -> admin@pds| Jawahar Nagar
[2026-03-08 14:06:50] User -> Warehouse Edit -> admin@pds| Kusmi
[2026-03-08 14:06:50] User -> Warehouse Edit -> admin@pds| Rajpur
[2026-03-08 14:06:50] User -> Warehouse Edit -> admin@pds| Ramanujgam
[2026-03-08 14:06:50] User -> Warehouse Edit -> admin@pds| Sanaval
[2026-03-08 14:06:50] User -> Warehouse Edit -> admin@pds| Vardrafnagar
[2026-03-08 14:06:50] User -> Warehouse Edit -> admin@pds| Bagicha
[2026-03-08 14:06:50] User -> Warehouse Edit -> admin@pds| Jashpur
[2026-03-08 14:06:50] User -> Warehouse Edit -> admin@pds| Kunkuri
[2026-03-08 14:06:50] User -> Warehouse Edit -> admin@pds| Pathalgaon
[2026-03-08 14:06:50] User -> Warehouse Edit -> admin@pds| Pharsabhar-SWC
[2026-03-08 14:06:50] User -> Warehouse Edit -> admin@pds| Baikunthpur
[2026-03-08 14:06:50] User -> Warehouse Edit -> admin@pds| Ambikapur
[2026-03-08 14:06:50] User -> Warehouse Edit -> admin@pds| Lakhanpur(Udaypur)
[2026-03-08 14:06:50] User -> Warehouse Edit -> admin@pds| Sitapur
[2026-03-08 14:06:50] User -> Warehouse Edit -> admin@pds| Pratappur
[2026-03-08 14:06:50] User -> Warehouse Edit -> admin@pds| Surajpur
[2026-03-08 14:06:50] User -> Warehouse Edit -> admin@pds| Vishrampur (Pandonagar)
[2026-03-08 14:06:50] User -> Warehouse Edit -> admin@pds| Chirmiri-SWC
[2026-03-08 14:06:50] User -> Warehouse Edit -> admin@pds| Janakpur
[2026-03-08 14:06:50] User -> Warehouse Edit -> admin@pds| Manendragarh
[2026-03-08 14:07:55] User -> Warehouse Edit ->admin@pds| Requested JSON -> {"name":"Bhairamgarh","uniqueid":"WH_69ac705b2ce9","active":"1","type":"motorable","latitude":"19.0068701","normal_rice":"9.51","state_frk_rice":"16.00","central_frk_rice":"0.81","storage_rice":"951.00","storage_state_frk_rice":"1600.00","storage_central_frk_rice":"81.00","district":"Bijapur","id":"6202","warehousetype":"swc","longitude":"81.0648176"}
[2026-03-08 15:22:35] User -> Warehouse Edit -> admin@pds| Ghatlohanga
[2026-03-08 15:22:35] User -> Warehouse Edit -> admin@pds| Jagdalpur
[2026-03-08 15:22:35] User -> Warehouse Edit -> admin@pds| Karpanwand
[2026-03-08 15:22:35] User -> Warehouse Edit -> admin@pds| Keshlur
[2026-03-08 15:22:35] User -> Warehouse Edit -> admin@pds| Beejapur
[2026-03-08 15:22:35] User -> Warehouse Edit -> admin@pds| Bhairamgarh
[2026-03-08 15:22:35] User -> Warehouse Edit -> admin@pds| Bhopalpatanam
[2026-03-08 15:22:35] User -> Warehouse Edit -> admin@pds| Dantewada
[2026-03-08 15:22:35] User -> Warehouse Edit -> admin@pds| Gidam
[2026-03-08 15:22:35] User -> Warehouse Edit -> admin@pds| Kuakonda
[2026-03-08 15:22:35] User -> Warehouse Edit -> admin@pds| Antagarh
[2026-03-08 15:22:35] User -> Warehouse Edit -> admin@pds| Bhanupratappur
[2026-03-08 15:22:35] User -> Warehouse Edit -> admin@pds| Charama
[2026-03-08 15:22:35] User -> Warehouse Edit -> admin@pds| Junwani
[2026-03-08 15:22:35] User -> Warehouse Edit -> admin@pds| Kanker
[2026-03-08 15:22:35] User -> Warehouse Edit -> admin@pds| Maakdi
[2026-03-08 15:22:35] User -> Warehouse Edit -> admin@pds| Naraharpur
[2026-03-08 15:22:35] User -> Warehouse Edit -> admin@pds| Pakhanjur
[2026-03-08 15:22:35] User -> Warehouse Edit -> admin@pds| Badedongar
[2026-03-08 15:22:35] User -> Warehouse Edit -> admin@pds| Keshkal
[2026-03-08 15:22:35] User -> Warehouse Edit -> admin@pds| Kondagaon
[2026-03-08 15:22:35] User -> Warehouse Edit -> admin@pds| Narayanpur
[2026-03-08 15:22:35] User -> Warehouse Edit -> admin@pds| Dornapaal
[2026-03-08 15:22:35] User -> Warehouse Edit -> admin@pds| Konta
[2026-03-08 15:22:35] User -> Warehouse Edit -> admin@pds| Sukma
[2026-03-08 15:22:35] User -> Warehouse Edit -> admin@pds| Bilha
[2026-03-08 15:22:35] User -> Warehouse Edit -> admin@pds| Jayramnagar
[2026-03-08 15:22:35] User -> Warehouse Edit -> admin@pds| Kargi Road
[2026-03-08 15:22:35] User -> Warehouse Edit -> admin@pds| Lingiyadih
[2026-03-08 15:22:35] User -> Warehouse Edit -> admin@pds| Saida
[2026-03-08 15:22:35] User -> Warehouse Edit -> admin@pds| Takhatpur
[2026-03-08 15:22:35] User -> Warehouse Edit -> admin@pds| Marwahi
[2026-03-08 15:22:35] User -> Warehouse Edit -> admin@pds| Pendra Road
[2026-03-08 15:22:35] User -> Warehouse Edit -> admin@pds| Akaltara
[2026-03-08 15:22:35] User -> Warehouse Edit -> admin@pds| Champa
[2026-03-08 15:22:35] User -> Warehouse Edit -> admin@pds| Naila
[2026-03-08 15:22:35] User -> Warehouse Edit -> admin@pds| Katghora
[2026-03-08 15:22:35] User -> Warehouse Edit -> admin@pds| Korba(Urga)
[2026-03-08 15:22:35] User -> Warehouse Edit -> admin@pds| Paali
[2026-03-08 15:22:35] User -> Warehouse Edit -> admin@pds| Barela
[2026-03-08 15:22:35] User -> Warehouse Edit -> admin@pds| Dhapai
[2026-03-08 15:22:35] User -> Warehouse Edit -> admin@pds| Lormi
[2026-03-08 15:22:35] User -> Warehouse Edit -> admin@pds| Sargaon
[2026-03-08 15:22:35] User -> Warehouse Edit -> admin@pds| Raigarh CWC-1
[2026-03-08 15:22:35] User -> Warehouse Edit -> admin@pds| Raigarh Kirodhimal Nagar
[2026-03-08 15:22:35] User -> Warehouse Edit -> admin@pds| SWC Dharmjaigarh
[2026-03-08 15:22:35] User -> Warehouse Edit -> admin@pds| SWC Gharghora
[2026-03-08 15:22:35] User -> Warehouse Edit -> admin@pds| SWC Kharsiya
[2026-03-08 15:22:35] User -> Warehouse Edit -> admin@pds| SWC Lailunga
[2026-03-08 15:22:35] User -> Warehouse Edit -> admin@pds| SWC Loharsing
[2026-03-08 15:22:35] User -> Warehouse Edit -> admin@pds| SWC Loharsing-2(RGH)
[2026-03-08 15:22:35] User -> Warehouse Edit -> admin@pds| Baradwar
[2026-03-08 15:22:35] User -> Warehouse Edit -> admin@pds| Bodasagar
[2026-03-08 15:22:35] User -> Warehouse Edit -> admin@pds| Chandrapur
[2026-03-08 15:22:35] User -> Warehouse Edit -> admin@pds| Dabara
[2026-03-08 15:22:35] User -> Warehouse Edit -> admin@pds| Sakti
[2026-03-08 15:22:35] User -> Warehouse Edit -> admin@pds| Bilaigarh
[2026-03-08 15:22:35] User -> Warehouse Edit -> admin@pds| SWC Baramkela
[2026-03-08 15:22:35] User -> Warehouse Edit -> admin@pds| SWC Sarangarh
[2026-03-08 15:22:35] User -> Warehouse Edit -> admin@pds| Balod
[2026-03-08 15:22:35] User -> Warehouse Edit -> admin@pds| Chitoud
[2026-03-08 15:22:35] User -> Warehouse Edit -> admin@pds| Doundi
[2026-03-08 15:22:35] User -> Warehouse Edit -> admin@pds| Doundilohara
[2026-03-08 15:22:35] User -> Warehouse Edit -> admin@pds| Gunderdehi
[2026-03-08 15:22:35] User -> Warehouse Edit -> admin@pds| Bemetara
[2026-03-08 15:22:35] User -> Warehouse Edit -> admin@pds| Berla-SWC (Rampurbhar)
[2026-03-08 15:22:35] User -> Warehouse Edit -> admin@pds| Bhoinabhata
[2026-03-08 15:22:35] User -> Warehouse Edit -> admin@pds| Saja(Durg)
[2026-03-08 15:22:35] User -> Warehouse Edit -> admin@pds| ThanKhamhariya
[2026-03-08 15:22:35] User -> Warehouse Edit -> admin@pds| Karanja Bhilai
[2026-03-08 15:22:35] User -> Warehouse Edit -> admin@pds| Kodiya
[2026-03-08 15:22:35] User -> Warehouse Edit -> admin@pds| Patan
[2026-03-08 15:22:35] User -> Warehouse Edit -> admin@pds| SWC-Dhamdha
[2026-03-08 15:22:35] User -> Warehouse Edit -> admin@pds| SWC-Durg
[2026-03-08 15:22:35] User -> Warehouse Edit -> admin@pds| Bodla
[2026-03-08 15:22:35] User -> Warehouse Edit -> admin@pds| Hathlewa
[2026-03-08 15:22:35] User -> Warehouse Edit -> admin@pds| Pandariya
[2026-03-08 15:22:35] User -> Warehouse Edit -> admin@pds| SWC Kawardha
[2026-03-08 15:22:35] User -> Warehouse Edit -> admin@pds| Basantpur
[2026-03-08 15:22:35] User -> Warehouse Edit -> admin@pds| Chhuriya
[2026-03-08 15:22:35] User -> Warehouse Edit -> admin@pds| Dongargaon-SWC
[2026-03-08 15:22:35] User -> Warehouse Edit -> admin@pds| Dongargarh
[2026-03-08 15:22:35] User -> Warehouse Edit -> admin@pds| Tilai
[2026-03-08 15:22:35] User -> Warehouse Edit -> admin@pds| Khairagarh
[2026-03-08 15:22:35] User -> Warehouse Edit -> admin@pds| Chouki
[2026-03-08 15:22:35] User -> Warehouse Edit -> admin@pds| Maanpur
[2026-03-08 15:22:35] User -> Warehouse Edit -> admin@pds| Mohala
[2026-03-08 15:22:35] User -> Warehouse Edit -> admin@pds| Arjuni-SWC
[2026-03-08 15:22:35] User -> Warehouse Edit -> admin@pds| Balodabazar
[2026-03-08 15:22:35] User -> Warehouse Edit -> admin@pds| Bhatapara CWC-1
[2026-03-08 15:22:35] User -> Warehouse Edit -> admin@pds| Bhatapara CWC-2
[2026-03-08 15:22:35] User -> Warehouse Edit -> admin@pds| Hathband
[2026-03-08 15:22:35] User -> Warehouse Edit -> admin@pds| Kasdol
[2026-03-08 15:22:35] User -> Warehouse Edit -> admin@pds| Kurud
[2026-03-08 15:22:35] User -> Warehouse Edit -> admin@pds| Sihawa
[2026-03-08 15:22:35] User -> Warehouse Edit -> admin@pds| SWC Dhamtari
[2026-03-08 15:22:35] User -> Warehouse Edit -> admin@pds| Devbhog
[2026-03-08 15:22:35] User -> Warehouse Edit -> admin@pds| Gariyaband
[2026-03-08 15:22:36] User -> Warehouse Edit -> admin@pds| Mainpur
[2026-03-08 15:22:36] User -> Warehouse Edit -> admin@pds| Rajim
[2026-03-08 15:22:36] User -> Warehouse Edit -> admin@pds| Bagbahra
[2026-03-08 15:22:36] User -> Warehouse Edit -> admin@pds| Basna
[2026-03-08 15:22:36] User -> Warehouse Edit -> admin@pds| Mahasamund
[2026-03-08 15:22:36] User -> Warehouse Edit -> admin@pds| Pithora
[2026-03-08 15:22:36] User -> Warehouse Edit -> admin@pds| Saraypali
[2026-03-08 15:22:36] User -> Warehouse Edit -> admin@pds| Abhanpur
[2026-03-08 15:22:36] User -> Warehouse Edit -> admin@pds| Arang(Raipur)
[2026-03-08 15:22:36] User -> Warehouse Edit -> admin@pds| Dharseevan
[2026-03-08 15:22:36] User -> Warehouse Edit -> admin@pds| Gudhiyari
[2026-03-08 15:22:36] User -> Warehouse Edit -> admin@pds| Mandir Hasoud
[2026-03-08 15:22:36] User -> Warehouse Edit -> admin@pds| Nayapara(Raipur)
[2026-03-08 15:22:36] User -> Warehouse Edit -> admin@pds| Neora
[2026-03-08 15:22:36] User -> Warehouse Edit -> admin@pds| Raipur CWC-4
[2026-03-08 15:22:36] User -> Warehouse Edit -> admin@pds| SWC Kharora
[2026-03-08 15:22:36] User -> Warehouse Edit -> admin@pds| Jawahar Nagar
[2026-03-08 15:22:36] User -> Warehouse Edit -> admin@pds| Kusmi
[2026-03-08 15:22:36] User -> Warehouse Edit -> admin@pds| Rajpur
[2026-03-08 15:22:36] User -> Warehouse Edit -> admin@pds| Ramanujgam
[2026-03-08 15:22:36] User -> Warehouse Edit -> admin@pds| Sanaval
[2026-03-08 15:22:36] User -> Warehouse Edit -> admin@pds| Vardrafnagar
[2026-03-08 15:22:36] User -> Warehouse Edit -> admin@pds| Bagicha
[2026-03-08 15:22:36] User -> Warehouse Edit -> admin@pds| Jashpur
[2026-03-08 15:22:36] User -> Warehouse Edit -> admin@pds| Kunkuri
[2026-03-08 15:22:36] User -> Warehouse Edit -> admin@pds| Pathalgaon
[2026-03-08 15:22:36] User -> Warehouse Edit -> admin@pds| Pharsabhar-SWC
[2026-03-08 15:22:36] User -> Warehouse Edit -> admin@pds| Baikunthpur
[2026-03-08 15:22:36] User -> Warehouse Edit -> admin@pds| Ambikapur
[2026-03-08 15:22:36] User -> Warehouse Edit -> admin@pds| Lakhanpur(Udaypur)
[2026-03-08 15:22:36] User -> Warehouse Edit -> admin@pds| Sitapur
[2026-03-08 15:22:36] User -> Warehouse Edit -> admin@pds| Pratappur
[2026-03-08 15:22:36] User -> Warehouse Edit -> admin@pds| Surajpur
[2026-03-08 15:22:36] User -> Warehouse Edit -> admin@pds| Vishrampur (Pandonagar)
[2026-03-08 15:22:36] User -> Warehouse Edit -> admin@pds| Chirmiri-SWC
[2026-03-08 15:22:36] User -> Warehouse Edit -> admin@pds| Janakpur
[2026-03-08 15:22:36] User -> Warehouse Edit -> admin@pds| Manendragarh
[2026-03-08 15:31:53] User -> Warehouse Edit -> admin@pds| Ghatlohanga
[2026-03-08 15:31:53] User -> Warehouse Edit -> admin@pds| Jagdalpur
[2026-03-08 15:31:53] User -> Warehouse Edit -> admin@pds| Karpanwand
[2026-03-08 15:31:53] User -> Warehouse Edit -> admin@pds| Keshlur
[2026-03-08 15:31:53] User -> Warehouse Edit -> admin@pds| Beejapur
[2026-03-08 15:31:53] User -> Warehouse Edit -> admin@pds| Bhairamgarh
[2026-03-08 15:31:53] User -> Warehouse Edit -> admin@pds| Bhopalpatanam
[2026-03-08 15:31:53] User -> Warehouse Edit -> admin@pds| Dantewada
[2026-03-08 15:31:53] User -> Warehouse Edit -> admin@pds| Gidam
[2026-03-08 15:31:53] User -> Warehouse Edit -> admin@pds| Kuakonda
[2026-03-08 15:31:53] User -> Warehouse Edit -> admin@pds| Antagarh
[2026-03-08 15:31:53] User -> Warehouse Edit -> admin@pds| Bhanupratappur
[2026-03-08 15:31:53] User -> Warehouse Edit -> admin@pds| Charama
[2026-03-08 15:31:53] User -> Warehouse Edit -> admin@pds| Junwani
[2026-03-08 15:31:53] User -> Warehouse Edit -> admin@pds| Kanker
[2026-03-08 15:31:53] User -> Warehouse Edit -> admin@pds| Maakdi
[2026-03-08 15:31:53] User -> Warehouse Edit -> admin@pds| Naraharpur
[2026-03-08 15:31:53] User -> Warehouse Edit -> admin@pds| Pakhanjur
[2026-03-08 15:31:53] User -> Warehouse Edit -> admin@pds| Badedongar
[2026-03-08 15:31:53] User -> Warehouse Edit -> admin@pds| Keshkal
[2026-03-08 15:31:53] User -> Warehouse Edit -> admin@pds| Kondagaon
[2026-03-08 15:31:53] User -> Warehouse Edit -> admin@pds| Narayanpur
[2026-03-08 15:31:53] User -> Warehouse Edit -> admin@pds| Dornapaal
[2026-03-08 15:31:53] User -> Warehouse Edit -> admin@pds| Konta
[2026-03-08 15:31:53] User -> Warehouse Edit -> admin@pds| Sukma
[2026-03-08 15:31:53] User -> Warehouse Edit -> admin@pds| Bilha
[2026-03-08 15:31:53] User -> Warehouse Edit -> admin@pds| Jayramnagar
[2026-03-08 15:31:53] User -> Warehouse Edit -> admin@pds| Kargi Road
[2026-03-08 15:31:53] User -> Warehouse Edit -> admin@pds| Lingiyadih
[2026-03-08 15:31:53] User -> Warehouse Edit -> admin@pds| Saida
[2026-03-08 15:31:53] User -> Warehouse Edit -> admin@pds| Takhatpur
[2026-03-08 15:31:53] User -> Warehouse Edit -> admin@pds| Marwahi
[2026-03-08 15:31:53] User -> Warehouse Edit -> admin@pds| Pendra Road
[2026-03-08 15:31:53] User -> Warehouse Edit -> admin@pds| Akaltara
[2026-03-08 15:31:53] User -> Warehouse Edit -> admin@pds| Champa
[2026-03-08 15:31:53] User -> Warehouse Edit -> admin@pds| Naila
[2026-03-08 15:31:53] User -> Warehouse Edit -> admin@pds| Katghora
[2026-03-08 15:31:53] User -> Warehouse Edit -> admin@pds| Korba(Urga)
[2026-03-08 15:31:53] User -> Warehouse Edit -> admin@pds| Paali
[2026-03-08 15:31:53] User -> Warehouse Edit -> admin@pds| Barela
[2026-03-08 15:31:53] User -> Warehouse Edit -> admin@pds| Dhapai
[2026-03-08 15:31:53] User -> Warehouse Edit -> admin@pds| Lormi
[2026-03-08 15:31:53] User -> Warehouse Edit -> admin@pds| Sargaon
[2026-03-08 15:31:53] User -> Warehouse Edit -> admin@pds| Raigarh CWC-1
[2026-03-08 15:31:53] User -> Warehouse Edit -> admin@pds| Raigarh Kirodhimal Nagar
[2026-03-08 15:31:53] User -> Warehouse Edit -> admin@pds| SWC Dharmjaigarh
[2026-03-08 15:31:53] User -> Warehouse Edit -> admin@pds| SWC Gharghora
[2026-03-08 15:31:53] User -> Warehouse Edit -> admin@pds| SWC Kharsiya
[2026-03-08 15:31:53] User -> Warehouse Edit -> admin@pds| SWC Lailunga
[2026-03-08 15:31:53] User -> Warehouse Edit -> admin@pds| SWC Loharsing
[2026-03-08 15:31:53] User -> Warehouse Edit -> admin@pds| SWC Loharsing-2(RGH)
[2026-03-08 15:31:53] User -> Warehouse Edit -> admin@pds| Baradwar
[2026-03-08 15:31:53] User -> Warehouse Edit -> admin@pds| Bodasagar
[2026-03-08 15:31:53] User -> Warehouse Edit -> admin@pds| Chandrapur
[2026-03-08 15:31:53] User -> Warehouse Edit -> admin@pds| Dabara
[2026-03-08 15:31:53] User -> Warehouse Edit -> admin@pds| Sakti
[2026-03-08 15:31:53] User -> Warehouse Edit -> admin@pds| Bilaigarh
[2026-03-08 15:31:53] User -> Warehouse Edit -> admin@pds| SWC Baramkela
[2026-03-08 15:31:53] User -> Warehouse Edit -> admin@pds| SWC Sarangarh
[2026-03-08 15:31:53] User -> Warehouse Edit -> admin@pds| Balod
[2026-03-08 15:31:53] User -> Warehouse Edit -> admin@pds| Chitoud
[2026-03-08 15:31:53] User -> Warehouse Edit -> admin@pds| Doundi
[2026-03-08 15:31:53] User -> Warehouse Edit -> admin@pds| Doundilohara
[2026-03-08 15:31:53] User -> Warehouse Edit -> admin@pds| Gunderdehi
[2026-03-08 15:31:53] User -> Warehouse Edit -> admin@pds| Bemetara
[2026-03-08 15:31:53] User -> Warehouse Edit -> admin@pds| Berla-SWC (Rampurbhar)
[2026-03-08 15:31:53] User -> Warehouse Edit -> admin@pds| Bhoinabhata
[2026-03-08 15:31:53] User -> Warehouse Edit -> admin@pds| Saja(Durg)
[2026-03-08 15:31:53] User -> Warehouse Edit -> admin@pds| ThanKhamhariya
[2026-03-08 15:31:53] User -> Warehouse Edit -> admin@pds| Karanja Bhilai
[2026-03-08 15:31:53] User -> Warehouse Edit -> admin@pds| Kodiya
[2026-03-08 15:31:53] User -> Warehouse Edit -> admin@pds| Patan
[2026-03-08 15:31:53] User -> Warehouse Edit -> admin@pds| SWC-Dhamdha
[2026-03-08 15:31:53] User -> Warehouse Edit -> admin@pds| SWC-Durg
[2026-03-08 15:31:53] User -> Warehouse Edit -> admin@pds| Bodla
[2026-03-08 15:31:53] User -> Warehouse Edit -> admin@pds| Hathlewa
[2026-03-08 15:31:53] User -> Warehouse Edit -> admin@pds| Pandariya
[2026-03-08 15:31:53] User -> Warehouse Edit -> admin@pds| SWC Kawardha
[2026-03-08 15:31:53] User -> Warehouse Edit -> admin@pds| Basantpur
[2026-03-08 15:31:53] User -> Warehouse Edit -> admin@pds| Chhuriya
[2026-03-08 15:31:53] User -> Warehouse Edit -> admin@pds| Dongargaon-SWC
[2026-03-08 15:31:53] User -> Warehouse Edit -> admin@pds| Dongargarh
[2026-03-08 15:31:53] User -> Warehouse Edit -> admin@pds| Tilai
[2026-03-08 15:31:53] User -> Warehouse Edit -> admin@pds| Khairagarh
[2026-03-08 15:31:53] User -> Warehouse Edit -> admin@pds| Chouki
[2026-03-08 15:31:53] User -> Warehouse Edit -> admin@pds| Maanpur
[2026-03-08 15:31:53] User -> Warehouse Edit -> admin@pds| Mohala
[2026-03-08 15:31:53] User -> Warehouse Edit -> admin@pds| Arjuni-SWC
[2026-03-08 15:31:53] User -> Warehouse Edit -> admin@pds| Balodabazar
[2026-03-08 15:31:53] User -> Warehouse Edit -> admin@pds| Bhatapara CWC-1
[2026-03-08 15:31:53] User -> Warehouse Edit -> admin@pds| Bhatapara CWC-2
[2026-03-08 15:31:53] User -> Warehouse Edit -> admin@pds| Hathband
[2026-03-08 15:31:53] User -> Warehouse Edit -> admin@pds| Kasdol
[2026-03-08 15:31:53] User -> Warehouse Edit -> admin@pds| Kurud
[2026-03-08 15:31:53] User -> Warehouse Edit -> admin@pds| Sihawa
[2026-03-08 15:31:53] User -> Warehouse Edit -> admin@pds| SWC Dhamtari
[2026-03-08 15:31:53] User -> Warehouse Edit -> admin@pds| Devbhog
[2026-03-08 15:31:53] User -> Warehouse Edit -> admin@pds| Gariyaband
[2026-03-08 15:31:53] User -> Warehouse Edit -> admin@pds| Mainpur
[2026-03-08 15:31:53] User -> Warehouse Edit -> admin@pds| Rajim
[2026-03-08 15:31:53] User -> Warehouse Edit -> admin@pds| Bagbahra
[2026-03-08 15:31:53] User -> Warehouse Edit -> admin@pds| Basna
[2026-03-08 15:31:53] User -> Warehouse Edit -> admin@pds| Mahasamund
[2026-03-08 15:31:53] User -> Warehouse Edit -> admin@pds| Pithora
[2026-03-08 15:31:53] User -> Warehouse Edit -> admin@pds| Saraypali
[2026-03-08 15:31:53] User -> Warehouse Edit -> admin@pds| Abhanpur
[2026-03-08 15:31:53] User -> Warehouse Edit -> admin@pds| Arang(Raipur)
[2026-03-08 15:31:53] User -> Warehouse Edit -> admin@pds| Dharseevan
[2026-03-08 15:31:53] User -> Warehouse Edit -> admin@pds| Gudhiyari
[2026-03-08 15:31:53] User -> Warehouse Edit -> admin@pds| Mandir Hasoud
[2026-03-08 15:31:53] User -> Warehouse Edit -> admin@pds| Nayapara(Raipur)
[2026-03-08 15:31:53] User -> Warehouse Edit -> admin@pds| Neora
[2026-03-08 15:31:53] User -> Warehouse Edit -> admin@pds| Raipur CWC-4
[2026-03-08 15:31:53] User -> Warehouse Edit -> admin@pds| SWC Kharora
[2026-03-08 15:31:53] User -> Warehouse Edit -> admin@pds| Jawahar Nagar
[2026-03-08 15:31:53] User -> Warehouse Edit -> admin@pds| Kusmi
[2026-03-08 15:31:53] User -> Warehouse Edit -> admin@pds| Rajpur
[2026-03-08 15:31:53] User -> Warehouse Edit -> admin@pds| Ramanujgam
[2026-03-08 15:31:53] User -> Warehouse Edit -> admin@pds| Sanaval
[2026-03-08 15:31:53] User -> Warehouse Edit -> admin@pds| Vardrafnagar
[2026-03-08 15:31:53] User -> Warehouse Edit -> admin@pds| Bagicha
[2026-03-08 15:31:53] User -> Warehouse Edit -> admin@pds| Jashpur
[2026-03-08 15:31:53] User -> Warehouse Edit -> admin@pds| Kunkuri
[2026-03-08 15:31:53] User -> Warehouse Edit -> admin@pds| Pathalgaon
[2026-03-08 15:31:53] User -> Warehouse Edit -> admin@pds| Pharsabhar-SWC
[2026-03-08 15:31:53] User -> Warehouse Edit -> admin@pds| Baikunthpur
[2026-03-08 15:31:53] User -> Warehouse Edit -> admin@pds| Ambikapur
[2026-03-08 15:31:53] User -> Warehouse Edit -> admin@pds| Lakhanpur(Udaypur)
[2026-03-08 15:31:53] User -> Warehouse Edit -> admin@pds| Sitapur
[2026-03-08 15:31:53] User -> Warehouse Edit -> admin@pds| Pratappur
[2026-03-08 15:31:53] User -> Warehouse Edit -> admin@pds| Surajpur
[2026-03-08 15:31:53] User -> Warehouse Edit -> admin@pds| Vishrampur (Pandonagar)
[2026-03-08 15:31:53] User -> Warehouse Edit -> admin@pds| Chirmiri-SWC
[2026-03-08 15:31:53] User -> Warehouse Edit -> admin@pds| Janakpur
[2026-03-08 15:31:53] User -> Warehouse Edit -> admin@pds| Manendragarh
[2026-03-08 15:32:37] User -> Warehouse deleted -> admin@pds| Requested JSON -> {"uid":"all"} | all
[2026-03-08 15:38:51] User -> Warehouse Added -> admin@pds| Ghatlohanga
[2026-03-08 15:38:51] User -> Warehouse Added -> admin@pds| Jagdalpur
[2026-03-08 15:38:51] User -> Warehouse Added -> admin@pds| Karpanwand
[2026-03-08 15:38:51] User -> Warehouse Added -> admin@pds| Keshlur
[2026-03-08 15:38:51] User -> Warehouse Added -> admin@pds| Beejapur
[2026-03-08 15:38:51] User -> Warehouse Added -> admin@pds| Bhairamgarh
[2026-03-08 15:38:51] User -> Warehouse Added -> admin@pds| Bhopalpatanam
[2026-03-08 15:38:51] User -> Warehouse Added -> admin@pds| Dantewada
[2026-03-08 15:38:51] User -> Warehouse Added -> admin@pds| Gidam
[2026-03-08 15:38:51] User -> Warehouse Added -> admin@pds| Kuakonda
[2026-03-08 15:38:51] User -> Warehouse Added -> admin@pds| Antagarh
[2026-03-08 15:38:51] User -> Warehouse Added -> admin@pds| Bhanupratappur
[2026-03-08 15:38:51] User -> Warehouse Added -> admin@pds| Charama
[2026-03-08 15:38:51] User -> Warehouse Added -> admin@pds| Junwani
[2026-03-08 15:38:51] User -> Warehouse Added -> admin@pds| Kanker
[2026-03-08 15:38:51] User -> Warehouse Added -> admin@pds| Maakdi
[2026-03-08 15:38:51] User -> Warehouse Added -> admin@pds| Naraharpur
[2026-03-08 15:38:51] User -> Warehouse Added -> admin@pds| Pakhanjur
[2026-03-08 15:38:51] User -> Warehouse Added -> admin@pds| Badedongar
[2026-03-08 15:38:51] User -> Warehouse Added -> admin@pds| Keshkal
[2026-03-08 15:38:51] User -> Warehouse Added -> admin@pds| Kondagaon
[2026-03-08 15:38:51] User -> Warehouse Added -> admin@pds| Narayanpur
[2026-03-08 15:38:51] User -> Warehouse Added -> admin@pds| Dornapaal
[2026-03-08 15:38:51] User -> Warehouse Added -> admin@pds| Konta
[2026-03-08 15:38:51] User -> Warehouse Added -> admin@pds| Sukma
[2026-03-08 15:38:51] User -> Warehouse Added -> admin@pds| Bilha
[2026-03-08 15:38:51] User -> Warehouse Added -> admin@pds| Jayramnagar
[2026-03-08 15:38:51] User -> Warehouse Added -> admin@pds| Kargi Road
[2026-03-08 15:38:51] User -> Warehouse Added -> admin@pds| Lingiyadih
[2026-03-08 15:38:51] User -> Warehouse Added -> admin@pds| Saida
[2026-03-08 15:38:51] User -> Warehouse Added -> admin@pds| Takhatpur
[2026-03-08 15:38:51] User -> Warehouse Added -> admin@pds| Marwahi
[2026-03-08 15:38:51] User -> Warehouse Added -> admin@pds| Pendra Road
[2026-03-08 15:38:51] User -> Warehouse Added -> admin@pds| Akaltara
[2026-03-08 15:38:51] User -> Warehouse Added -> admin@pds| Champa
[2026-03-08 15:38:51] User -> Warehouse Added -> admin@pds| Naila
[2026-03-08 15:38:51] User -> Warehouse Added -> admin@pds| Katghora
[2026-03-08 15:38:51] User -> Warehouse Added -> admin@pds| Korba(Urga)
[2026-03-08 15:38:51] User -> Warehouse Added -> admin@pds| Paali
[2026-03-08 15:38:51] User -> Warehouse Added -> admin@pds| Barela
[2026-03-08 15:38:51] User -> Warehouse Added -> admin@pds| Dhapai
[2026-03-08 15:38:51] User -> Warehouse Added -> admin@pds| Lormi
[2026-03-08 15:38:51] User -> Warehouse Added -> admin@pds| Sargaon
[2026-03-08 15:38:51] User -> Warehouse Added -> admin@pds| Raigarh CWC-1
[2026-03-08 15:38:51] User -> Warehouse Added -> admin@pds| Raigarh Kirodhimal Nagar
[2026-03-08 15:38:51] User -> Warehouse Added -> admin@pds| SWC Dharmjaigarh
[2026-03-08 15:38:51] User -> Warehouse Added -> admin@pds| SWC Gharghora
[2026-03-08 15:38:51] User -> Warehouse Added -> admin@pds| SWC Kharsiya
[2026-03-08 15:38:51] User -> Warehouse Added -> admin@pds| SWC Lailunga
[2026-03-08 15:38:51] User -> Warehouse Added -> admin@pds| SWC Loharsing
[2026-03-08 15:38:51] User -> Warehouse Added -> admin@pds| SWC Loharsing-2(RGH)
[2026-03-08 15:38:51] User -> Warehouse Added -> admin@pds| Baradwar
[2026-03-08 15:38:51] User -> Warehouse Added -> admin@pds| Bodasagar
[2026-03-08 15:38:51] User -> Warehouse Added -> admin@pds| Chandrapur
[2026-03-08 15:38:51] User -> Warehouse Added -> admin@pds| Dabara
[2026-03-08 15:38:51] User -> Warehouse Added -> admin@pds| Sakti
[2026-03-08 15:38:51] User -> Warehouse Added -> admin@pds| Bilaigarh
[2026-03-08 15:38:51] User -> Warehouse Added -> admin@pds| SWC Baramkela
[2026-03-08 15:38:51] User -> Warehouse Added -> admin@pds| SWC Sarangarh
[2026-03-08 15:38:51] User -> Warehouse Added -> admin@pds| Balod
[2026-03-08 15:38:51] User -> Warehouse Added -> admin@pds| Chitoud
[2026-03-08 15:38:51] User -> Warehouse Added -> admin@pds| Doundi
[2026-03-08 15:38:51] User -> Warehouse Added -> admin@pds| Doundilohara
[2026-03-08 15:38:51] User -> Warehouse Added -> admin@pds| Gunderdehi
[2026-03-08 15:38:51] User -> Warehouse Added -> admin@pds| Bemetara
[2026-03-08 15:38:51] User -> Warehouse Added -> admin@pds| Berla-SWC (Rampurbhar)
[2026-03-08 15:38:51] User -> Warehouse Added -> admin@pds| Bhoinabhata
[2026-03-08 15:38:51] User -> Warehouse Added -> admin@pds| Saja(Durg)
[2026-03-08 15:38:51] User -> Warehouse Added -> admin@pds| ThanKhamhariya
[2026-03-08 15:38:51] User -> Warehouse Added -> admin@pds| Karanja Bhilai
[2026-03-08 15:38:51] User -> Warehouse Added -> admin@pds| Kodiya
[2026-03-08 15:38:51] User -> Warehouse Added -> admin@pds| Patan
[2026-03-08 15:38:51] User -> Warehouse Added -> admin@pds| SWC-Dhamdha
[2026-03-08 15:38:51] User -> Warehouse Added -> admin@pds| SWC-Durg
[2026-03-08 15:38:51] User -> Warehouse Added -> admin@pds| Bodla
[2026-03-08 15:38:51] User -> Warehouse Added -> admin@pds| Hathlewa
[2026-03-08 15:38:51] User -> Warehouse Added -> admin@pds| Pandariya
[2026-03-08 15:38:51] User -> Warehouse Added -> admin@pds| SWC Kawardha
[2026-03-08 15:38:51] User -> Warehouse Added -> admin@pds| Basantpur
[2026-03-08 15:38:51] User -> Warehouse Added -> admin@pds| Chhuriya
[2026-03-08 15:38:51] User -> Warehouse Added -> admin@pds| Dongargaon-SWC
[2026-03-08 15:38:51] User -> Warehouse Added -> admin@pds| Dongargarh
[2026-03-08 15:38:51] User -> Warehouse Added -> admin@pds| Tilai
[2026-03-08 15:38:51] User -> Warehouse Added -> admin@pds| Khairagarh
[2026-03-08 15:38:51] User -> Warehouse Added -> admin@pds| Chouki
[2026-03-08 15:38:52] User -> Warehouse Added -> admin@pds| Maanpur
[2026-03-08 15:38:52] User -> Warehouse Added -> admin@pds| Mohala
[2026-03-08 15:38:52] User -> Warehouse Added -> admin@pds| Arjuni-SWC
[2026-03-08 15:38:52] User -> Warehouse Added -> admin@pds| Balodabazar
[2026-03-08 15:38:52] User -> Warehouse Added -> admin@pds| Bhatapara CWC-1
[2026-03-08 15:38:52] User -> Warehouse Added -> admin@pds| Bhatapara CWC-2
[2026-03-08 15:38:52] User -> Warehouse Added -> admin@pds| Hathband
[2026-03-08 15:38:52] User -> Warehouse Added -> admin@pds| Kasdol
[2026-03-08 15:38:52] User -> Warehouse Added -> admin@pds| Kurud
[2026-03-08 15:38:52] User -> Warehouse Added -> admin@pds| Sihawa
[2026-03-08 15:38:52] User -> Warehouse Added -> admin@pds| SWC Dhamtari
[2026-03-08 15:38:52] User -> Warehouse Added -> admin@pds| Devbhog
[2026-03-08 15:38:52] User -> Warehouse Added -> admin@pds| Gariyaband
[2026-03-08 15:38:52] User -> Warehouse Added -> admin@pds| Mainpur
[2026-03-08 15:38:52] User -> Warehouse Added -> admin@pds| Rajim
[2026-03-08 15:38:52] User -> Warehouse Added -> admin@pds| Bagbahra
[2026-03-08 15:38:52] User -> Warehouse Added -> admin@pds| Basna
[2026-03-08 15:38:52] User -> Warehouse Added -> admin@pds| Mahasamund
[2026-03-08 15:38:52] User -> Warehouse Added -> admin@pds| Pithora
[2026-03-08 15:38:52] User -> Warehouse Added -> admin@pds| Saraypali
[2026-03-08 15:38:52] User -> Warehouse Added -> admin@pds| Abhanpur
[2026-03-08 15:38:52] User -> Warehouse Added -> admin@pds| Arang(Raipur)
[2026-03-08 15:38:52] User -> Warehouse Added -> admin@pds| Dharseevan
[2026-03-08 15:38:52] User -> Warehouse Added -> admin@pds| Gudhiyari
[2026-03-08 15:38:52] User -> Warehouse Added -> admin@pds| Mandir Hasoud
[2026-03-08 15:38:52] User -> Warehouse Added -> admin@pds| Nayapara(Raipur)
[2026-03-08 15:38:52] User -> Warehouse Added -> admin@pds| Neora
[2026-03-08 15:38:52] User -> Warehouse Added -> admin@pds| Raipur CWC-4
[2026-03-08 15:38:52] User -> Warehouse Added -> admin@pds| SWC Kharora
[2026-03-08 15:38:52] User -> Warehouse Added -> admin@pds| Jawahar Nagar
[2026-03-08 15:38:52] User -> Warehouse Added -> admin@pds| Kusmi
[2026-03-08 15:38:52] User -> Warehouse Added -> admin@pds| Rajpur
[2026-03-08 15:38:52] User -> Warehouse Added -> admin@pds| Ramanujgam
[2026-03-08 15:38:52] User -> Warehouse Added -> admin@pds| Sanaval
[2026-03-08 15:38:52] User -> Warehouse Added -> admin@pds| Vardrafnagar
[2026-03-08 15:38:52] User -> Warehouse Added -> admin@pds| Bagicha
[2026-03-08 15:38:52] User -> Warehouse Added -> admin@pds| Jashpur
[2026-03-08 15:38:52] User -> Warehouse Added -> admin@pds| Kunkuri
[2026-03-08 15:38:52] User -> Warehouse Added -> admin@pds| Pathalgaon
[2026-03-08 15:38:52] User -> Warehouse Added -> admin@pds| Pharsabhar-SWC
[2026-03-08 15:38:52] User -> Warehouse Added -> admin@pds| Baikunthpur
[2026-03-08 15:38:52] User -> Warehouse Added -> admin@pds| Ambikapur
[2026-03-08 15:38:52] User -> Warehouse Added -> admin@pds| Lakhanpur(Udaypur)
[2026-03-08 15:38:52] User -> Warehouse Added -> admin@pds| Sitapur
[2026-03-08 15:38:52] User -> Warehouse Added -> admin@pds| Pratappur
[2026-03-08 15:38:52] User -> Warehouse Added -> admin@pds| Surajpur
[2026-03-08 15:38:52] User -> Warehouse Added -> admin@pds| Vishrampur (Pandonagar)
[2026-03-08 15:38:52] User -> Warehouse Added -> admin@pds| Chirmiri-SWC
[2026-03-08 15:38:52] User -> Warehouse Added -> admin@pds| Janakpur
[2026-03-08 15:38:52] User -> Warehouse Added -> admin@pds| Manendragarh
