[2026-03-16 12:45:46] User -> Mill deleted -> admin@pds| Requested JSON -> {"uid":"all"} | all
[2026-03-16 12:46:57] User -> Mill Added -> admin@pds| SHRI SAI JAI CHAWAL UDYOG
[2026-03-16 12:46:57] User -> Mill Added -> admin@pds| DEEPASA RICE   PARBOILING UNIT
[2026-03-16 12:46:57] User -> Mill Added -> admin@pds| SHANTI VIJAY CHAWAL  POHA UDYOG
[2026-03-16 12:46:57] User -> Mill Added -> admin@pds| SHRI RAM RICE MILL
[2026-03-16 12:46:57] User -> Mill Added -> admin@pds| DADA JINDUTT RICE MILL
[2026-03-16 12:46:57] User -> Mill Added -> admin@pds| KHEM TRADERS
[2026-03-16 12:46:57] User -> Mill Added -> admin@pds| maa karma rice mill fagundah
[2026-03-16 12:46:57] User -> Mill Added -> admin@pds| M/S SHIVAJI RICE MILL
[2026-03-16 12:46:57] User -> Mill Added -> admin@pds| JAI TREDERS
[2026-03-16 12:46:57] User -> Mill Added -> admin@pds| SADGURU RICE INDUSTRIES
[2026-03-16 12:46:57] User -> Mill Added -> admin@pds| TIGALA RICE MILL
[2026-03-16 12:46:57] User -> Mill Added -> admin@pds| MOHAN RICE INDUSTRIES
[2026-03-16 12:46:57] User -> Mill Added -> admin@pds| KIRI AGRO
[2026-03-16 12:46:57] User -> Mill Added -> admin@pds| SHRI SHIVAM RICE MILL
[2026-03-16 12:46:57] User -> Mill Added -> admin@pds| GANGOTRI UDYOG UNIT
[2026-03-16 12:46:57] User -> Mill Added -> admin@pds| HITESH  RICE MILL
[2026-03-16 12:46:57] User -> Mill Added -> admin@pds| M/S MOKSHA CHAWAL  UDYOG
[2026-03-16 12:46:57] User -> Mill Added -> admin@pds| BAMLESHWARI FOODS
[2026-03-16 12:46:57] User -> Mill Added -> admin@pds| Jain Rice Industries unit
[2026-03-16 12:46:57] User -> Mill Added -> admin@pds| M/S VIJAY SHANTI AGROTECH
[2026-03-16 12:46:57] User -> Mill Added -> admin@pds| MAHESHWARI  TRADERS
[2026-03-16 12:46:57] User -> Mill Added -> admin@pds| OM NAVKAR TRADERS
[2026-03-16 12:46:57] User -> Mill Added -> admin@pds| SHREE SAWARIYA RICE PRODUCTS LLP
[2026-03-16 12:46:57] User -> Mill Added -> admin@pds| Vikram Rice Mill
[2026-03-16 12:46:57] User -> Mill Added -> admin@pds| Anuradha rice mill
[2026-03-16 12:46:57] User -> Mill Added -> admin@pds| GANPATI POHA UDYOG
[2026-03-16 12:46:57] User -> Mill Added -> admin@pds| SHRI AGRASEN RICE MILL
[2026-03-16 12:46:57] User -> Mill Added -> admin@pds| GANGA MAIYYA TRADERS UNIT
[2026-03-16 12:46:57] User -> Mill Added -> admin@pds| ARIHANT FOODS
[2026-03-16 12:46:57] User -> Mill Added -> admin@pds| SHANTI INDUSTRIES
[2026-03-16 12:46:57] User -> Mill Added -> admin@pds| MAHADEV AGROTECH
[2026-03-16 12:46:57] User -> Mill Added -> admin@pds| Sarveshwari agro
[2026-03-16 12:46:57] User -> Mill Added -> admin@pds| GOVIND AGRO
[2026-03-16 12:46:57] User -> Mill Added -> admin@pds| GANPATI UDYOG
[2026-03-16 12:46:57] User -> Mill Added -> admin@pds| K B AGRO
[2026-03-16 12:46:57] User -> Mill Added -> admin@pds| MONIKA  DHAN KUTAI KENDRA
[2026-03-16 12:46:57] User -> Mill Added -> admin@pds| NANESH AGRO
[2026-03-16 12:46:57] User -> Mill Added -> admin@pds| DEVESH RICE MILL
[2026-03-16 12:46:57] User -> Mill Added -> admin@pds| ASHOK RICE MILL
[2026-03-16 12:46:57] User -> Mill Added -> admin@pds| M/S PANNA RICE INDUSTRIES
[2026-03-16 12:46:57] User -> Mill Added -> admin@pds| MAA DURGE RICE INDUSTRIES
[2026-03-16 12:46:57] User -> Mill Added -> admin@pds| M/S GANPATI AGRO INDUSTRIES
[2026-03-16 12:46:57] User -> Mill Added -> admin@pds| SHIV SHAKTI RICE MILL
[2026-03-16 12:46:57] User -> Mill Added -> admin@pds| KANCHAN INDUSTRIES
[2026-03-16 12:46:57] User -> Mill Added -> admin@pds| SHRI BALAJI RICE INDUSTRIES
[2026-03-16 12:46:57] User -> Mill Added -> admin@pds| AMBA FOODS
[2026-03-16 12:46:57] User -> Mill Added -> admin@pds| ANAND FOODS UNIT II
[2026-03-16 12:46:57] User -> Mill Added -> admin@pds| Khem Traders Unit 2
[2026-03-16 12:46:57] User -> Mill Added -> admin@pds| SHRI GANGA  FOODS
[2026-03-16 12:46:57] User -> Mill Added -> admin@pds| SARWAMANGLA AGRO INDUSTRIES
[2026-03-16 12:46:57] User -> Mill Added -> admin@pds| SHREE RAM RICE MILL
[2026-03-16 12:46:57] User -> Mill Added -> admin@pds| AKSHAT AGRO
[2026-03-16 12:46:57] User -> Mill Added -> admin@pds| MAA BANJARI  FOODS
[2026-03-16 12:46:57] User -> Mill Added -> admin@pds| HARSH RICE INDUSTRIES
[2026-03-16 12:46:57] User -> Mill Added -> admin@pds| M/S SHREYANSH INDUSTRIES
[2026-03-16 12:46:57] User -> Mill Added -> admin@pds| GEETA RICE INDUSTRIES
[2026-03-16 12:46:57] User -> Mill Added -> admin@pds| GYAN CHAWAL UDYOG
[2026-03-16 12:46:57] User -> Mill Added -> admin@pds| PADMAVATI INDUSTRIES
[2026-03-16 12:46:57] User -> Mill Added -> admin@pds| SHRI SAMRIDDHI RICE MILL
[2026-03-16 12:46:57] User -> Mill Added -> admin@pds| Bhomiyaji Rice mill
[2026-03-16 12:46:57] User -> Mill Added -> admin@pds| LUNI RICE INDUSTRIES
[2026-03-16 12:46:57] User -> Mill Added -> admin@pds| Ishant Rice Mill
[2026-03-16 12:46:57] User -> Mill Added -> admin@pds| MLG AGRO INDUSTRIES
[2026-03-16 12:46:57] User -> Mill Added -> admin@pds| PURUSHOTTAM RICE MILL
[2026-03-16 12:46:57] User -> Mill Added -> admin@pds| PREMA AGRO TECH
[2026-03-16 12:46:57] User -> Mill Added -> admin@pds| GURUDEV AGRO INDUSTRIES
[2026-03-16 12:46:57] User -> Mill Added -> admin@pds| GANPATI RICE MILL
[2026-03-16 12:46:57] User -> Mill Added -> admin@pds| SHREE SHIV UDYOG
[2026-03-16 12:46:57] User -> Mill Added -> admin@pds| ASHAPURA RICE INDUSTRIES
[2026-03-16 12:46:57] User -> Mill Added -> admin@pds| SHREE SHYAM TRADERS
[2026-03-16 12:46:57] User -> Mill Added -> admin@pds| Manikchand Food Product
[2026-03-16 12:46:57] User -> Mill Added -> admin@pds| MAA ANNAPURNA RICE MILL
[2026-03-16 12:46:57] User -> Mill Added -> admin@pds| SHRI MAHAVEER FOODS
[2026-03-16 12:46:57] User -> Mill Added -> admin@pds| Shree Sitaram Agro Product Unit 1
[2026-03-16 12:46:57] User -> Mill Added -> admin@pds| Shivnath Rice
[2026-03-16 12:46:57] User -> Mill Added -> admin@pds| TARUN RICE MILL UNIT 2
[2026-03-16 12:46:57] User -> Mill Added -> admin@pds| OM NAVKAR AGRO FOODS
[2026-03-16 12:46:57] User -> Mill Added -> admin@pds| jai bajrang usna rice industries
[2026-03-16 12:46:57] User -> Mill Added -> admin@pds| JAIN FOODS
[2026-03-16 12:46:57] User -> Mill Added -> admin@pds| GANGA MAIYA POHA & MURMURA UDYOG
[2026-03-16 12:46:57] User -> Mill Added -> admin@pds| GOLCHHA AGROTECH
[2026-03-16 12:46:57] User -> Mill Added -> admin@pds| Khandelwal Rice Mill
[2026-03-16 12:46:57] User -> Mill Added -> admin@pds| JAI CHAWAL UDYOG
[2026-03-16 12:46:57] User -> Mill Added -> admin@pds| BABA NAROTTAM RICE MILL
[2026-03-16 12:46:57] User -> Mill Added -> admin@pds| ARIHANT INDUSTRIES II
[2026-03-16 12:46:57] User -> Mill Added -> admin@pds| KHANDELWAL AGROTECH
[2026-03-16 12:46:57] User -> Mill Added -> admin@pds| KUSHAL MANOHAR SHRI RICE MILL
[2026-03-16 12:46:57] User -> Mill Added -> admin@pds| Shri Jinkushal Industries
[2026-03-16 12:46:57] User -> Mill Added -> admin@pds| OM ASHAPURA ENTERPRISES
[2026-03-16 12:46:57] User -> Mill Added -> admin@pds| SHREE SITARAM AGRO PRODUCT UNIT 2
[2026-03-16 12:46:57] User -> Mill Added -> admin@pds| Nirmala Agro Industries
[2026-03-16 12:46:57] User -> Mill Added -> admin@pds| DINESH KUMAR JAIN
[2026-03-16 12:46:57] User -> Mill Added -> admin@pds| Dushyant Rice Mill
[2026-03-16 12:46:57] User -> Mill Added -> admin@pds| S.K. Industries
[2026-03-16 12:46:57] User -> Mill Added -> admin@pds| SATYANARAYAN RICE MILL
[2026-03-16 12:46:57] User -> Mill Added -> admin@pds| PIYUSH PARBOILING PLANT BYT
[2026-03-16 12:46:57] User -> Mill Added -> admin@pds| RAHUL RICE MILL
[2026-03-16 12:46:57] User -> Mill Added -> admin@pds| ABHINAV INDUSTRIES
[2026-03-16 12:46:57] User -> Mill Added -> admin@pds| SHRI AGRASEN RICE INDUSTRIES
[2026-03-16 12:46:57] User -> Mill Added -> admin@pds| GARG PADDY PARBOILING INDUSTRIES
[2026-03-16 12:46:57] User -> Mill Added -> admin@pds| RAMJI BHIMJI BROTHERS BALODABAZAR
[2026-03-16 12:46:57] User -> Mill Added -> admin@pds| LAXMI RICE MILL
[2026-03-16 12:46:57] User -> Mill Added -> admin@pds| PANCHWATI RICE MILL
[2026-03-16 12:46:57] User -> Mill Added -> admin@pds| MAA SAVITRI RICE INDUSTRIES
[2026-03-16 12:46:57] User -> Mill Added -> admin@pds| GOPAL RICE MILL
[2026-03-16 12:46:57] User -> Mill Added -> admin@pds| SHRI SATYAM SHIWAM SUNDERAM RICE MILL BHATAPARA
[2026-03-16 12:46:57] User -> Mill Added -> admin@pds| SHREE CHANDAK INDUSTRIES
[2026-03-16 12:46:57] User -> Mill Added -> admin@pds| SIYARAM RICE MILL
[2026-03-16 12:46:57] User -> Mill Added -> admin@pds| ANNAPURNA RICE  POHA MILL
[2026-03-16 12:46:57] User -> Mill Added -> admin@pds| SAJAL FOODS
[2026-03-16 12:46:57] User -> Mill Added -> admin@pds| GANESH RICE MILL
[2026-03-16 12:46:57] User -> Mill Added -> admin@pds| EKDANT CHAWAL UDYOG
[2026-03-16 12:46:57] User -> Mill Added -> admin@pds| MANTHAN RICE INDUSTRIES
[2026-03-16 12:46:57] User -> Mill Added -> admin@pds| RAHUL INDUSTRIES
[2026-03-16 12:46:57] User -> Mill Added -> admin@pds| MS ANAND AGRO INDUSTRIES
[2026-03-16 12:46:57] User -> Mill Added -> admin@pds| JAGDAMBA AGRO INDUSTRIES
[2026-03-16 12:46:57] User -> Mill Added -> admin@pds| SIDHDHI VINAYAK RICE INDUSTRIES
[2026-03-16 12:46:57] User -> Mill Added -> admin@pds| ROUNAK RICE MILL
[2026-03-16 12:46:57] User -> Mill Added -> admin@pds| SHREE BALAJI RICE MILL
[2026-03-16 12:46:57] User -> Mill Added -> admin@pds| KAVITA RICE PRODUCT
[2026-03-16 12:46:57] User -> Mill Added -> admin@pds| ARPITA RICE INDUSTRIES
[2026-03-16 12:46:57] User -> Mill Added -> admin@pds| SHRI ONKAR UDYOG
[2026-03-16 12:46:57] User -> Mill Added -> admin@pds| M/S MAHAVIR RICE MILL
[2026-03-16 12:46:57] User -> Mill Added -> admin@pds| SHRI KAMAL INDUSTRIES
[2026-03-16 12:46:57] User -> Mill Added -> admin@pds| M/S SHREE BALAJI RICE MILL UNIT-2
[2026-03-16 12:46:57] User -> Mill Added -> admin@pds| SARTHAK INDUSTRIES
[2026-03-16 12:46:57] User -> Mill Added -> admin@pds| MODERN RICE MILL
[2026-03-16 12:46:57] User -> Mill Added -> admin@pds| Abhishek Rice Mill
[2026-03-16 12:46:57] User -> Mill Added -> admin@pds| LAXMI RICE MILL
[2026-03-16 12:46:57] User -> Mill Added -> admin@pds| SHIVAM RICE MILL
[2026-03-16 12:46:57] User -> Mill Added -> admin@pds| M/s Ekta Agro
[2026-03-16 12:46:57] User -> Mill Added -> admin@pds| SURESH RICE MILL
[2026-03-16 12:46:57] User -> Mill Added -> admin@pds| PURUSHOTTAM RICE MILL
[2026-03-16 12:46:57] User -> Mill Added -> admin@pds| JAI DURGA RICE MILL BYT
[2026-03-16 12:46:57] User -> Mill Added -> admin@pds| SALUJA INDUSTRIES
[2026-03-16 12:46:57] User -> Mill Added -> admin@pds| KANHA RICE INDUSTRIES
[2026-03-16 12:46:57] User -> Mill Added -> admin@pds| BHAGWATI UDYOG
[2026-03-16 12:46:57] User -> Mill Added -> admin@pds| Karsa Rice Mill
[2026-03-16 12:46:57] User -> Mill Added -> admin@pds| MAA SHABRI DAI RICE MILL
[2026-03-16 12:46:57] User -> Mill Added -> admin@pds| M/S GAYATRI RICE MILL
[2026-03-16 12:46:57] User -> Mill Added -> admin@pds| SR TRADING COMPANY
[2026-03-16 12:46:57] User -> Mill Added -> admin@pds| NIRANJAN AGRO INDUSTRIES
[2026-03-16 12:46:57] User -> Mill Added -> admin@pds| RS RICE MILL
[2026-03-16 12:46:57] User -> Mill Added -> admin@pds| RADHA AGRO
[2026-03-16 12:46:57] User -> Mill Added -> admin@pds| M A FOOD PRODUCTS
[2026-03-16 12:46:57] User -> Mill Added -> admin@pds| SHRI SHYAM RICE INDUSTRIES
[2026-03-16 12:46:57] User -> Mill Added -> admin@pds| SITA RAM AGRO FOOD
[2026-03-16 12:46:57] User -> Mill Added -> admin@pds| JAYRAM RICE MILL
[2026-03-16 12:46:57] User -> Mill Added -> admin@pds| HINDUJA RICE MILL
[2026-03-16 12:46:57] User -> Mill Added -> admin@pds| S.D. INDUSTRIES
[2026-03-16 12:46:57] User -> Mill Added -> admin@pds| DIVYA AGRO
[2026-03-16 12:46:57] User -> Mill Added -> admin@pds| M/S ABHAY RICE MILL
[2026-03-16 12:46:57] User -> Mill Added -> admin@pds| PAWAN RICE MILL
[2026-03-16 12:46:57] User -> Mill Added -> admin@pds| ASHA RICE INDUSTRIES
[2026-03-16 12:46:57] User -> Mill Added -> admin@pds| BLM AGROTECH
[2026-03-16 12:46:57] User -> Mill Added -> admin@pds| SHRI SHIVANI INDUSTRIES
[2026-03-16 12:46:57] User -> Mill Added -> admin@pds| SHRI KRISHAN LAL SACHDEV RICE MILL
[2026-03-16 12:46:57] User -> Mill Added -> admin@pds| M/s Agrawal Minerals
[2026-03-16 12:46:57] User -> Mill Added -> admin@pds| AADYA INDUSTRIES
[2026-03-16 12:46:57] User -> Mill Added -> admin@pds| MS LAXMI RICE MILL
[2026-03-16 12:46:57] User -> Mill Added -> admin@pds| HIMANSHI RICE MILL
[2026-03-16 12:46:57] User -> Mill Added -> admin@pds| SUNRISE INDUSTRIES UNIT 2
[2026-03-16 12:46:57] User -> Mill Added -> admin@pds| ADITYA RICE INDUSTRIES
[2026-03-16 12:46:57] User -> Mill Added -> admin@pds| BHOLENATH RICE INDUSTRIES
[2026-03-16 12:46:57] User -> Mill Added -> admin@pds| KAVITA RICE INDUSTRIES
[2026-03-16 12:46:57] User -> Mill Added -> admin@pds| SHREE KARNI TRADERS
[2026-03-16 12:46:57] User -> Mill Added -> admin@pds| GOPALJI RICE MILL
[2026-03-16 12:46:57] User -> Mill Added -> admin@pds| EKDANT CHAWAL UDYOG
[2026-03-16 12:46:57] User -> Mill Added -> admin@pds| SHREE KRISHNA RICE INDUSTRIES
[2026-03-16 12:46:57] User -> Mill Added -> admin@pds| SHRI RAM AGRO INDUSTRIES
[2026-03-16 12:46:57] User -> Mill Added -> admin@pds| PITAVALEE RICE MILL
[2026-03-16 12:46:57] User -> Mill Added -> admin@pds| MAHAMAYA AGRO INDUSTRIES
[2026-03-16 12:46:57] User -> Mill Added -> admin@pds| ADINATH RICE MILL
[2026-03-16 12:46:57] User -> Mill Added -> admin@pds| SHREE SHIVAM RICE
[2026-03-16 12:46:57] User -> Mill Added -> admin@pds| J.B RICE MILL
[2026-03-16 12:46:57] User -> Mill Added -> admin@pds| SHRI MAHENDRA INDUSTRIES
[2026-03-16 12:46:58] User -> Mill Added -> admin@pds| Ravi Industries
[2026-03-16 12:46:58] User -> Mill Added -> admin@pds| PRAMOD CHAWAL UDYOG
[2026-03-16 12:46:58] User -> Mill Added -> admin@pds| Manokamna Rice Mill
[2026-03-16 12:46:58] User -> Mill Added -> admin@pds| MS SHANTI RICE MILL
[2026-03-16 12:46:58] User -> Mill Added -> admin@pds| MS HARI OM AGRO PRODUCTS
[2026-03-16 12:46:58] User -> Mill Added -> admin@pds| Narayan Paddy Product
[2026-03-16 12:46:58] User -> Mill Added -> admin@pds| BOLBAM PADDY PRODUCT
[2026-03-16 12:46:58] User -> Mill Added -> admin@pds| HARSH PADDY PROCESSING
[2026-03-16 12:46:58] User -> Mill Added -> admin@pds| MAA LAXMI RICE MILL
[2026-03-16 12:46:58] User -> Mill Added -> admin@pds| SARVMANGLA RICE MILL
[2026-03-16 12:46:58] User -> Mill Added -> admin@pds| Jai Veer Hanuman Rice Mill
[2026-03-16 12:46:58] User -> Mill Added -> admin@pds| sudha rice mill
[2026-03-16 12:46:58] User -> Mill Added -> admin@pds| Ms B M Foods Unit
[2026-03-16 12:46:58] User -> Mill Added -> admin@pds| Goyal Rice Product
[2026-03-16 12:46:58] User -> Mill Added -> admin@pds| jai balaji rice mill
[2026-03-16 12:46:58] User -> Mill Added -> admin@pds| ms navdurga rice mill
[2026-03-16 12:46:58] User -> Mill Added -> admin@pds| Mahamaya Rice Mill
[2026-03-16 12:46:58] User -> Mill Added -> admin@pds| Param Rice Mill
[2026-03-16 12:46:58] User -> Mill Added -> admin@pds| Maa Santoshi Rice Mill
[2026-03-16 12:46:58] User -> Mill Added -> admin@pds| MA AMBE PAIDY PRODUCT
[2026-03-16 12:46:58] User -> Mill Added -> admin@pds| Shri Ram Rice Mill
[2026-03-16 12:46:58] User -> Mill Added -> admin@pds| Rajkumar Rice Mill
[2026-03-16 12:46:58] User -> Mill Added -> admin@pds| Aadrika Rice Mill
[2026-03-16 12:46:58] User -> Mill Added -> admin@pds| Mahabeer Rice Mill
[2026-03-16 12:46:58] User -> Mill Added -> admin@pds| Shri Laxmi Rice Mill
[2026-03-16 12:46:58] User -> Mill Added -> admin@pds| Harsh Rice Industries
[2026-03-16 12:46:58] User -> Mill Added -> admin@pds| M/S MAA MAHAMAYA PADDY PRODUCTS
[2026-03-16 12:46:58] User -> Mill Added -> admin@pds| Jai Maa Durga Rice Mill
[2026-03-16 12:46:58] User -> Mill Added -> admin@pds| Jai Bajrangbali Rice Product
[2026-03-16 12:46:58] User -> Mill Added -> admin@pds| Shri Sanjay Rice Mill
[2026-03-16 12:46:58] User -> Mill Added -> admin@pds| Hazari Rice Mill
[2026-03-16 12:46:58] User -> Mill Added -> admin@pds| M/S SIDDHI VINAYAK RICE MILL
[2026-03-16 12:46:58] User -> Mill Added -> admin@pds| SHRIVIRAT FOOD PROCESSING PRIVATE LIMITED
[2026-03-16 12:46:58] User -> Mill Added -> admin@pds| Shri Hari Rice Mill
[2026-03-16 12:46:58] User -> Mill Added -> admin@pds| SHREE RAJENDRA  AGRO
[2026-03-16 12:46:58] User -> Mill Added -> admin@pds| M/s Ganpati Rice Mill
[2026-03-16 12:46:58] User -> Mill Added -> admin@pds| Bholenath Rice Mill
[2026-03-16 12:46:58] User -> Mill Added -> admin@pds| Dhanvantri Rice Mill
[2026-03-16 12:46:58] User -> Mill Added -> admin@pds| Maa Bhagwati Rice Mill
[2026-03-16 12:46:58] User -> Mill Added -> admin@pds| RK Rice Mill
[2026-03-16 12:46:58] User -> Mill Added -> admin@pds| Maa Mahamaya Rice Mill
[2026-03-16 12:46:58] User -> Mill Added -> admin@pds| Deep Rice Mill
[2026-03-16 12:46:58] User -> Mill Added -> admin@pds| Shri Sai Rice Mill
[2026-03-16 12:46:58] User -> Mill Added -> admin@pds| Vinayak Rice Mill
[2026-03-16 12:46:58] User -> Mill Added -> admin@pds| Maa Kudargarhi Rice Mill
[2026-03-16 12:46:58] User -> Mill Added -> admin@pds| Ramkishun Paddy Product
[2026-03-16 12:46:58] User -> Mill Added -> admin@pds| Om Rice Mill
[2026-03-16 12:46:58] User -> Mill Added -> admin@pds| Raj Laxmi Rice Mill
[2026-03-16 12:46:58] User -> Mill Added -> admin@pds| SHRI DURGA RICE MILL
[2026-03-16 12:46:58] User -> Mill Added -> admin@pds| POOJA AGROTECH
[2026-03-16 12:46:58] User -> Mill Added -> admin@pds| BARVATIA AGRO AND FOOD PROCESSING INDUSTRIES
[2026-03-16 12:46:58] User -> Mill Added -> admin@pds| MATTA INDUSTRIES
[2026-03-16 12:46:58] User -> Mill Added -> admin@pds| MAA HINGLAJEEN RICE MILL
[2026-03-16 12:46:58] User -> Mill Added -> admin@pds| M/s. RAZA FOODS
[2026-03-16 12:46:58] User -> Mill Added -> admin@pds| GANPATI RICE MILL
[2026-03-16 12:46:58] User -> Mill Added -> admin@pds| ANUJ RICE MILL
[2026-03-16 12:46:58] User -> Mill Added -> admin@pds| BARVATIA AGRO AND FOOD PROCESSING INDUSTRIES UNIT II
[2026-03-16 12:46:58] User -> Mill Added -> admin@pds| SIDDHI RICE MILL
[2026-03-16 12:46:58] User -> Mill Added -> admin@pds| M/S CROWN INDUSTRIES
[2026-03-16 12:46:58] User -> Mill Added -> admin@pds| MAHAVEER PADDY PROCESSORS PRIVATE LIMITED (RAW UNIT)
[2026-03-16 12:46:58] User -> Mill Added -> admin@pds| M/S KHAWAJA AGRO INDUSTRIES
[2026-03-16 12:46:58] User -> Mill Added -> admin@pds| M/S GOVINDA RICE HERITAGE
[2026-03-16 12:46:58] User -> Mill Added -> admin@pds| DINESH CHAWAL UDHYOG
[2026-03-16 12:46:58] User -> Mill Added -> admin@pds| SHRI HANUMANT AGROTECH
[2026-03-16 12:46:58] User -> Mill Added -> admin@pds| NARAYAN RICE MILL
[2026-03-16 12:46:58] User -> Mill Added -> admin@pds| NEELKANTH INDUSTRIES
[2026-03-16 12:46:58] User -> Mill Added -> admin@pds| DANTESHWARI AGRO INDUSTRIES
[2026-03-16 12:46:58] User -> Mill Added -> admin@pds| MS GAJANAND TRADERS UNIT II
[2026-03-16 12:46:58] User -> Mill Added -> admin@pds| M/S CROWN TRADERS
[2026-03-16 12:46:58] User -> Mill Added -> admin@pds| RAMYA AGROTECH
[2026-03-16 12:46:58] User -> Mill Added -> admin@pds| RAMESHWARI RICE MILL
[2026-03-16 12:46:58] User -> Mill Added -> admin@pds| M/s Laxmi Ganesh chawal udyog
[2026-03-16 12:46:58] User -> Mill Added -> admin@pds| SHRI SHYAM SHAKTI RICE MILL
[2026-03-16 12:46:58] User -> Mill Added -> admin@pds| JAI AMBEY RICE MILL
[2026-03-16 12:46:58] User -> Mill Added -> admin@pds| SHRI GOPAL UDYOG
[2026-03-16 12:46:58] User -> Mill Added -> admin@pds| GAURAV TRADING CO
[2026-03-16 12:46:58] User -> Mill Added -> admin@pds| BABA RAMDEO RICE MILL
[2026-03-16 12:46:58] User -> Mill Added -> admin@pds| VIKASH RICE INDUSTRIS THANKHAMARIYA
[2026-03-16 12:46:58] User -> Mill Added -> admin@pds| SHREE AGRAWAL RICE INDUSTRIES THANKHMARIYA
[2026-03-16 12:46:58] User -> Mill Added -> admin@pds| BHUTADA RICE  DALL MILL
[2026-03-16 12:46:58] User -> Mill Added -> admin@pds| MS YASH AGRO PRODUCT
[2026-03-16 12:46:58] User -> Mill Added -> admin@pds| MS SURAJ RICE MILL RAKHIJOBA
[2026-03-16 12:46:58] User -> Mill Added -> admin@pds| Shri Chandra Mills LLP
[2026-03-16 12:46:58] User -> Mill Added -> admin@pds| BOL BAM RICE PRODUCT
[2026-03-16 12:46:58] User -> Mill Added -> admin@pds| ANNPURNA TRADERS
[2026-03-16 12:46:58] User -> Mill Added -> admin@pds| YASH AGRO PRODUCT UNIT
[2026-03-16 12:46:58] User -> Mill Added -> admin@pds| Laxmi Rice Mill
[2026-03-16 12:46:58] User -> Mill Added -> admin@pds| SHREE SHYAM SHAKTI RICE MILE UNIT
[2026-03-16 12:46:58] User -> Mill Added -> admin@pds| M/S UMANG TRADERS
[2026-03-16 12:46:58] User -> Mill Added -> admin@pds| DD RICE MILL
[2026-03-16 12:46:58] User -> Mill Added -> admin@pds| PATEL RICE MILL
[2026-03-16 12:46:58] User -> Mill Added -> admin@pds| GURUNANAK RICE MILL
[2026-03-16 12:46:58] User -> Mill Added -> admin@pds| VIBHA RICE MILL
[2026-03-16 12:46:58] User -> Mill Added -> admin@pds| HANUMANT RICE MILL
[2026-03-16 12:46:58] User -> Mill Added -> admin@pds| ANNPURNA TRADERS UNIT
[2026-03-16 12:46:58] User -> Mill Added -> admin@pds| SHARMA RICE PRODUCT
[2026-03-16 12:46:58] User -> Mill Added -> admin@pds| Laxmi Rice Mill unit II
[2026-03-16 12:46:58] User -> Mill Added -> admin@pds| SHRI MANGALA RICE INDUSTRIES
[2026-03-16 12:46:58] User -> Mill Added -> admin@pds| AGRASEN AGRO
[2026-03-16 12:46:58] User -> Mill Added -> admin@pds| RAHUL RICE PRODUCT
[2026-03-16 12:46:58] User -> Mill Added -> admin@pds| MAA KAMAKHAYA RICE MILL
[2026-03-16 12:46:58] User -> Mill Added -> admin@pds| M/S JAY DURGA FOODS
[2026-03-16 12:46:58] User -> Mill Added -> admin@pds| SHREE VINAYAK AGRO
[2026-03-16 12:46:58] User -> Mill Added -> admin@pds| JAI PATESHWAR RICE INDUSTRIES UNIT
[2026-03-16 12:46:58] User -> Mill Added -> admin@pds| OM TRADERS
[2026-03-16 12:46:58] User -> Mill Added -> admin@pds| M/S YES FOOD PRODUCTS
[2026-03-16 12:46:58] User -> Mill Added -> admin@pds| M/S ATHARVA AGRO PRODUCTS
[2026-03-16 12:46:58] User -> Mill Added -> admin@pds| SHREE SALASAR FOOD PRODUCTS
[2026-03-16 12:46:58] User -> Mill Added -> admin@pds| M/S SHRI SHYAM SHAKTI RICE MILL UNIT -III
[2026-03-16 12:46:58] User -> Mill Added -> admin@pds| SHUBHAM AGRO PRODUCTS
[2026-03-16 12:46:58] User -> Mill Added -> admin@pds| MS DUMRI AGROTECH
[2026-03-16 12:46:58] User -> Mill Added -> admin@pds| ARIHANT RICE INDUTRIES
[2026-03-16 12:46:58] User -> Mill Added -> admin@pds| GANPATI AGRO
[2026-03-16 12:46:58] User -> Mill Added -> admin@pds| SHREE HARI RICE INDUSTRIES
[2026-03-16 12:46:58] User -> Mill Added -> admin@pds| MITHI MUSKAN AGRO PRODUCTS
[2026-03-16 12:46:58] User -> Mill Added -> admin@pds| HARI OM INDUSTRIES
[2026-03-16 12:46:58] User -> Mill Added -> admin@pds| KRISHNA INDUSTRIES
[2026-03-16 12:46:58] User -> Mill Added -> admin@pds| SN AGRO INDUSTRIES
[2026-03-16 12:46:58] User -> Mill Added -> admin@pds| SANJAY RICE MILL
[2026-03-16 12:46:58] User -> Mill Added -> admin@pds| MAA DURGA AGRO INDUTSRIES
[2026-03-16 12:46:58] User -> Mill Added -> admin@pds| Maa Sharda Industries
[2026-03-16 12:46:58] User -> Mill Added -> admin@pds| KHUSHI INDUSTRIES
[2026-03-16 12:46:58] User -> Mill Added -> admin@pds| GUPTA AGRO
[2026-03-16 12:46:58] User -> Mill Added -> admin@pds| ANMOL RICE MILL
[2026-03-16 12:46:58] User -> Mill Added -> admin@pds| RADHEY SHYAM FOODS
[2026-03-16 12:46:58] User -> Mill Added -> admin@pds| Shree Balaji Rice Mill
[2026-03-16 12:46:58] User -> Mill Added -> admin@pds| M/S MAA TULSI AGRO PRODUCT
[2026-03-16 12:46:58] User -> Mill Added -> admin@pds| SHIVANSH INDUSTRIES
[2026-03-16 12:46:58] User -> Mill Added -> admin@pds| M/S MAA MOULI RICE MILL
[2026-03-16 12:46:58] User -> Mill Added -> admin@pds| SHRI SHYAM RICE INDUSTRIES
[2026-03-16 12:46:58] User -> Mill Added -> admin@pds| SHRI DEV RICE MILL
[2026-03-16 12:46:58] User -> Mill Added -> admin@pds| SOHAN RICE AGRO
[2026-03-16 12:46:58] User -> Mill Added -> admin@pds| M/s Shakuntala Rice Mill
[2026-03-16 12:46:58] User -> Mill Added -> admin@pds| M/S MAA AMBEY COMMERCIAL
[2026-03-16 12:46:58] User -> Mill Added -> admin@pds| S.S.FOOD PRODUCTS
[2026-03-16 12:46:58] User -> Mill Added -> admin@pds| PURUSHOTTAM AGRO
[2026-03-16 12:46:58] User -> Mill Added -> admin@pds| SHRI SHANKAR INDUSTRIES
[2026-03-16 12:46:58] User -> Mill Added -> admin@pds| RAJVEER RICE AGRO
[2026-03-16 12:46:58] User -> Mill Added -> admin@pds| SHREE SHIV SHANKAR RICE INDUSTRY
[2026-03-16 12:46:58] User -> Mill Added -> admin@pds| M/S JAI JANANI RICE MILL
[2026-03-16 12:46:58] User -> Mill Added -> admin@pds| M/S MAA TARNI RICE MILL
[2026-03-16 12:46:58] User -> Mill Added -> admin@pds| M/S JAI PARMESHWARI MAA RICE MILL
[2026-03-16 12:46:58] User -> Mill Added -> admin@pds| VIKASH RICE INDUSTRIES UNITII
[2026-03-16 12:46:58] User -> Mill Added -> admin@pds| RAJSHI FOOD PRODUCT
[2026-03-16 12:46:58] User -> Mill Added -> admin@pds| SHREE VINAYAK AGRO (I)
[2026-03-16 12:46:58] User -> Mill Added -> admin@pds| ARORA AGRO INDUSTRIES LLP
[2026-03-16 12:46:58] User -> Mill Added -> admin@pds| BALAJEESK FOOD PROCESSING PRIVATE LIMITED
[2026-03-16 12:46:58] User -> Mill Added -> admin@pds| GURUDEV AGRO PRODUCTS
[2026-03-16 12:46:58] User -> Mill Added -> admin@pds| RAJVEER RICE PRODUCT
[2026-03-16 12:46:58] User -> Mill Added -> admin@pds| SHRIMAY AGRO INDUSTRIES
[2026-03-16 12:46:58] User -> Mill Added -> admin@pds| SHANKHESHWAR RICE PRODUCTS
[2026-03-16 12:46:58] User -> Mill Added -> admin@pds| SHANKAR RICE INDUSTRIES
[2026-03-16 12:46:58] User -> Mill Added -> admin@pds| OM RICE MILL
[2026-03-16 12:46:58] User -> Mill Added -> admin@pds| Swasti Agro Industries
[2026-03-16 12:46:58] User -> Mill Added -> admin@pds| GEETA AGRO INDUSTRIES
[2026-03-16 12:46:58] User -> Mill Added -> admin@pds| H.R.GRAINS
[2026-03-16 12:46:58] User -> Mill Added -> admin@pds| UNNATI FOODS
[2026-03-16 12:46:58] User -> Mill Added -> admin@pds| MAHAVIR RICE AGRO
[2026-03-16 12:46:58] User -> Mill Added -> admin@pds| SHREE NARAYANI AGROTECH
[2026-03-16 12:46:58] User -> Mill Added -> admin@pds| SS RICE
[2026-03-16 12:46:58] User -> Mill Added -> admin@pds| MANYA TRADERS
[2026-03-16 12:46:58] User -> Mill Added -> admin@pds| ASHIRWAD INDUSTRIES
[2026-03-16 12:46:58] User -> Mill Added -> admin@pds| SHRI OM RICE TECH
[2026-03-16 12:46:58] User -> Mill Added -> admin@pds| SHRI RAGHAV AGRO
[2026-03-16 12:46:58] User -> Mill Added -> admin@pds| NEELKANTH ENTERPRISES
[2026-03-16 12:46:58] User -> Mill Added -> admin@pds| M/S SHRI SHYAM RICE MILL
[2026-03-16 12:46:58] User -> Mill Added -> admin@pds| BHAWANI RICE MILL
[2026-03-16 12:46:58] User -> Mill Added -> admin@pds| SHRI BALAJI FOODS
[2026-03-16 12:46:58] User -> Mill Added -> admin@pds| M/S GULAB AGRO
[2026-03-16 12:46:58] User -> Mill Added -> admin@pds| shri ram rice industries
[2026-03-16 12:46:58] User -> Mill Added -> admin@pds| BALAJEE ASSOCIATES
[2026-03-16 12:46:58] User -> Mill Added -> admin@pds| M/S GIRIRAJ RICE MILL
[2026-03-16 12:46:58] User -> Mill Added -> admin@pds| SHIVAJI AGRO PRODUCT
[2026-03-16 12:46:58] User -> Mill Added -> admin@pds| SHRI SAI FOODS
[2026-03-16 12:46:58] User -> Mill Added -> admin@pds| LAKHMANIA AGRO LLP
[2026-03-16 12:46:58] User -> Mill Added -> admin@pds| M/S TIKA RAM RICE MILL
[2026-03-16 12:46:58] User -> Mill Added -> admin@pds| SHANTI RICE INDUSTRIES
[2026-03-16 12:46:58] User -> Mill Added -> admin@pds| BHAVESH AGRO
[2026-03-16 12:46:58] User -> Mill Added -> admin@pds| GURUDEV INDUSTRIES
[2026-03-16 12:46:58] User -> Mill Added -> admin@pds| SHRI SADGURU RICE MILL
[2026-03-16 12:46:58] User -> Mill Added -> admin@pds| SHREE SANTOSHI INTERCONTINENTAL PRIVATE LIMITED
[2026-03-16 12:46:58] User -> Mill Added -> admin@pds| SHIVSHAKTI AGRO INDUSTRIES
[2026-03-16 12:46:58] User -> Mill Added -> admin@pds| Akshat Udyog
[2026-03-16 12:46:58] User -> Mill Added -> admin@pds| Shri Dev Rice Mill
[2026-03-16 12:46:58] User -> Mill Added -> admin@pds| JAI BAJRANG AGRO
[2026-03-16 12:46:58] User -> Mill Added -> admin@pds| MAA SHAKAMBHARI RICE MILL
[2026-03-16 12:46:58] User -> Mill Added -> admin@pds| BALAJI AGRO INDUSTRIES
[2026-03-16 12:46:58] User -> Mill Added -> admin@pds| Mahakaal Enterprises
[2026-03-16 12:46:58] User -> Mill Added -> admin@pds| RISHI RICE PRODUCTS
[2026-03-16 12:46:58] User -> Mill Added -> admin@pds| BIDAMI RICE MILL
[2026-03-16 12:46:58] User -> Mill Added -> admin@pds| SONI RICE MILL
[2026-03-16 12:46:58] User -> Mill Added -> admin@pds| MAALAXMI RICE AGRO PRIVATE LIMITED
[2026-03-16 12:46:58] User -> Mill Added -> admin@pds| M/S SARKAR RICE MILL
[2026-03-16 12:47:08] User -> PC deleted -> admin@pds| Requested JSON -> {"uid":"all"} | all
[2026-03-16 12:47:44] PC Added -> ????? by admin@pds
[2026-03-16 12:47:44] PC Added -> ????? by admin@pds
[2026-03-16 12:47:44] PC Added -> ?????????? by admin@pds
[2026-03-16 12:47:44] PC Added -> ???????????? by admin@pds
[2026-03-16 12:47:44] PC Added -> ???????? by admin@pds
[2026-03-16 12:47:44] PC Added -> ??????? by admin@pds
[2026-03-16 12:47:44] PC Added -> ????????? by admin@pds
[2026-03-16 12:47:44] PC Added -> ???????? by admin@pds
[2026-03-16 12:47:44] PC Added -> ????????? by admin@pds
[2026-03-16 12:47:44] PC Added -> ????????? by admin@pds
[2026-03-16 12:47:44] PC Added -> ????? by admin@pds
[2026-03-16 12:47:44] PC Added -> ??????? by admin@pds
[2026-03-16 12:47:44] PC Added -> ????? by admin@pds
[2026-03-16 12:47:44] PC Added -> ????????? by admin@pds
[2026-03-16 12:47:44] PC Added -> ??????? by admin@pds
[2026-03-16 12:47:44] PC Added -> ??????? by admin@pds
[2026-03-16 12:47:44] PC Added -> ???? by admin@pds
[2026-03-16 12:47:44] PC Added -> ???????? by admin@pds
[2026-03-16 12:47:44] PC Added -> ?????? by admin@pds
[2026-03-16 12:47:44] PC Added -> ?????? by admin@pds
[2026-03-16 12:47:44] PC Added -> ?????? by admin@pds
[2026-03-16 12:47:44] PC Added -> ??????? by admin@pds
[2026-03-16 12:47:44] PC Added -> ??????? by admin@pds
[2026-03-16 12:47:44] PC Added -> ???????? by admin@pds
[2026-03-16 12:47:44] PC Added -> ??????? by admin@pds
[2026-03-16 12:47:44] PC Added -> ??????? by admin@pds
[2026-03-16 12:47:44] PC Added -> ???? by admin@pds
[2026-03-16 12:47:44] PC Added -> ????????? by admin@pds
[2026-03-16 12:47:44] PC Added -> ?????? (??) by admin@pds
[2026-03-16 12:47:44] PC Added -> ?????? by admin@pds
[2026-03-16 12:47:44] PC Added -> ?????????? by admin@pds
[2026-03-16 12:47:44] PC Added -> ???? by admin@pds
[2026-03-16 12:47:44] PC Added -> ?????? by admin@pds
[2026-03-16 12:47:44] PC Added -> ??????? by admin@pds
[2026-03-16 12:47:44] PC Added -> ?????? by admin@pds
[2026-03-16 12:47:44] PC Added -> ????? by admin@pds
[2026-03-16 12:47:44] PC Added -> ??????? by admin@pds
[2026-03-16 12:47:44] PC Added -> ????? by admin@pds
[2026-03-16 12:47:44] PC Added -> ??????????? by admin@pds
[2026-03-16 12:47:44] PC Added -> ????? by admin@pds
[2026-03-16 12:47:44] PC Added -> ??????? by admin@pds
[2026-03-16 12:47:44] PC Added -> ?????? by admin@pds
[2026-03-16 12:47:44] PC Added -> ?????? by admin@pds
[2026-03-16 12:47:44] PC Added -> ????? by admin@pds
[2026-03-16 12:47:44] PC Added -> ?????? by admin@pds
[2026-03-16 12:47:44] PC Added -> ???????? by admin@pds
[2026-03-16 12:47:44] PC Added -> ???? by admin@pds
[2026-03-16 12:47:44] PC Added -> ???????? by admin@pds
[2026-03-16 12:47:44] PC Added -> ?????? by admin@pds
[2026-03-16 12:47:44] PC Added -> ??.?. ???????&#160; by admin@pds
[2026-03-16 12:47:44] PC Added -> ?????????? by admin@pds
[2026-03-16 12:47:44] PC Added -> ???????? by admin@pds
[2026-03-16 12:47:44] PC Added -> ????????? by admin@pds
[2026-03-16 12:47:44] PC Added -> ??????? by admin@pds
[2026-03-16 12:47:44] PC Added -> ????? by admin@pds
[2026-03-16 12:47:44] PC Added -> ??????????? by admin@pds
[2026-03-16 12:47:44] PC Added -> ???? by admin@pds
[2026-03-16 12:47:44] PC Added -> ????? by admin@pds
[2026-03-16 12:47:44] PC Added -> ?????? by admin@pds
[2026-03-16 12:47:44] PC Added -> ????? by admin@pds
[2026-03-16 12:47:44] PC Added -> ?????? ??????? by admin@pds
[2026-03-16 12:47:44] PC Added -> ????? by admin@pds
[2026-03-16 12:47:44] PC Added -> ????? by admin@pds
[2026-03-16 12:47:44] PC Added -> ????? by admin@pds
[2026-03-16 12:47:44] PC Added -> ????? by admin@pds
[2026-03-16 12:47:44] PC Added -> ??????? by admin@pds
[2026-03-16 12:47:44] PC Added -> ???????? by admin@pds
[2026-03-16 12:47:44] PC Added -> ?????? by admin@pds
[2026-03-16 12:47:44] PC Added -> ?????? by admin@pds
[2026-03-16 12:47:44] PC Added -> ????? by admin@pds
[2026-03-16 12:47:44] PC Added -> ???????? by admin@pds
[2026-03-16 12:47:44] PC Added -> ??????? by admin@pds
[2026-03-16 12:47:44] PC Added -> ????? by admin@pds
[2026-03-16 12:47:44] PC Added -> ?????? by admin@pds
[2026-03-16 12:47:44] PC Added -> ???? by admin@pds
[2026-03-16 12:47:44] PC Added -> ????? by admin@pds
[2026-03-16 12:47:44] PC Added -> ???? by admin@pds
[2026-03-16 12:47:44] PC Added -> ????? by admin@pds
[2026-03-16 12:47:44] PC Added -> ?????? by admin@pds
[2026-03-16 12:47:44] PC Added -> ???????? by admin@pds
[2026-03-16 12:47:44] PC Added -> ???????? (??????) by admin@pds
[2026-03-16 12:47:44] PC Added -> ????? by admin@pds
[2026-03-16 12:47:44] PC Added -> ????????? by admin@pds
[2026-03-16 12:47:44] PC Added -> ????? by admin@pds
[2026-03-16 12:47:44] PC Added -> ?????? by admin@pds
[2026-03-16 12:47:44] PC Added -> ???????? by admin@pds
[2026-03-16 12:47:44] PC Added -> ??????? by admin@pds
[2026-03-16 12:47:44] PC Added -> ??????? by admin@pds
[2026-03-16 12:47:44] PC Added -> ???? by admin@pds
[2026-03-16 12:47:44] PC Added -> ??????? by admin@pds
[2026-03-16 12:47:44] PC Added -> ?????? by admin@pds
[2026-03-16 12:47:44] PC Added -> ?????? by admin@pds
[2026-03-16 12:47:44] PC Added -> ????? by admin@pds
[2026-03-16 12:47:44] PC Added -> ????? by admin@pds
[2026-03-16 12:47:44] PC Added -> ?????? by admin@pds
[2026-03-16 12:47:44] PC Added -> ???? (?) by admin@pds
[2026-03-16 12:47:44] PC Added -> ??????? by admin@pds
[2026-03-16 12:47:44] PC Added -> ????????? by admin@pds
[2026-03-16 12:47:44] PC Added -> ??????? by admin@pds
[2026-03-16 12:47:44] PC Added -> ???????? by admin@pds
[2026-03-16 12:47:44] PC Added -> ???????? ?? by admin@pds
[2026-03-16 12:47:44] PC Added -> ?????????? by admin@pds
[2026-03-16 12:47:44] PC Added -> ????? by admin@pds
[2026-03-16 12:47:44] PC Added -> ?????????? by admin@pds
[2026-03-16 12:47:44] PC Added -> ??????? by admin@pds
[2026-03-16 12:47:44] PC Added -> ???????? by admin@pds
[2026-03-16 12:47:44] PC Added -> ?????? by admin@pds
[2026-03-16 12:47:44] PC Added -> ??????? by admin@pds
[2026-03-16 12:47:44] PC Added -> ???? by admin@pds
[2026-03-16 12:47:44] PC Added -> ?????? by admin@pds
[2026-03-16 12:47:44] PC Added -> ????? by admin@pds
[2026-03-16 12:47:44] PC Added -> ????? (? ) by admin@pds
[2026-03-16 12:47:44] PC Added -> ?????????? by admin@pds
[2026-03-16 12:47:44] PC Added -> ???? by admin@pds
[2026-03-16 12:47:44] PC Added -> ???? (?????) by admin@pds
[2026-03-16 12:47:44] PC Added -> ?????? by admin@pds
[2026-03-16 12:47:44] PC Added -> ????????? by admin@pds
[2026-03-16 12:47:44] PC Added -> ????? by admin@pds
[2026-03-16 12:47:44] PC Added -> ???? by admin@pds
[2026-03-16 12:47:44] PC Added -> ??????? by admin@pds
[2026-03-16 12:47:44] PC Added -> ?????????? by admin@pds
[2026-03-16 12:47:44] PC Added -> ????? by admin@pds
[2026-03-16 12:47:44] PC Added -> ??????? by admin@pds
[2026-03-16 12:47:44] PC Added -> ??????? by admin@pds
[2026-03-16 12:47:44] PC Added -> ?????? by admin@pds
[2026-03-16 12:47:44] PC Added -> ????? by admin@pds
[2026-03-16 12:47:44] PC Added -> ?????? by admin@pds
[2026-03-16 12:47:44] PC Added -> ????? by admin@pds
[2026-03-16 12:47:44] PC Added -> ???????? by admin@pds
[2026-03-16 12:47:44] PC Added -> ???????? by admin@pds
[2026-03-16 12:47:44] PC Added -> ???????? by admin@pds
[2026-03-16 12:47:44] PC Added -> ?????? by admin@pds
[2026-03-16 12:47:44] PC Added -> ?????? (?) by admin@pds
[2026-03-16 12:47:44] PC Added -> ?????? ? by admin@pds
[2026-03-16 12:47:44] PC Added -> ??????? by admin@pds
[2026-03-16 12:47:44] PC Added -> ?????? by admin@pds
[2026-03-16 12:47:44] PC Added -> ????????? by admin@pds
[2026-03-16 12:47:44] PC Added -> ??????? by admin@pds
[2026-03-16 12:47:44] PC Added -> ?????? by admin@pds
[2026-03-16 12:47:44] PC Added -> ???? by admin@pds
[2026-03-16 12:47:44] PC Added -> ????????? by admin@pds
[2026-03-16 12:47:44] PC Added -> ?????? by admin@pds
[2026-03-16 12:47:44] PC Added -> ??????? by admin@pds
[2026-03-16 12:47:44] PC Added -> ????? by admin@pds
[2026-03-16 12:47:44] PC Added -> ????? by admin@pds
[2026-03-16 12:47:44] PC Added -> ??????? by admin@pds
[2026-03-16 12:47:44] PC Added -> ??????? by admin@pds
[2026-03-16 12:47:44] PC Added -> ???? by admin@pds
[2026-03-16 12:47:44] PC Added -> ???? by admin@pds
[2026-03-16 12:47:44] PC Added -> ???????? by admin@pds
[2026-03-16 12:47:44] PC Added -> ???? by admin@pds
[2026-03-16 12:47:44] PC Added -> ????? by admin@pds
[2026-03-16 12:47:44] PC Added -> ????????? by admin@pds
[2026-03-16 12:47:44] PC Added -> ????? by admin@pds
[2026-03-16 12:47:44] PC Added -> ????? by admin@pds
[2026-03-16 12:47:44] PC Added -> ?????? by admin@pds
[2026-03-16 12:47:44] PC Added -> ????? by admin@pds
[2026-03-16 12:47:44] PC Added -> ???????? by admin@pds
[2026-03-16 12:47:44] PC Added -> ????? by admin@pds
[2026-03-16 12:47:44] PC Added -> ????? by admin@pds
[2026-03-16 12:47:44] PC Added -> ????? by admin@pds
[2026-03-16 12:47:44] PC Added -> ?????? by admin@pds
[2026-03-16 12:47:44] PC Added -> ???? by admin@pds
[2026-03-16 12:47:44] PC Added -> ????? by admin@pds
[2026-03-16 12:47:44] PC Added -> ????? by admin@pds
[2026-03-16 12:47:44] PC Added -> ?????? by admin@pds
[2026-03-16 12:47:44] PC Added -> ??????? by admin@pds
[2026-03-16 12:47:44] PC Added -> ??????? by admin@pds
[2026-03-16 12:47:44] PC Added -> ?????? by admin@pds
[2026-03-16 12:47:44] PC Added -> ????? (?) by admin@pds
[2026-03-16 12:47:44] PC Added -> ??????? by admin@pds
[2026-03-16 12:47:44] PC Added -> ????????? by admin@pds
[2026-03-16 12:47:44] PC Added -> ?????? by admin@pds
[2026-03-16 12:47:44] PC Added -> ????? by admin@pds
[2026-03-16 12:47:44] PC Added -> ???? by admin@pds
[2026-03-16 12:47:44] PC Added -> ???? by admin@pds
[2026-03-16 12:47:44] PC Added -> ???? (???????) by admin@pds
[2026-03-16 12:47:44] PC Added -> ???? by admin@pds
[2026-03-16 12:47:44] PC Added -> ????(?) by admin@pds
[2026-03-16 12:47:44] PC Added -> ????? by admin@pds
[2026-03-16 12:47:44] PC Added -> ???? by admin@pds
[2026-03-16 12:47:44] PC Added -> ?????? by admin@pds
[2026-03-16 12:47:44] PC Added -> ???????? by admin@pds
[2026-03-16 12:47:44] PC Added -> ??????? by admin@pds
[2026-03-16 12:47:44] PC Added -> ??????? by admin@pds
[2026-03-16 12:47:44] PC Added -> ?????? by admin@pds
[2026-03-16 12:47:44] PC Added -> ????? by admin@pds
[2026-03-16 12:47:44] PC Added -> ????-?? by admin@pds
[2026-03-16 12:47:44] PC Added -> ????? by admin@pds
[2026-03-16 12:47:44] PC Added -> ?????? by admin@pds
[2026-03-16 12:47:44] PC Added -> ????????? by admin@pds
[2026-03-16 12:47:44] PC Added -> ?????? by admin@pds
[2026-03-16 12:47:44] PC Added -> ????? by admin@pds
[2026-03-16 12:47:44] PC Added -> ????? by admin@pds
[2026-03-16 12:47:44] PC Added -> ????? by admin@pds
[2026-03-16 12:47:44] PC Added -> ???? by admin@pds
[2026-03-16 12:47:44] PC Added -> ???????? by admin@pds
[2026-03-16 12:47:44] PC Added -> ????? by admin@pds
[2026-03-16 12:47:44] PC Added -> ????? by admin@pds
[2026-03-16 12:47:44] PC Added -> ????? by admin@pds
[2026-03-16 12:47:44] PC Added -> ???? by admin@pds
[2026-03-16 12:47:44] PC Added -> ?????? by admin@pds
[2026-03-16 12:47:44] PC Added -> ???? by admin@pds
[2026-03-16 12:47:44] PC Added -> ???????? by admin@pds
[2026-03-16 12:47:44] PC Added -> ????? by admin@pds
[2026-03-16 12:47:44] PC Added -> ???????? by admin@pds
[2026-03-16 12:47:44] PC Added -> ?????? by admin@pds
[2026-03-16 12:47:44] PC Added -> ???? by admin@pds
[2026-03-16 12:47:44] PC Added -> ??????? by admin@pds
[2026-03-16 12:47:44] PC Added -> ???????? by admin@pds
[2026-03-16 12:47:44] PC Added -> ?????? by admin@pds
[2026-03-16 12:47:44] PC Added -> ?????? by admin@pds
[2026-03-16 12:47:44] PC Added -> ????? by admin@pds
[2026-03-16 12:47:44] PC Added -> ?????? by admin@pds
[2026-03-16 12:47:44] PC Added -> ?????? by admin@pds
[2026-03-16 12:47:44] PC Added -> ????(?) by admin@pds
[2026-03-16 12:47:44] PC Added -> ????? by admin@pds
[2026-03-16 12:47:44] PC Added -> ????? ????? by admin@pds
[2026-03-16 12:47:44] PC Added -> ????? ???????? by admin@pds
[2026-03-16 12:47:44] PC Added -> ???????????? by admin@pds
[2026-03-16 12:47:44] PC Added -> ????? by admin@pds
[2026-03-16 12:47:44] PC Added -> ???????? by admin@pds
[2026-03-16 12:47:44] PC Added -> ??????? by admin@pds
[2026-03-16 12:47:44] PC Added -> ????? by admin@pds
[2026-03-16 12:47:44] PC Added -> ?????????? by admin@pds
[2026-03-16 12:47:44] PC Added -> ??????? by admin@pds
[2026-03-16 12:47:44] PC Added -> ???? by admin@pds
[2026-03-16 12:47:44] PC Added -> ??????? by admin@pds
[2026-03-16 12:47:44] PC Added -> ??????? by admin@pds
[2026-03-16 12:47:44] PC Added -> ????? by admin@pds
[2026-03-16 12:47:44] PC Added -> ???? by admin@pds
[2026-03-16 12:47:44] PC Added -> ????? by admin@pds
[2026-03-16 12:47:44] PC Added -> ?????? by admin@pds
[2026-03-16 12:47:44] PC Added -> ????? by admin@pds
[2026-03-16 12:47:44] PC Added -> ??????? by admin@pds
[2026-03-16 12:47:44] PC Added -> ??????? by admin@pds
[2026-03-16 12:47:44] PC Added -> ??? by admin@pds
[2026-03-16 12:47:44] PC Added -> ???? by admin@pds
[2026-03-16 12:47:44] PC Added -> ????????? by admin@pds
[2026-03-16 12:47:44] PC Added -> ?????????? by admin@pds
[2026-03-16 12:47:44] PC Added -> ????? by admin@pds
[2026-03-16 12:47:44] PC Added -> ??? by admin@pds
[2026-03-16 12:47:44] PC Added -> ??????? by admin@pds
[2026-03-16 12:47:44] PC Added -> ??????? by admin@pds
[2026-03-16 12:47:44] PC Added -> ??????? by admin@pds
[2026-03-16 12:47:44] PC Added -> ?????? by admin@pds
[2026-03-16 12:47:44] PC Added -> ????? by admin@pds
[2026-03-16 12:47:44] PC Added -> ???????? by admin@pds
[2026-03-16 12:47:44] PC Added -> ?????? by admin@pds
[2026-03-16 12:47:44] PC Added -> ?????? by admin@pds
[2026-03-16 12:47:45] PC Added -> ???????? by admin@pds
[2026-03-16 12:47:45] PC Added -> ???????? by admin@pds
[2026-03-16 12:47:45] PC Added -> ????? by admin@pds
[2026-03-16 12:47:45] PC Added -> ??????? by admin@pds
[2026-03-16 12:47:45] PC Added -> ??????? by admin@pds
[2026-03-16 12:47:45] PC Added -> ?????? by admin@pds
[2026-03-16 12:47:45] PC Added -> ?????? by admin@pds
[2026-03-16 12:47:45] PC Added -> ???? by admin@pds
[2026-03-16 12:47:45] PC Added -> ?????? by admin@pds
[2026-03-16 12:47:45] PC Added -> ????? by admin@pds
[2026-03-16 12:47:45] PC Added -> ?????????? by admin@pds
[2026-03-16 12:47:45] PC Added -> ????? by admin@pds
[2026-03-16 12:47:45] PC Added -> ????? by admin@pds
[2026-03-16 12:47:45] PC Added -> ?????? by admin@pds
[2026-03-16 12:47:45] PC Added -> ?????? by admin@pds
[2026-03-16 12:47:45] PC Added -> ????? by admin@pds
[2026-03-16 12:47:45] PC Added -> ??????? by admin@pds
[2026-03-16 12:47:45] PC Added -> ????? by admin@pds
[2026-03-16 12:47:45] PC Added -> ???????? by admin@pds
[2026-03-16 12:47:45] PC Added -> ?????? by admin@pds
[2026-03-16 12:47:45] PC Added -> ???? by admin@pds
[2026-03-16 12:47:45] PC Added -> ??????? by admin@pds
[2026-03-16 12:47:45] PC Added -> ????? by admin@pds
[2026-03-16 12:47:45] PC Added -> ????? by admin@pds
[2026-03-16 12:47:45] PC Added -> ??????? by admin@pds
[2026-03-16 12:47:45] PC Added -> ???????? by admin@pds
[2026-03-16 12:47:45] PC Added -> ????? by admin@pds
[2026-03-16 12:47:45] PC Added -> ???? by admin@pds
[2026-03-16 12:47:45] PC Added -> ??? by admin@pds
[2026-03-16 12:47:45] PC Added -> ????? by admin@pds
[2026-03-16 12:47:45] PC Added -> ???? by admin@pds
[2026-03-16 12:47:45] PC Added -> ?????? ????? by admin@pds
[2026-03-16 12:47:45] PC Added -> ????-?????????? by admin@pds
[2026-03-16 12:47:45] PC Added -> ????-????? by admin@pds
[2026-03-16 12:47:45] PC Added -> ????? by admin@pds
[2026-03-16 12:47:45] PC Added -> ????? by admin@pds
[2026-03-16 12:47:45] PC Added -> ?????? by admin@pds
[2026-03-16 12:47:45] PC Added -> ??????????? by admin@pds
[2026-03-16 12:47:45] PC Added -> ??????????? by admin@pds
[2026-03-16 12:47:45] PC Added -> ????? by admin@pds
[2026-03-16 12:47:45] PC Added -> ????? by admin@pds
[2026-03-16 12:47:45] PC Added -> ??? by admin@pds
[2026-03-16 12:47:45] PC Added -> ????? by admin@pds
[2026-03-16 12:47:45] PC Added -> ????? by admin@pds
[2026-03-16 12:47:45] PC Added -> ???? by admin@pds
[2026-03-16 12:47:45] PC Added -> ?????? by admin@pds
[2026-03-16 12:47:45] PC Added -> ???? by admin@pds
[2026-03-16 12:47:45] PC Added -> ??????? by admin@pds
[2026-03-16 12:47:45] PC Added -> ????????? by admin@pds
[2026-03-16 12:47:45] PC Added -> ????? by admin@pds
[2026-03-16 12:47:45] PC Added -> ????????? by admin@pds
[2026-03-16 12:47:45] PC Added -> ???????? by admin@pds
[2026-03-16 12:47:45] PC Added -> ??????? by admin@pds
[2026-03-16 12:47:45] PC Added -> ?????? by admin@pds
[2026-03-16 12:47:45] PC Added -> ??????? by admin@pds
[2026-03-16 12:47:45] PC Added -> ???? by admin@pds
[2026-03-16 12:47:45] PC Added -> ????? by admin@pds
[2026-03-16 12:47:45] PC Added -> ????? by admin@pds
[2026-03-16 12:47:45] PC Added -> ????? by admin@pds
[2026-03-16 12:47:45] PC Added -> ??? by admin@pds
[2026-03-16 12:47:45] PC Added -> ?????????? by admin@pds
[2026-03-16 12:47:45] PC Added -> ????? by admin@pds
[2026-03-16 12:47:45] PC Added -> ???????????? by admin@pds
[2026-03-16 12:47:45] PC Added -> ????? by admin@pds
[2026-03-16 12:47:45] PC Added -> ????? by admin@pds
[2026-03-16 12:47:45] PC Added -> ???????? by admin@pds
[2026-03-16 12:47:45] PC Added -> ?????? by admin@pds
[2026-03-16 12:47:45] PC Added -> ???? by admin@pds
[2026-03-16 12:47:45] PC Added -> ???????? by admin@pds
[2026-03-16 12:47:45] PC Added -> ????? by admin@pds
[2026-03-16 12:47:45] PC Added -> ???????(??????) by admin@pds
[2026-03-16 12:47:45] PC Added -> ??????? by admin@pds
[2026-03-16 12:47:45] PC Added -> ??????? by admin@pds
[2026-03-16 12:47:45] PC Added -> ??????? by admin@pds
[2026-03-16 12:47:45] PC Added -> ?????? by admin@pds
[2026-03-16 12:47:45] PC Added -> ???? by admin@pds
[2026-03-16 12:47:45] PC Added -> ??????????? by admin@pds
[2026-03-16 12:47:45] PC Added -> ???????? by admin@pds
[2026-03-16 12:47:45] PC Added -> ?????? by admin@pds
[2026-03-16 12:47:45] PC Added -> ??????? by admin@pds
[2026-03-16 12:47:45] PC Added -> ?????? by admin@pds
[2026-03-16 12:47:45] PC Added -> ???? by admin@pds
[2026-03-16 12:47:45] PC Added -> ???????? by admin@pds
[2026-03-16 12:47:45] PC Added -> ??????? by admin@pds
[2026-03-16 12:47:45] PC Added -> ???? by admin@pds
[2026-03-16 12:47:45] PC Added -> ?????? by admin@pds
[2026-03-16 12:47:45] PC Added -> ????? by admin@pds
[2026-03-16 12:47:45] PC Added -> ???????? by admin@pds
[2026-03-16 12:47:45] PC Added -> ??????? by admin@pds
[2026-03-16 12:47:45] PC Added -> ???? by admin@pds
[2026-03-16 12:47:45] PC Added -> ?????? by admin@pds
[2026-03-16 12:47:45] PC Added -> ???????? by admin@pds
[2026-03-16 12:47:45] PC Added -> ??????? by admin@pds
[2026-03-16 12:47:45] PC Added -> ???????? by admin@pds
[2026-03-16 12:47:45] PC Added -> ????????? by admin@pds
[2026-03-16 12:47:45] PC Added -> ????????? by admin@pds
[2026-03-16 12:47:45] PC Added -> ???? by admin@pds
[2026-03-16 12:47:45] PC Added -> ?????? by admin@pds
[2026-03-16 12:47:45] PC Added -> ????????????? by admin@pds
[2026-03-16 12:47:45] PC Added -> ?????? by admin@pds
[2026-03-16 12:47:45] PC Added -> ?????????? by admin@pds
[2026-03-16 12:47:45] PC Added -> ?????????? by admin@pds
[2026-03-16 12:47:45] PC Added -> ??????? by admin@pds
[2026-03-16 12:47:45] PC Added -> ????????????? by admin@pds
[2026-03-16 12:47:45] PC Added -> ?????? by admin@pds
[2026-03-16 12:47:45] PC Added -> ???? by admin@pds
[2026-03-16 12:47:45] PC Added -> ?????? by admin@pds
[2026-03-16 12:47:45] PC Added -> ????? by admin@pds
[2026-03-16 12:47:45] PC Added -> ????? by admin@pds
[2026-03-16 12:47:45] PC Added -> ????? by admin@pds
[2026-03-16 12:47:45] PC Added -> ??????? by admin@pds
[2026-03-16 12:47:45] PC Added -> ???????? by admin@pds
[2026-03-16 12:47:45] PC Added -> ????? by admin@pds
[2026-03-16 12:47:45] PC Added -> ????? by admin@pds
[2026-03-16 12:47:45] PC Added -> ????? by admin@pds
[2026-03-16 12:47:45] PC Added -> ??????? by admin@pds
[2026-03-16 12:47:45] PC Added -> ?????? by admin@pds
[2026-03-16 12:47:45] PC Added -> ????????? by admin@pds
[2026-03-16 12:47:45] PC Added -> ???????? by admin@pds
[2026-03-16 12:47:45] PC Added -> ??????? by admin@pds
[2026-03-16 12:47:45] PC Added -> ??????? by admin@pds
[2026-03-16 12:47:45] PC Added -> ?????? by admin@pds
[2026-03-16 12:47:45] PC Added -> ?????? by admin@pds
[2026-03-16 12:47:45] PC Added -> ?????? by admin@pds
[2026-03-16 12:47:45] PC Added -> ????? by admin@pds
[2026-03-16 12:47:45] PC Added -> ??????? by admin@pds
[2026-03-16 12:47:45] PC Added -> ?????????? by admin@pds
[2026-03-16 12:47:45] PC Added -> ??????? by admin@pds
[2026-03-16 12:47:45] PC Added -> ?????? by admin@pds
[2026-03-16 12:47:45] PC Added -> ???? by admin@pds
[2026-03-16 12:47:45] PC Added -> ??????? by admin@pds
[2026-03-16 12:47:45] PC Added -> ???? by admin@pds
[2026-03-16 12:47:45] PC Added -> ???? ??????? by admin@pds
[2026-03-16 12:47:45] PC Added -> ????????? by admin@pds
[2026-03-16 12:47:45] PC Added -> ????????? by admin@pds
[2026-03-16 12:47:45] PC Added -> ??????? by admin@pds
[2026-03-16 12:47:45] PC Added -> ??????? by admin@pds
[2026-03-16 12:47:45] PC Added -> ????? by admin@pds
[2026-03-16 12:47:45] PC Added -> ???????? by admin@pds
[2026-03-16 12:47:45] PC Added -> ????? by admin@pds
[2026-03-16 12:47:45] PC Added -> ??????? by admin@pds
[2026-03-16 12:47:45] PC Added -> ???????? by admin@pds
[2026-03-16 12:47:45] PC Added -> ??????? by admin@pds
[2026-03-16 12:47:45] PC Added -> ???? by admin@pds
[2026-03-16 12:47:45] PC Added -> ????? by admin@pds
[2026-03-16 12:47:45] PC Added -> ?????? by admin@pds
[2026-03-16 12:47:45] PC Added -> ??????? by admin@pds
[2026-03-16 12:47:45] PC Added -> ??????? by admin@pds
[2026-03-16 12:47:45] PC Added -> ???????? by admin@pds
[2026-03-16 12:47:45] PC Added -> ?????? by admin@pds
[2026-03-16 12:47:45] PC Added -> ????? by admin@pds
[2026-03-16 12:47:45] PC Added -> ?????? by admin@pds
[2026-03-16 12:47:45] PC Added -> ?????? by admin@pds
[2026-03-16 12:47:45] PC Added -> ???????? by admin@pds
[2026-03-16 12:47:45] PC Added -> ??? ????? by admin@pds
[2026-03-16 12:47:45] PC Added -> ?????????? by admin@pds
[2026-03-16 12:47:45] PC Added -> ???????? by admin@pds
[2026-03-16 12:47:45] PC Added -> ????????? by admin@pds
[2026-03-16 12:47:45] PC Added -> ?????? by admin@pds
[2026-03-16 12:47:45] PC Added -> ????????? by admin@pds
[2026-03-16 12:47:45] PC Added -> ??????? by admin@pds
[2026-03-16 12:47:45] PC Added -> ?????????? by admin@pds
[2026-03-16 12:47:45] PC Added -> ?????? by admin@pds
[2026-03-16 12:47:45] PC Added -> ????????? by admin@pds
[2026-03-16 12:47:45] PC Added -> ??????? by admin@pds
[2026-03-16 12:47:45] PC Added -> ?????? by admin@pds
[2026-03-16 12:47:45] PC Added -> ??????????? by admin@pds
[2026-03-16 12:47:45] PC Added -> ???? by admin@pds
[2026-03-16 12:47:45] PC Added -> ?????? by admin@pds
[2026-03-16 12:47:45] PC Added -> ???????? by admin@pds
[2026-03-16 12:47:45] PC Added -> ?????? by admin@pds
[2026-03-16 12:47:45] PC Added -> ?????? by admin@pds
[2026-03-16 12:47:45] PC Added -> ??????? by admin@pds
[2026-03-16 12:47:45] PC Added -> ????? by admin@pds
[2026-03-16 12:47:45] PC Added -> ??????? by admin@pds
[2026-03-16 12:47:45] PC Added -> ?????? by admin@pds
[2026-03-16 12:47:45] PC Added -> ?????? by admin@pds
[2026-03-16 12:47:45] PC Added -> ?????? by admin@pds
[2026-03-16 12:47:45] PC Added -> ???????????? by admin@pds
[2026-03-16 12:47:45] PC Added -> ??????? by admin@pds
[2026-03-16 12:47:45] PC Added -> ??????? by admin@pds
[2026-03-16 12:47:45] PC Added -> ???????? by admin@pds
[2026-03-16 12:47:45] PC Added -> ???????? by admin@pds
[2026-03-16 12:47:45] PC Added -> ?????(?????????) by admin@pds
[2026-03-16 12:47:45] PC Added -> ?????? by admin@pds
[2026-03-16 12:47:45] PC Added -> ???????? by admin@pds
[2026-03-16 12:47:45] PC Added -> ???????? by admin@pds
[2026-03-16 12:47:45] PC Added -> ???? by admin@pds
[2026-03-16 12:47:45] PC Added -> ??????? by admin@pds
[2026-03-16 12:47:45] PC Added -> ????? by admin@pds
[2026-03-16 12:47:45] PC Added -> ?????? by admin@pds
[2026-03-16 12:47:45] PC Added -> ?????????? by admin@pds
[2026-03-16 12:47:45] PC Added -> ???????? by admin@pds
[2026-03-16 12:47:45] PC Added -> ???? by admin@pds
[2026-03-16 12:47:45] PC Added -> ?????? by admin@pds
[2026-03-16 12:47:45] PC Added -> ????? by admin@pds
[2026-03-16 12:47:45] PC Added -> ??? by admin@pds
[2026-03-16 12:47:45] PC Added -> ????? by admin@pds
[2026-03-16 12:47:45] PC Added -> ?????? by admin@pds
[2026-03-16 12:47:45] PC Added -> ???????? by admin@pds
[2026-03-16 12:47:45] PC Added -> ?????? by admin@pds
[2026-03-16 12:47:45] PC Added -> ????? by admin@pds
[2026-03-16 12:47:45] PC Added -> ????? by admin@pds
[2026-03-16 12:47:45] PC Added -> ??????? by admin@pds
[2026-03-16 12:47:45] PC Added -> ?????? by admin@pds
[2026-03-16 12:47:45] PC Added -> ??????? by admin@pds
[2026-03-16 12:47:45] PC Added -> ????? by admin@pds
[2026-03-16 12:47:45] PC Added -> ????? by admin@pds
[2026-03-16 12:47:45] PC Added -> ????? by admin@pds
[2026-03-16 12:47:45] PC Added -> ????? by admin@pds
[2026-03-16 12:47:45] PC Added -> ???????? by admin@pds
[2026-03-16 12:47:45] PC Added -> ?????????? by admin@pds
[2026-03-16 12:47:45] PC Added -> ??????? by admin@pds
[2026-03-16 12:47:45] PC Added -> ?????? by admin@pds
[2026-03-16 12:47:45] PC Added -> ??????? by admin@pds
[2026-03-16 12:47:45] PC Added -> ??????? by admin@pds
[2026-03-16 12:47:45] PC Added -> ???? by admin@pds
[2026-03-16 12:47:45] PC Added -> ?????? by admin@pds
[2026-03-16 12:47:45] PC Added -> ??????? by admin@pds
[2026-03-16 12:47:45] PC Added -> ?????? by admin@pds
[2026-03-16 12:47:45] PC Added -> ????? by admin@pds
[2026-03-16 12:47:45] PC Added -> ??????? by admin@pds
[2026-03-16 12:47:45] PC Added -> ??????? by admin@pds
[2026-03-16 12:47:45] PC Added -> ??????? by admin@pds
[2026-03-16 12:47:45] PC Added -> ??????? by admin@pds
[2026-03-16 12:47:45] PC Added -> ??????? by admin@pds
[2026-03-16 12:47:45] PC Added -> ??????? by admin@pds
[2026-03-16 12:47:45] PC Added -> ????????? by admin@pds
[2026-03-16 12:47:45] PC Added -> ????? by admin@pds
[2026-03-16 12:47:45] PC Added -> ????????? by admin@pds
[2026-03-16 12:47:45] PC Added -> ????? by admin@pds
[2026-03-16 12:47:45] PC Added -> ??????? by admin@pds
[2026-03-16 12:47:45] PC Added -> ????? by admin@pds
[2026-03-16 12:47:45] PC Added -> ????? by admin@pds
[2026-03-16 12:47:45] PC Added -> ???? by admin@pds
[2026-03-16 12:47:45] PC Added -> ???? by admin@pds
[2026-03-16 12:47:45] PC Added -> ??? (??????) by admin@pds
[2026-03-16 12:47:45] PC Added -> ??? (???????) by admin@pds
[2026-03-16 12:47:45] PC Added -> ??????? by admin@pds
[2026-03-16 12:47:45] PC Added -> ????? by admin@pds
[2026-03-16 12:47:45] PC Added -> ????? by admin@pds
[2026-03-16 12:47:45] PC Added -> ??????? (?) by admin@pds
[2026-03-16 12:47:45] PC Added -> ????? by admin@pds
[2026-03-16 12:47:45] PC Added -> ??????? by admin@pds
[2026-03-16 12:47:45] PC Added -> ??? ????????? by admin@pds
[2026-03-16 12:47:45] PC Added -> ????? by admin@pds
[2026-03-16 12:47:45] PC Added -> ????? by admin@pds
[2026-03-16 12:47:45] PC Added -> ???????? by admin@pds
[2026-03-16 12:47:45] PC Added -> ????? by admin@pds
[2026-03-16 12:47:45] PC Added -> ????? by admin@pds
[2026-03-16 12:47:45] PC Added -> ?????? by admin@pds
[2026-03-16 12:47:45] PC Added -> ??????????? by admin@pds
[2026-03-16 12:47:45] PC Added -> ??????? by admin@pds
[2026-03-16 12:47:45] PC Added -> ????????? by admin@pds
[2026-03-16 12:47:45] PC Added -> ??????? by admin@pds
[2026-03-16 12:47:45] PC Added -> ???????????? by admin@pds
[2026-03-16 12:47:45] PC Added -> ????? by admin@pds
[2026-03-16 12:47:45] PC Added -> ??????? by admin@pds
[2026-03-16 12:47:45] PC Added -> ???? by admin@pds
[2026-03-16 12:47:45] PC Added -> ????????? by admin@pds
[2026-03-16 12:47:45] PC Added -> ?????? by admin@pds
[2026-03-16 12:47:45] PC Added -> ?????? by admin@pds
[2026-03-16 12:47:45] PC Added -> ?????? by admin@pds
[2026-03-16 12:47:45] PC Added -> ?????? by admin@pds
[2026-03-16 12:47:45] PC Added -> ?????? by admin@pds
[2026-03-16 12:47:45] PC Added -> ??????? by admin@pds
[2026-03-16 12:47:45] PC Added -> ??????? by admin@pds
[2026-03-16 12:47:45] PC Added -> ??????? by admin@pds
[2026-03-16 12:47:45] PC Added -> ????? by admin@pds
[2026-03-16 12:47:45] PC Added -> ?????? by admin@pds
[2026-03-16 12:47:45] PC Added -> ???? by admin@pds
[2026-03-16 12:47:45] PC Added -> ??????? by admin@pds
[2026-03-16 12:47:45] PC Added -> ???????? by admin@pds
[2026-03-16 12:47:45] PC Added -> ????? by admin@pds
[2026-03-16 12:47:45] PC Added -> ??????? by admin@pds
[2026-03-16 12:47:45] PC Added -> ???? by admin@pds
[2026-03-16 12:47:45] PC Added -> ???????? by admin@pds
[2026-03-16 12:47:45] PC Added -> ?????? by admin@pds
[2026-03-16 12:47:45] PC Added -> ?????? by admin@pds
[2026-03-16 12:47:45] PC Added -> ??????? by admin@pds
[2026-03-16 12:47:45] PC Added -> ?????? by admin@pds
[2026-03-16 12:47:45] PC Added -> ???? by admin@pds
[2026-03-16 12:47:45] PC Added -> ????? by admin@pds
[2026-03-16 12:47:45] PC Added -> ??????? by admin@pds
[2026-03-16 12:47:45] PC Added -> ?? by admin@pds
[2026-03-16 12:47:45] PC Added -> ??????? by admin@pds
[2026-03-16 12:47:45] PC Added -> ????? by admin@pds
[2026-03-16 12:47:45] PC Added -> ?????? by admin@pds
[2026-03-16 12:47:45] PC Added -> ???? by admin@pds
[2026-03-16 12:47:45] PC Added -> ????????? by admin@pds
[2026-03-16 12:47:45] PC Added -> ?????????? by admin@pds
[2026-03-16 12:47:45] PC Added -> ??????? by admin@pds
[2026-03-16 12:47:45] PC Added -> ?????? by admin@pds
[2026-03-16 12:47:45] PC Added -> ??????(????) by admin@pds
[2026-03-16 12:47:45] PC Added -> ???????? by admin@pds
[2026-03-16 12:47:45] PC Added -> ???????? by admin@pds
[2026-03-16 12:47:45] PC Added -> ?????? by admin@pds
[2026-03-16 12:47:45] PC Added -> ???? by admin@pds
[2026-03-16 12:47:45] PC Added -> ??? by admin@pds
[2026-03-16 12:47:45] PC Added -> ???????? by admin@pds
[2026-03-16 12:47:45] PC Added -> ??????? by admin@pds
[2026-03-16 12:47:45] PC Added -> ??????? by admin@pds
[2026-03-16 12:47:45] PC Added -> ?????? by admin@pds
[2026-03-16 12:47:45] PC Added -> ????????? by admin@pds
[2026-03-16 12:47:45] PC Added -> ??????? by admin@pds
[2026-03-16 12:47:45] PC Added -> ???? by admin@pds
[2026-03-16 12:47:45] PC Added -> ??????? by admin@pds
[2026-03-16 12:47:45] PC Added -> ?????? by admin@pds
[2026-03-16 12:47:45] PC Added -> ?????? by admin@pds
[2026-03-16 12:47:45] PC Added -> ???? by admin@pds
[2026-03-16 12:47:45] PC Added -> ????? by admin@pds
[2026-03-16 12:47:45] PC Added -> ???? by admin@pds
[2026-03-16 12:47:45] PC Added -> ??????? by admin@pds
[2026-03-16 12:47:45] PC Added -> ??????? by admin@pds
[2026-03-16 12:47:45] PC Added -> ???? by admin@pds
[2026-03-16 12:47:45] PC Added -> ????????? by admin@pds
