[2026-03-19 10:45:58] User -> Send  Message ->admin@pds| Requested JSON -> {"message":"scriptalertdocument.cookiescript","uniqueid":"all"} | Surguja@pds
[2026-03-19 10:54:16] User -> Send  Message ->admin@pds| Requested JSON -> {"message":"scriptalertdocument.cookiescript","uniqueid":"all"} | Surguja@pds
[2026-03-19 10:54:22] User -> Delete Message ->admin@pds| Requested JSON -> scriptalertdocument.cookiescript | Balod@pds
[2026-03-19 10:54:25] User -> Delete Message ->admin@pds| Requested JSON -> scriptalertdocument.cookiescript | Sarangarh Bilaigarh@pds
[2026-03-19 10:54:30] User -> Delete Message ->admin@pds| Requested JSON -> scriptalertdocument.cookiescript | Balodabazar@pds
[2026-03-19 10:54:39] User -> Delete Message ->admin@pds| Requested JSON -> scriptalertdocument.cookiescript | Sakti@pds
[2026-03-19 10:54:46] User -> Delete Message ->admin@pds| Requested JSON -> scriptalertdocument.cookiescript | Balrampur@pds
[2026-03-19 11:00:48] User -> Send  Message ->admin@pds| Requested JSON -> {"message":"scriptalertdocument.cookiescript","uniqueid":"all"} | Surguja@pds
[2026-03-19 11:00:57] User -> Delete Message ->admin@pds| Requested JSON -> scriptalertdocument.cookiescript | Rajnandgaon@pds
[2026-03-19 11:01:00] User -> Delete Message ->admin@pds| Requested JSON -> scriptalertdocument.cookiescript | Sukma@pds
[2026-03-19 11:01:02] User -> Delete Message ->admin@pds| Requested JSON -> scriptalertdocument.cookiescript | Surajpur@pds
[2026-03-19 11:01:04] User -> Delete Message ->admin@pds| Requested JSON -> scriptalertdocument.cookiescript | Sarangarh Bilaigarh@pds
[2026-03-19 11:01:06] User -> Delete Message ->admin@pds| Requested JSON -> scriptalertdocument.cookiescript | Raigarh@pds
[2026-03-19 11:01:08] User -> Delete Message ->admin@pds| Requested JSON -> scriptalertdocument.cookiescript | Narayanpur@pds
[2026-03-19 11:01:10] User -> Delete Message ->admin@pds| Requested JSON -> scriptalertdocument.cookiescript | Mungeli@pds
[2026-03-19 11:01:12] User -> Delete Message ->admin@pds| Requested JSON -> scriptalertdocument.cookiescript | Mohlamanpur Ambagarhchoki@pds
[2026-03-19 11:01:16] User -> Delete Message ->admin@pds| Requested JSON -> scriptalertdocument.cookiescript | Mahasamund@pds
[2026-03-19 11:01:21] User -> Delete Message ->admin@pds| Requested JSON -> scriptalertdocument.cookiescript | Manendragarh Chirmiri Bhartpur
[2026-03-19 11:01:23] User -> Delete Message ->admin@pds| Requested JSON -> scriptalertdocument.cookiescript | Sakti@pds
[2026-03-19 11:01:25] User -> Delete Message ->admin@pds| Requested JSON -> scriptalertdocument.cookiescript | Surguja@pds
[2026-03-19 11:02:00] User -> Send  Message ->admin@pds| Requested JSON -> {"message":"scriptalertdocument.cookiescript","uniqueid":"all"} | Surguja@pds
[2026-03-19 11:02:06] User -> Delete Message ->admin@pds| Requested JSON -> scriptalertdocument.cookiescript | Surguja@pds
[2026-03-19 11:02:11] User -> Delete Message ->admin@pds| Requested JSON -> scriptalertdocument.cookiescript | Rajnandgaon@pds
[2026-03-19 11:02:13] User -> Delete Message ->admin@pds| Requested JSON -> scriptalertdocument.cookiescript | Raigarh@pds
[2026-03-19 16:08:16] User -> Delete Message ->admin@pds| Requested JSON -> scriptalertdocument.cookiescript | Uttar Bastar Kanker@pds
[2026-03-19 16:08:19] User -> Delete Message ->admin@pds| Requested JSON -> scriptalertdocument.cookiescript | Surajpur@pds
[2026-03-19 16:08:21] User -> Delete Message ->admin@pds| Requested JSON -> scriptalertdocument.cookiescript | Sukma@pds
[2026-03-19 16:08:24] User -> Delete Message ->admin@pds| Requested JSON -> scriptalertdocument.cookiescript | Sarangarh Bilaigarh@pds
[2026-03-19 16:08:26] User -> Delete Message ->admin@pds| Requested JSON -> scriptalertdocument.cookiescript | Sakti@pds
[2026-03-19 16:08:28] User -> Delete Message ->admin@pds| Requested JSON -> scriptalertdocument.cookiescript | Raipur@pds
[2026-03-19 16:08:30] User -> Delete Message ->admin@pds| Requested JSON -> scriptalertdocument.cookiescript | Narayanpur@pds
[2026-03-19 16:08:32] User -> Delete Message ->admin@pds| Requested JSON -> scriptalertdocument.cookiescript | Mungeli@pds
[2026-03-19 16:08:34] User -> Delete Message ->admin@pds| Requested JSON -> scriptalertdocument.cookiescript | Mohlamanpur Ambagarhchoki@pds
[2026-03-19 16:08:36] User -> Delete Message ->admin@pds| Requested JSON -> scriptalertdocument.cookiescript | Manendragarh Chirmiri Bhartpur
[2026-03-19 16:08:38] User -> Delete Message ->admin@pds| Requested JSON -> scriptalertdocument.cookiescript | Mahasamund@pds
