[2025-02-10 10:26:29] User -> District Name Edit->admin@pds| Requested JSON -> {"name":"Balode","uid":"6641afff2187f"}
[2025-02-10 10:42:18] User -> District Name Edit->admin@pds| Requested JSON -> {"name":"Balod","uid":"6641afff2187f"}
[2025-02-10 10:42:37] User -> District Name Edit->admin@pds| Requested JSON -> {"name":"Balod","uid":"6641afff2187f"}
[2025-02-10 11:41:55] User -> District Name Edit->admin@pds| Requested JSON -> {"name":"Durga","uid":"6641b0d43910d"}
[2025-02-10 11:42:10] User -> District Name Edit->admin@pds| Requested JSON -> {"name":"Durg","uid":"6641b0d43910d"}
[2025-02-10 11:54:56] User -> Warehouse deleted -> admin@pds| Requested JSON -> {"uid":"WH_67a75aaaca66"} | Test
[2025-02-10 11:55:02] User -> Warehouse deleted -> admin@pds| Requested JSON -> {"uid":"WH_67a75b766196"} | Testdata
[2025-02-10 19:04:26] User -> FPS InActive -> admin@pds| Abcd
[2025-02-10 19:04:28] User -> FPS Active -> admin@pds| Abcd
[2025-02-10 19:04:49] User -> Verify User ->admin@pds| Requested JSON -> {"uid":"67a9939f8215a"} | Surguja@pds
[2025-02-10 19:11:19] User -> Warehouse deleted -> admin@pds| Requested JSON -> {"uid":"all"} | all
[2025-02-10 19:11:33] User -> Warehouse Added -> admin@pds| abcd
[2025-02-10 19:11:34] User -> Warehouse Added -> admin@pds| abcd
[2025-02-10 19:11:34] User -> Warehouse Added -> admin@pds| abcd
[2025-02-10 19:11:34] User -> Warehouse Added -> admin@pds| abcd
[2025-02-10 19:11:35] User -> Warehouse Added -> admin@pds| abcd
[2025-02-10 19:11:35] User -> Warehouse Added -> admin@pds| abcd
[2025-02-10 19:11:35] User -> Warehouse Added -> admin@pds| abcd
[2025-02-10 19:11:35] User -> Warehouse Added -> admin@pds| abcd
[2025-02-10 19:11:35] User -> Warehouse Added -> admin@pds| abcd
[2025-02-10 19:11:35] User -> Warehouse Added -> admin@pds| abcd
[2025-02-10 19:11:35] User -> Warehouse Added -> admin@pds| abcd
[2025-02-10 19:11:35] User -> Warehouse Added -> admin@pds| abcd
[2025-02-10 19:11:35] User -> Warehouse Added -> admin@pds| abcd
[2025-02-10 19:11:35] User -> Warehouse Added -> admin@pds| abcd
[2025-02-10 19:11:35] User -> Warehouse Added -> admin@pds| abcd
[2025-02-10 19:11:35] User -> Warehouse Added -> admin@pds| abcd
[2025-02-10 19:11:35] User -> Warehouse Added -> admin@pds| abcd
[2025-02-10 19:11:36] User -> Warehouse Added -> admin@pds| abcd
[2025-02-10 19:11:36] User -> Warehouse Added -> admin@pds| abcd
[2025-02-10 19:11:36] User -> Warehouse Added -> admin@pds| abcd
[2025-02-10 19:11:36] User -> Warehouse Added -> admin@pds| abcd
[2025-02-10 19:11:36] User -> Warehouse Added -> admin@pds| abcd
[2025-02-10 19:11:36] User -> Warehouse Added -> admin@pds| abcd
[2025-02-10 19:11:36] User -> Warehouse Added -> admin@pds| abcd
[2025-02-10 19:11:36] User -> Warehouse Added -> admin@pds| abcd
[2025-02-10 19:11:36] User -> Warehouse Added -> admin@pds| abcd
[2025-02-10 19:11:36] User -> Warehouse Added -> admin@pds| abcd
[2025-02-10 19:11:36] User -> Warehouse Added -> admin@pds| abcd
[2025-02-10 19:11:36] User -> Warehouse Added -> admin@pds| abcd
[2025-02-10 19:11:36] User -> Warehouse Added -> admin@pds| abcd
[2025-02-10 19:11:36] User -> Warehouse Added -> admin@pds| abcd
[2025-02-10 19:11:36] User -> Warehouse Added -> admin@pds| abcd
[2025-02-10 19:11:36] User -> Warehouse Added -> admin@pds| abcd
[2025-02-10 19:11:36] User -> Warehouse Added -> admin@pds| abcd
[2025-02-10 19:11:36] User -> Warehouse Added -> admin@pds| abcd
[2025-02-10 19:11:37] User -> Warehouse Added -> admin@pds| abcd
[2025-02-10 19:11:37] User -> Warehouse Added -> admin@pds| abcd
[2025-02-10 19:11:37] User -> Warehouse Added -> admin@pds| abcd
[2025-02-10 19:11:37] User -> Warehouse Added -> admin@pds| abcd
[2025-02-10 19:11:37] User -> Warehouse Added -> admin@pds| abcd
[2025-02-10 19:11:37] User -> Warehouse Added -> admin@pds| abcd
[2025-02-10 19:11:37] User -> Warehouse Added -> admin@pds| abcd
[2025-02-10 19:11:37] User -> Warehouse Added -> admin@pds| abcd
[2025-02-10 19:11:37] User -> Warehouse Added -> admin@pds| abcd
[2025-02-10 19:11:37] User -> Warehouse Added -> admin@pds| abcd
[2025-02-10 19:11:37] User -> Warehouse Added -> admin@pds| abcd
[2025-02-10 19:11:37] User -> Warehouse Added -> admin@pds| abcd
[2025-02-10 19:11:37] User -> Warehouse Added -> admin@pds| abcd
[2025-02-10 19:11:37] User -> Warehouse Added -> admin@pds| abcd
[2025-02-10 19:11:37] User -> Warehouse Added -> admin@pds| abcd
[2025-02-10 19:11:37] User -> Warehouse Added -> admin@pds| abcd
[2025-02-10 19:11:37] User -> Warehouse Added -> admin@pds| abcd
[2025-02-10 19:11:37] User -> Warehouse Added -> admin@pds| abcd
[2025-02-10 19:11:37] User -> Warehouse Added -> admin@pds| abcd
[2025-02-10 19:11:38] User -> Warehouse Added -> admin@pds| abcd
[2025-02-10 19:11:38] User -> Warehouse Added -> admin@pds| abcd
[2025-02-10 19:11:38] User -> Warehouse Added -> admin@pds| abcd
[2025-02-10 19:11:38] User -> Warehouse Added -> admin@pds| abcd
[2025-02-10 19:11:38] User -> Warehouse Added -> admin@pds| abcd
[2025-02-10 19:11:38] User -> Warehouse Added -> admin@pds| abcd
[2025-02-10 19:11:38] User -> Warehouse Added -> admin@pds| abcd
[2025-02-10 19:11:38] User -> Warehouse Added -> admin@pds| abcd
[2025-02-10 19:11:38] User -> Warehouse Added -> admin@pds| abcd
[2025-02-10 19:11:38] User -> Warehouse Added -> admin@pds| abcd
[2025-02-10 19:11:38] User -> Warehouse Added -> admin@pds| abcd
[2025-02-10 19:11:38] User -> Warehouse Added -> admin@pds| abcd
[2025-02-10 19:11:38] User -> Warehouse Added -> admin@pds| abcd
[2025-02-10 19:11:38] User -> Warehouse Added -> admin@pds| abcd
[2025-02-10 19:11:38] User -> Warehouse Added -> admin@pds| abcd
[2025-02-10 19:11:38] User -> Warehouse Added -> admin@pds| abcd
[2025-02-10 19:11:38] User -> Warehouse Added -> admin@pds| abcd
[2025-02-10 19:11:39] User -> Warehouse Added -> admin@pds| abcd
[2025-02-10 19:11:39] User -> Warehouse Added -> admin@pds| abcd
[2025-02-10 19:11:39] User -> Warehouse Added -> admin@pds| abcd
[2025-02-10 19:11:39] User -> Warehouse Added -> admin@pds| abcd
[2025-02-10 19:11:39] User -> Warehouse Added -> admin@pds| abcd
[2025-02-10 19:11:39] User -> Warehouse Added -> admin@pds| abcd
[2025-02-10 19:11:39] User -> Warehouse Added -> admin@pds| abcd
[2025-02-10 19:11:39] User -> Warehouse Added -> admin@pds| abcd
[2025-02-10 19:11:39] User -> Warehouse Added -> admin@pds| abcd
[2025-02-10 19:11:39] User -> Warehouse Added -> admin@pds| abcd
[2025-02-10 19:11:39] User -> Warehouse Added -> admin@pds| abcd
[2025-02-10 19:11:39] User -> Warehouse Added -> admin@pds| abcd
[2025-02-10 19:11:39] User -> Warehouse Added -> admin@pds| abcd
[2025-02-10 19:11:39] User -> Warehouse Added -> admin@pds| abcd
[2025-02-10 19:11:39] User -> Warehouse Added -> admin@pds| abcd
[2025-02-10 19:11:39] User -> Warehouse Added -> admin@pds| abcd
[2025-02-10 19:11:39] User -> Warehouse Added -> admin@pds| abcd
[2025-02-10 19:11:39] User -> Warehouse Added -> admin@pds| abcd
[2025-02-10 19:11:40] User -> Warehouse Added -> admin@pds| abcd
[2025-02-10 19:11:40] User -> Warehouse Added -> admin@pds| abcd
[2025-02-10 19:11:40] User -> Warehouse Added -> admin@pds| abcd
[2025-02-10 19:11:40] User -> Warehouse Added -> admin@pds| abcd
[2025-02-10 19:11:40] User -> Warehouse Added -> admin@pds| abcd
[2025-02-10 19:11:40] User -> Warehouse Added -> admin@pds| abcd
[2025-02-10 19:11:40] User -> Warehouse Added -> admin@pds| abcd
[2025-02-10 19:11:40] User -> Warehouse Added -> admin@pds| abcd
[2025-02-10 19:11:40] User -> Warehouse Added -> admin@pds| abcd
[2025-02-10 19:11:40] User -> Warehouse Added -> admin@pds| abcd
[2025-02-10 19:11:40] User -> Warehouse Added -> admin@pds| abcd
[2025-02-10 19:11:40] User -> Warehouse Added -> admin@pds| abcd
[2025-02-10 19:11:40] User -> Warehouse Added -> admin@pds| abcd
[2025-02-10 19:11:40] User -> Warehouse Added -> admin@pds| abcd
[2025-02-10 19:11:40] User -> Warehouse Added -> admin@pds| abcd
[2025-02-10 19:11:40] User -> Warehouse Added -> admin@pds| abcd
[2025-02-10 19:11:40] User -> Warehouse Added -> admin@pds| abcd
[2025-02-10 19:11:40] User -> Warehouse Added -> admin@pds| abcd
[2025-02-10 19:11:40] User -> Warehouse Added -> admin@pds| abcd
[2025-02-10 19:11:40] User -> Warehouse Added -> admin@pds| abcd
[2025-02-10 19:11:40] User -> Warehouse Added -> admin@pds| abcd
[2025-02-10 19:11:41] User -> Warehouse Added -> admin@pds| abcd
[2025-02-10 19:11:41] User -> Warehouse Added -> admin@pds| abcd
[2025-02-10 19:11:41] User -> Warehouse Added -> admin@pds| abcd
[2025-02-10 19:11:41] User -> Warehouse Added -> admin@pds| abcd
[2025-02-10 19:11:41] User -> Warehouse Added -> admin@pds| abcd
[2025-02-10 19:11:41] User -> Warehouse Added -> admin@pds| abcd
[2025-02-10 19:11:41] User -> Warehouse Added -> admin@pds| abcd
[2025-02-10 19:11:41] User -> Warehouse Added -> admin@pds| abcd
[2025-02-10 19:11:41] User -> Warehouse Added -> admin@pds| abcd
[2025-02-10 19:11:41] User -> Warehouse Added -> admin@pds| abcd
[2025-02-10 19:11:41] User -> Warehouse Added -> admin@pds| abcd
[2025-02-10 19:11:41] User -> Warehouse Added -> admin@pds| abcd
[2025-02-10 19:11:41] User -> Warehouse Added -> admin@pds| abcd
[2025-02-10 19:11:41] User -> Warehouse Added -> admin@pds| abcd
[2025-02-10 19:11:41] User -> Warehouse Added -> admin@pds| abcd
[2025-02-10 19:11:41] User -> Warehouse Added -> admin@pds| abcd
[2025-02-10 19:11:41] User -> Warehouse Added -> admin@pds| abcd
[2025-02-10 19:11:41] User -> Warehouse Added -> admin@pds| abcd
[2025-02-10 19:11:41] User -> Warehouse Added -> admin@pds| abcd
[2025-02-10 19:11:41] User -> Warehouse Added -> admin@pds| abcd
[2025-02-10 19:11:41] User -> Warehouse Added -> admin@pds| abcd
[2025-02-10 19:11:41] User -> Warehouse Added -> admin@pds| abcd
[2025-02-10 19:11:42] User -> Warehouse Added -> admin@pds| abcd
[2025-02-10 19:11:42] User -> Warehouse Added -> admin@pds| abcd
[2025-02-10 19:11:42] User -> Warehouse Added -> admin@pds| abcd
[2025-02-10 19:11:42] User -> Warehouse Added -> admin@pds| abcd
[2025-02-10 19:11:42] User -> Warehouse Added -> admin@pds| abcd
[2025-02-10 19:11:42] User -> Warehouse Added -> admin@pds| abcd
[2025-02-10 19:11:42] User -> Warehouse Added -> admin@pds| abcd
[2025-02-10 19:11:42] User -> Warehouse Added -> admin@pds| abcd
[2025-02-10 19:11:42] User -> Warehouse Added -> admin@pds| abcd
[2025-02-10 19:11:42] User -> Warehouse Added -> admin@pds| abcd
[2025-02-10 19:11:42] User -> Warehouse Added -> admin@pds| abcd
[2025-02-10 19:11:42] User -> Warehouse Added -> admin@pds| abcd
[2025-02-10 19:11:42] User -> Warehouse Added -> admin@pds| abcd
[2025-02-10 19:11:42] User -> Warehouse Added -> admin@pds| abcd
[2025-02-10 19:11:42] User -> Warehouse Added -> admin@pds| abcd
[2025-02-10 19:11:42] User -> Warehouse Added -> admin@pds| abcd
[2025-02-10 19:11:42] User -> Warehouse Added -> admin@pds| abcd
[2025-02-10 19:11:42] User -> Warehouse Added -> admin@pds| abcd
[2025-02-10 19:11:42] User -> Warehouse Added -> admin@pds| abcd
[2025-02-10 19:11:42] User -> Warehouse Added -> admin@pds| abcd
[2025-02-10 19:11:43] User -> Warehouse Added -> admin@pds| abcd
[2025-02-10 19:11:43] User -> Warehouse Added -> admin@pds| abcd
[2025-02-10 19:11:43] User -> Warehouse Added -> admin@pds| abcd
[2025-02-10 19:11:43] User -> Warehouse Added -> admin@pds| abcd
[2025-02-10 19:11:43] User -> Warehouse Added -> admin@pds| abcd
[2025-02-10 19:11:43] User -> Warehouse Added -> admin@pds| abcd
[2025-02-10 19:11:43] User -> Warehouse Added -> admin@pds| abcd
[2025-02-10 19:11:43] User -> Warehouse Added -> admin@pds| abcd
[2025-02-10 19:11:43] User -> Warehouse Added -> admin@pds| abcd
[2025-02-10 19:11:43] User -> Warehouse Added -> admin@pds| abcd
[2025-02-10 19:11:43] User -> Warehouse Added -> admin@pds| abcd
[2025-02-10 19:11:43] User -> Warehouse Added -> admin@pds| abcd
[2025-02-10 19:11:43] User -> Warehouse Added -> admin@pds| abcd
[2025-02-10 19:11:43] User -> Warehouse Added -> admin@pds| abcd
[2025-02-10 19:11:44] User -> Warehouse Added -> admin@pds| abcd
[2025-02-10 19:11:44] User -> Warehouse Added -> admin@pds| abcd
[2025-02-10 19:11:44] User -> Warehouse Added -> admin@pds| abcd
[2025-02-10 19:11:44] User -> Warehouse Added -> admin@pds| abcd
[2025-02-10 19:11:44] User -> Warehouse Added -> admin@pds| abcd
[2025-02-10 19:11:44] User -> Warehouse Added -> admin@pds| abcd
[2025-02-10 19:11:44] User -> Warehouse Added -> admin@pds| abcd
[2025-02-10 19:11:44] User -> Warehouse Added -> admin@pds| abcd
[2025-02-10 19:11:44] User -> Warehouse Added -> admin@pds| abcd
[2025-02-10 19:11:44] User -> Warehouse Added -> admin@pds| abcd
[2025-02-10 19:11:44] User -> Warehouse Added -> admin@pds| abcd
[2025-02-10 19:11:44] User -> Warehouse Added -> admin@pds| abcd
[2025-02-10 19:11:44] User -> Warehouse Added -> admin@pds| abcd
[2025-02-10 19:11:44] User -> Warehouse Added -> admin@pds| abcd
[2025-02-10 19:11:44] User -> Warehouse Added -> admin@pds| abcd
[2025-02-10 19:11:45] User -> Warehouse Added -> admin@pds| abcd
[2025-02-10 19:11:45] User -> Warehouse Added -> admin@pds| abcd
[2025-02-10 19:11:45] User -> Warehouse Added -> admin@pds| abcd
[2025-02-10 19:11:45] User -> Warehouse Added -> admin@pds| abcd
[2025-02-10 19:11:45] User -> Warehouse Added -> admin@pds| abcd
[2025-02-10 19:11:45] User -> Warehouse Added -> admin@pds| abcd
[2025-02-10 19:11:45] User -> Warehouse Added -> admin@pds| abcd
[2025-02-10 19:11:45] User -> Warehouse Added -> admin@pds| abcd
[2025-02-10 19:11:45] User -> Warehouse Added -> admin@pds| abcd
[2025-02-10 19:11:45] User -> Warehouse Added -> admin@pds| abcd
[2025-02-10 19:11:45] User -> Warehouse Added -> admin@pds| abcd
[2025-02-10 19:11:45] User -> Warehouse Added -> admin@pds| abcd
[2025-02-10 19:11:45] User -> Warehouse Added -> admin@pds| abcd
[2025-02-10 19:11:45] User -> Warehouse Added -> admin@pds| abcd
[2025-02-10 19:11:45] User -> Warehouse Added -> admin@pds| abcd
[2025-02-10 19:11:45] User -> Warehouse Added -> admin@pds| abcd
[2025-02-10 19:11:45] User -> Warehouse Added -> admin@pds| abcd
[2025-02-10 19:11:45] User -> Warehouse Added -> admin@pds| abcd
[2025-02-10 19:11:45] User -> Warehouse Added -> admin@pds| abcd
[2025-02-10 19:11:45] User -> Warehouse Added -> admin@pds| abcd
[2025-02-10 19:11:45] User -> Warehouse Added -> admin@pds| abcd
[2025-02-10 19:11:46] User -> Warehouse Added -> admin@pds| abcd
[2025-02-10 19:11:46] User -> Warehouse Added -> admin@pds| abcd
[2025-02-10 19:11:46] User -> Warehouse Added -> admin@pds| abcd
[2025-02-10 19:11:46] User -> Warehouse Added -> admin@pds| abcd
[2025-02-10 19:11:46] User -> Warehouse Added -> admin@pds| abcd
[2025-02-10 19:11:46] User -> Warehouse Added -> admin@pds| abcd
[2025-02-10 19:11:46] User -> Warehouse Added -> admin@pds| abcd
[2025-02-10 19:11:46] User -> Warehouse Added -> admin@pds| abcd
[2025-02-10 19:11:46] User -> Warehouse Added -> admin@pds| abcd
[2025-02-10 19:11:46] User -> Warehouse Added -> admin@pds| abcd
[2025-02-10 19:11:46] User -> Warehouse Added -> admin@pds| abcd
[2025-02-10 19:11:46] User -> Warehouse Added -> admin@pds| abcd
[2025-02-10 19:11:46] User -> Warehouse Added -> admin@pds| abcd
[2025-02-10 19:11:46] User -> Warehouse Added -> admin@pds| abcd
[2025-02-10 19:11:46] User -> Warehouse Added -> admin@pds| abcd
[2025-02-10 19:11:46] User -> Warehouse Added -> admin@pds| abcd
[2025-02-10 19:11:46] User -> Warehouse Added -> admin@pds| abcd
[2025-02-10 19:11:46] User -> Warehouse Added -> admin@pds| abcd
[2025-02-10 19:11:46] User -> Warehouse Added -> admin@pds| abcd
[2025-02-10 19:11:46] User -> Warehouse Added -> admin@pds| abcd
[2025-02-10 19:11:46] User -> Warehouse Added -> admin@pds| abcd
[2025-02-10 19:11:46] User -> Warehouse Added -> admin@pds| abcd
[2025-02-10 19:11:47] User -> Warehouse Added -> admin@pds| abcd
[2025-02-10 19:11:47] User -> Warehouse Added -> admin@pds| abcd
[2025-02-10 19:11:47] User -> Warehouse Added -> admin@pds| abcd
[2025-02-10 19:11:47] User -> Warehouse Added -> admin@pds| abcd
[2025-02-10 19:11:47] User -> Warehouse Added -> admin@pds| abcd
[2025-02-10 19:11:47] User -> Warehouse Added -> admin@pds| abcd
[2025-02-10 19:11:47] User -> Warehouse Added -> admin@pds| abcd
[2025-02-10 19:11:47] User -> Warehouse Added -> admin@pds| abcd
[2025-02-10 19:11:47] User -> Warehouse Added -> admin@pds| abcd
[2025-02-10 19:11:47] User -> Warehouse Added -> admin@pds| abcd
[2025-02-10 19:11:47] User -> Warehouse Added -> admin@pds| abcd
[2025-02-10 19:11:47] User -> Warehouse Added -> admin@pds| abcd
[2025-02-10 19:11:47] User -> Warehouse Added -> admin@pds| abcd
[2025-02-10 19:11:47] User -> Warehouse Added -> admin@pds| abcd
[2025-02-10 19:11:47] User -> Warehouse Added -> admin@pds| abcd
[2025-02-10 19:11:47] User -> Warehouse Added -> admin@pds| abcd
[2025-02-10 19:11:47] User -> Warehouse Added -> admin@pds| abcd
[2025-02-10 19:11:47] User -> Warehouse Added -> admin@pds| abcd
[2025-02-10 19:11:47] User -> Warehouse Added -> admin@pds| abcd
[2025-02-10 19:11:47] User -> Warehouse Added -> admin@pds| abcd
[2025-02-10 19:11:47] User -> Warehouse Added -> admin@pds| abcd
[2025-02-10 19:11:47] User -> Warehouse Added -> admin@pds| abcd
[2025-02-10 19:11:48] User -> Warehouse Added -> admin@pds| abcd
[2025-02-10 19:11:48] User -> Warehouse Added -> admin@pds| abcd
[2025-02-10 19:11:48] User -> Warehouse Added -> admin@pds| abcd
[2025-02-10 19:11:48] User -> Warehouse Added -> admin@pds| abcd
[2025-02-10 19:11:48] User -> Warehouse Added -> admin@pds| abcd
[2025-02-10 19:11:48] User -> Warehouse Added -> admin@pds| abcd
[2025-02-10 19:11:48] User -> Warehouse Added -> admin@pds| abcd
[2025-02-10 19:11:48] User -> Warehouse Added -> admin@pds| abcd
[2025-02-10 19:11:48] User -> Warehouse Added -> admin@pds| abcd
[2025-02-10 19:11:48] User -> Warehouse Added -> admin@pds| abcd
[2025-02-10 19:11:48] User -> Warehouse Added -> admin@pds| abcd
[2025-02-10 19:11:48] User -> Warehouse Added -> admin@pds| abcd
[2025-02-10 19:11:48] User -> Warehouse Added -> admin@pds| abcd
[2025-02-10 19:11:48] User -> Warehouse Added -> admin@pds| abcd
[2025-02-10 19:11:48] User -> Warehouse Added -> admin@pds| abcd
[2025-02-10 19:11:48] User -> Warehouse Added -> admin@pds| abcd
[2025-02-10 19:11:48] User -> Warehouse Added -> admin@pds| abcd
[2025-02-10 19:11:48] User -> Warehouse Added -> admin@pds| abcd
[2025-02-10 19:11:48] User -> Warehouse Added -> admin@pds| abcd
[2025-02-10 19:11:48] User -> Warehouse Added -> admin@pds| abcd
[2025-02-10 19:11:48] User -> Warehouse Added -> admin@pds| abcd
[2025-02-10 19:11:48] User -> Warehouse Added -> admin@pds| abcd
[2025-02-10 19:11:48] User -> Warehouse Added -> admin@pds| abcd
[2025-02-10 19:11:48] User -> Warehouse Added -> admin@pds| abcd
[2025-02-10 19:11:49] User -> Warehouse Added -> admin@pds| abcd
[2025-02-10 19:11:49] User -> Warehouse Added -> admin@pds| abcd
[2025-02-10 19:11:49] User -> Warehouse Added -> admin@pds| abcd
[2025-02-10 19:11:49] User -> Warehouse Added -> admin@pds| abcd
[2025-02-10 19:11:49] User -> Warehouse Added -> admin@pds| abcd
[2025-02-10 19:11:49] User -> Warehouse Added -> admin@pds| abcd
[2025-02-10 19:11:49] User -> Warehouse Added -> admin@pds| abcd
[2025-02-10 19:12:06] User -> Warehouse Edit -> admin@pds| abcd
[2025-02-10 19:12:06] User -> Warehouse Edit -> admin@pds| abcd
[2025-02-10 19:12:06] User -> Warehouse Edit -> admin@pds| abcd
[2025-02-10 19:12:06] User -> Warehouse Edit -> admin@pds| abcd
[2025-02-10 19:12:06] User -> Warehouse Edit -> admin@pds| abcd
[2025-02-10 19:12:06] User -> Warehouse Edit -> admin@pds| abcd
[2025-02-10 19:12:06] User -> Warehouse Edit -> admin@pds| abcd
[2025-02-10 19:12:06] User -> Warehouse Edit -> admin@pds| abcd
[2025-02-10 19:12:06] User -> Warehouse Edit -> admin@pds| abcd
[2025-02-10 19:12:06] User -> Warehouse Edit -> admin@pds| abcd
[2025-02-10 19:12:06] User -> Warehouse Edit -> admin@pds| abcd
[2025-02-10 19:12:06] User -> Warehouse Edit -> admin@pds| abcd
[2025-02-10 19:12:06] User -> Warehouse Edit -> admin@pds| abcd
[2025-02-10 19:12:06] User -> Warehouse Edit -> admin@pds| abcd
[2025-02-10 19:12:06] User -> Warehouse Edit -> admin@pds| abcd
[2025-02-10 19:12:06] User -> Warehouse Edit -> admin@pds| abcd
[2025-02-10 19:12:06] User -> Warehouse Edit -> admin@pds| abcd
[2025-02-10 19:12:06] User -> Warehouse Edit -> admin@pds| abcd
[2025-02-10 19:12:06] User -> Warehouse Edit -> admin@pds| abcd
[2025-02-10 19:12:06] User -> Warehouse Edit -> admin@pds| abcd
[2025-02-10 19:12:06] User -> Warehouse Edit -> admin@pds| abcd
[2025-02-10 19:12:06] User -> Warehouse Edit -> admin@pds| abcd
[2025-02-10 19:12:06] User -> Warehouse Edit -> admin@pds| abcd
[2025-02-10 19:12:06] User -> Warehouse Edit -> admin@pds| abcd
[2025-02-10 19:12:06] User -> Warehouse Edit -> admin@pds| abcd
[2025-02-10 19:12:06] User -> Warehouse Edit -> admin@pds| abcd
[2025-02-10 19:12:06] User -> Warehouse Edit -> admin@pds| abcd
[2025-02-10 19:12:06] User -> Warehouse Edit -> admin@pds| abcd
[2025-02-10 19:12:06] User -> Warehouse Edit -> admin@pds| abcd
[2025-02-10 19:12:06] User -> Warehouse Edit -> admin@pds| abcd
[2025-02-10 19:12:06] User -> Warehouse Edit -> admin@pds| abcd
[2025-02-10 19:12:06] User -> Warehouse Edit -> admin@pds| abcd
[2025-02-10 19:12:06] User -> Warehouse Edit -> admin@pds| abcd
[2025-02-10 19:12:06] User -> Warehouse Edit -> admin@pds| abcd
[2025-02-10 19:12:06] User -> Warehouse Edit -> admin@pds| abcd
[2025-02-10 19:12:06] User -> Warehouse Edit -> admin@pds| abcd
[2025-02-10 19:12:06] User -> Warehouse Edit -> admin@pds| abcd
[2025-02-10 19:12:06] User -> Warehouse Edit -> admin@pds| abcd
[2025-02-10 19:12:06] User -> Warehouse Edit -> admin@pds| abcd
[2025-02-10 19:12:06] User -> Warehouse Edit -> admin@pds| abcd
[2025-02-10 19:12:06] User -> Warehouse Edit -> admin@pds| abcd
[2025-02-10 19:12:06] User -> Warehouse Edit -> admin@pds| abcd
[2025-02-10 19:12:06] User -> Warehouse Edit -> admin@pds| abcd
[2025-02-10 19:12:06] User -> Warehouse Edit -> admin@pds| abcd
[2025-02-10 19:12:06] User -> Warehouse Edit -> admin@pds| abcd
[2025-02-10 19:12:06] User -> Warehouse Edit -> admin@pds| abcd
[2025-02-10 19:12:06] User -> Warehouse Edit -> admin@pds| abcd
[2025-02-10 19:12:06] User -> Warehouse Edit -> admin@pds| abcd
[2025-02-10 19:12:06] User -> Warehouse Edit -> admin@pds| abcd
[2025-02-10 19:12:06] User -> Warehouse Edit -> admin@pds| abcd
[2025-02-10 19:12:06] User -> Warehouse Edit -> admin@pds| abcd
[2025-02-10 19:12:06] User -> Warehouse Edit -> admin@pds| abcd
[2025-02-10 19:12:06] User -> Warehouse Edit -> admin@pds| abcd
[2025-02-10 19:12:06] User -> Warehouse Edit -> admin@pds| abcd
[2025-02-10 19:12:06] User -> Warehouse Edit -> admin@pds| abcd
[2025-02-10 19:12:06] User -> Warehouse Edit -> admin@pds| abcd
[2025-02-10 19:12:06] User -> Warehouse Edit -> admin@pds| abcd
[2025-02-10 19:12:06] User -> Warehouse Edit -> admin@pds| abcd
[2025-02-10 19:12:06] User -> Warehouse Edit -> admin@pds| abcd
[2025-02-10 19:12:06] User -> Warehouse Edit -> admin@pds| abcd
[2025-02-10 19:12:06] User -> Warehouse Edit -> admin@pds| abcd
[2025-02-10 19:12:06] User -> Warehouse Edit -> admin@pds| abcd
[2025-02-10 19:12:06] User -> Warehouse Edit -> admin@pds| abcd
[2025-02-10 19:12:06] User -> Warehouse Edit -> admin@pds| abcd
[2025-02-10 19:12:06] User -> Warehouse Edit -> admin@pds| abcd
[2025-02-10 19:12:06] User -> Warehouse Edit -> admin@pds| abcd
[2025-02-10 19:12:06] User -> Warehouse Edit -> admin@pds| abcd
[2025-02-10 19:12:06] User -> Warehouse Edit -> admin@pds| abcd
[2025-02-10 19:12:06] User -> Warehouse Edit -> admin@pds| abcd
[2025-02-10 19:12:06] User -> Warehouse Edit -> admin@pds| abcd
[2025-02-10 19:12:06] User -> Warehouse Edit -> admin@pds| abcd
[2025-02-10 19:12:06] User -> Warehouse Edit -> admin@pds| abcd
[2025-02-10 19:12:06] User -> Warehouse Edit -> admin@pds| abcd
[2025-02-10 19:12:06] User -> Warehouse Edit -> admin@pds| abcd
[2025-02-10 19:12:06] User -> Warehouse Edit -> admin@pds| abcd
[2025-02-10 19:12:06] User -> Warehouse Edit -> admin@pds| abcd
[2025-02-10 19:12:06] User -> Warehouse Edit -> admin@pds| abcd
[2025-02-10 19:12:06] User -> Warehouse Edit -> admin@pds| abcd
[2025-02-10 19:12:06] User -> Warehouse Edit -> admin@pds| abcd
[2025-02-10 19:12:06] User -> Warehouse Edit -> admin@pds| abcd
[2025-02-10 19:12:06] User -> Warehouse Edit -> admin@pds| abcd
[2025-02-10 19:12:06] User -> Warehouse Edit -> admin@pds| abcd
[2025-02-10 19:12:06] User -> Warehouse Edit -> admin@pds| abcd
[2025-02-10 19:12:06] User -> Warehouse Edit -> admin@pds| abcd
[2025-02-10 19:12:06] User -> Warehouse Edit -> admin@pds| abcd
[2025-02-10 19:12:06] User -> Warehouse Edit -> admin@pds| abcd
[2025-02-10 19:12:06] User -> Warehouse Edit -> admin@pds| abcd
[2025-02-10 19:12:06] User -> Warehouse Edit -> admin@pds| abcd
[2025-02-10 19:12:06] User -> Warehouse Edit -> admin@pds| abcd
[2025-02-10 19:12:06] User -> Warehouse Edit -> admin@pds| abcd
[2025-02-10 19:12:06] User -> Warehouse Edit -> admin@pds| abcd
[2025-02-10 19:12:06] User -> Warehouse Edit -> admin@pds| abcd
[2025-02-10 19:12:06] User -> Warehouse Edit -> admin@pds| abcd
[2025-02-10 19:12:06] User -> Warehouse Edit -> admin@pds| abcd
[2025-02-10 19:12:06] User -> Warehouse Edit -> admin@pds| abcd
[2025-02-10 19:12:06] User -> Warehouse Edit -> admin@pds| abcd
[2025-02-10 19:12:06] User -> Warehouse Edit -> admin@pds| abcd
[2025-02-10 19:12:06] User -> Warehouse Edit -> admin@pds| abcd
[2025-02-10 19:12:06] User -> Warehouse Edit -> admin@pds| abcd
[2025-02-10 19:12:06] User -> Warehouse Edit -> admin@pds| abcd
[2025-02-10 19:12:06] User -> Warehouse Edit -> admin@pds| abcd
[2025-02-10 19:12:06] User -> Warehouse Edit -> admin@pds| abcd
[2025-02-10 19:12:06] User -> Warehouse Edit -> admin@pds| abcd
[2025-02-10 19:12:06] User -> Warehouse Edit -> admin@pds| abcd
[2025-02-10 19:12:06] User -> Warehouse Edit -> admin@pds| abcd
[2025-02-10 19:12:06] User -> Warehouse Edit -> admin@pds| abcd
[2025-02-10 19:12:06] User -> Warehouse Edit -> admin@pds| abcd
[2025-02-10 19:12:06] User -> Warehouse Edit -> admin@pds| abcd
[2025-02-10 19:12:06] User -> Warehouse Edit -> admin@pds| abcd
[2025-02-10 19:12:06] User -> Warehouse Edit -> admin@pds| abcd
[2025-02-10 19:12:06] User -> Warehouse Edit -> admin@pds| abcd
[2025-02-10 19:12:06] User -> Warehouse Edit -> admin@pds| abcd
[2025-02-10 19:12:06] User -> Warehouse Edit -> admin@pds| abcd
[2025-02-10 19:12:06] User -> Warehouse Edit -> admin@pds| abcd
[2025-02-10 19:12:06] User -> Warehouse Edit -> admin@pds| abcd
[2025-02-10 19:12:06] User -> Warehouse Edit -> admin@pds| abcd
[2025-02-10 19:12:06] User -> Warehouse Edit -> admin@pds| abcd
[2025-02-10 19:12:06] User -> Warehouse Edit -> admin@pds| abcd
[2025-02-10 19:12:06] User -> Warehouse Edit -> admin@pds| abcd
[2025-02-10 19:12:06] User -> Warehouse Edit -> admin@pds| abcd
[2025-02-10 19:12:06] User -> Warehouse Edit -> admin@pds| abcd
[2025-02-10 19:12:06] User -> Warehouse Edit -> admin@pds| abcd
[2025-02-10 19:12:06] User -> Warehouse Edit -> admin@pds| abcd
[2025-02-10 19:12:06] User -> Warehouse Edit -> admin@pds| abcd
[2025-02-10 19:12:06] User -> Warehouse Edit -> admin@pds| abcd
[2025-02-10 19:12:06] User -> Warehouse Edit -> admin@pds| abcd
[2025-02-10 19:12:06] User -> Warehouse Edit -> admin@pds| abcd
[2025-02-10 19:12:06] User -> Warehouse Edit -> admin@pds| abcd
[2025-02-10 19:12:06] User -> Warehouse Edit -> admin@pds| abcd
[2025-02-10 19:12:06] User -> Warehouse Edit -> admin@pds| abcd
[2025-02-10 19:12:06] User -> Warehouse Edit -> admin@pds| abcd
[2025-02-10 19:12:06] User -> Warehouse Edit -> admin@pds| abcd
[2025-02-10 19:12:06] User -> Warehouse Edit -> admin@pds| abcd
[2025-02-10 19:12:06] User -> Warehouse Edit -> admin@pds| abcd
[2025-02-10 19:12:06] User -> Warehouse Edit -> admin@pds| abcd
[2025-02-10 19:12:06] User -> Warehouse Edit -> admin@pds| abcd
[2025-02-10 19:12:06] User -> Warehouse Edit -> admin@pds| abcd
[2025-02-10 19:12:06] User -> Warehouse Edit -> admin@pds| abcd
[2025-02-10 19:12:06] User -> Warehouse Edit -> admin@pds| abcd
[2025-02-10 19:12:06] User -> Warehouse Edit -> admin@pds| abcd
[2025-02-10 19:12:06] User -> Warehouse Edit -> admin@pds| abcd
[2025-02-10 19:12:06] User -> Warehouse Edit -> admin@pds| abcd
[2025-02-10 19:12:06] User -> Warehouse Edit -> admin@pds| abcd
[2025-02-10 19:12:06] User -> Warehouse Edit -> admin@pds| abcd
[2025-02-10 19:12:06] User -> Warehouse Edit -> admin@pds| abcd
[2025-02-10 19:12:06] User -> Warehouse Edit -> admin@pds| abcd
[2025-02-10 19:12:06] User -> Warehouse Edit -> admin@pds| abcd
[2025-02-10 19:12:06] User -> Warehouse Edit -> admin@pds| abcd
[2025-02-10 19:12:06] User -> Warehouse Edit -> admin@pds| abcd
[2025-02-10 19:12:06] User -> Warehouse Edit -> admin@pds| abcd
[2025-02-10 19:12:06] User -> Warehouse Edit -> admin@pds| abcd
[2025-02-10 19:12:06] User -> Warehouse Edit -> admin@pds| abcd
[2025-02-10 19:12:06] User -> Warehouse Edit -> admin@pds| abcd
[2025-02-10 19:12:06] User -> Warehouse Edit -> admin@pds| abcd
[2025-02-10 19:12:06] User -> Warehouse Edit -> admin@pds| abcd
[2025-02-10 19:12:06] User -> Warehouse Edit -> admin@pds| abcd
[2025-02-10 19:12:06] User -> Warehouse Edit -> admin@pds| abcd
[2025-02-10 19:12:06] User -> Warehouse Edit -> admin@pds| abcd
[2025-02-10 19:12:06] User -> Warehouse Edit -> admin@pds| abcd
[2025-02-10 19:12:06] User -> Warehouse Edit -> admin@pds| abcd
[2025-02-10 19:12:06] User -> Warehouse Edit -> admin@pds| abcd
[2025-02-10 19:12:06] User -> Warehouse Edit -> admin@pds| abcd
[2025-02-10 19:12:07] User -> Warehouse Edit -> admin@pds| abcd
[2025-02-10 19:12:07] User -> Warehouse Edit -> admin@pds| abcd
[2025-02-10 19:12:07] User -> Warehouse Edit -> admin@pds| abcd
[2025-02-10 19:12:07] User -> Warehouse Edit -> admin@pds| abcd
[2025-02-10 19:12:07] User -> Warehouse Edit -> admin@pds| abcd
[2025-02-10 19:12:07] User -> Warehouse Edit -> admin@pds| abcd
[2025-02-10 19:12:07] User -> Warehouse Edit -> admin@pds| abcd
[2025-02-10 19:12:07] User -> Warehouse Edit -> admin@pds| abcd
[2025-02-10 19:12:07] User -> Warehouse Edit -> admin@pds| abcd
[2025-02-10 19:12:07] User -> Warehouse Edit -> admin@pds| abcd
[2025-02-10 19:12:07] User -> Warehouse Edit -> admin@pds| abcd
[2025-02-10 19:12:07] User -> Warehouse Edit -> admin@pds| abcd
[2025-02-10 19:12:07] User -> Warehouse Edit -> admin@pds| abcd
[2025-02-10 19:12:07] User -> Warehouse Edit -> admin@pds| abcd
[2025-02-10 19:12:07] User -> Warehouse Edit -> admin@pds| abcd
[2025-02-10 19:12:07] User -> Warehouse Edit -> admin@pds| abcd
[2025-02-10 19:12:07] User -> Warehouse Edit -> admin@pds| abcd
[2025-02-10 19:12:07] User -> Warehouse Edit -> admin@pds| abcd
[2025-02-10 19:12:07] User -> Warehouse Edit -> admin@pds| abcd
[2025-02-10 19:12:07] User -> Warehouse Edit -> admin@pds| abcd
[2025-02-10 19:12:07] User -> Warehouse Edit -> admin@pds| abcd
[2025-02-10 19:12:07] User -> Warehouse Edit -> admin@pds| abcd
[2025-02-10 19:12:07] User -> Warehouse Edit -> admin@pds| abcd
[2025-02-10 19:12:07] User -> Warehouse Edit -> admin@pds| abcd
[2025-02-10 19:12:07] User -> Warehouse Edit -> admin@pds| abcd
[2025-02-10 19:12:07] User -> Warehouse Edit -> admin@pds| abcd
[2025-02-10 19:12:07] User -> Warehouse Edit -> admin@pds| abcd
[2025-02-10 19:12:07] User -> Warehouse Edit -> admin@pds| abcd
[2025-02-10 19:12:07] User -> Warehouse Edit -> admin@pds| abcd
[2025-02-10 19:12:07] User -> Warehouse Edit -> admin@pds| abcd
[2025-02-10 19:12:07] User -> Warehouse Edit -> admin@pds| abcd
[2025-02-10 19:12:07] User -> Warehouse Edit -> admin@pds| abcd
[2025-02-10 19:12:07] User -> Warehouse Edit -> admin@pds| abcd
[2025-02-10 19:12:07] User -> Warehouse Edit -> admin@pds| abcd
[2025-02-10 19:12:07] User -> Warehouse Edit -> admin@pds| abcd
[2025-02-10 19:12:07] User -> Warehouse Edit -> admin@pds| abcd
[2025-02-10 19:12:07] User -> Warehouse Edit -> admin@pds| abcd
[2025-02-10 19:12:07] User -> Warehouse Edit -> admin@pds| abcd
[2025-02-10 19:12:07] User -> Warehouse Edit -> admin@pds| abcd
[2025-02-10 19:12:07] User -> Warehouse Edit -> admin@pds| abcd
[2025-02-10 19:12:07] User -> Warehouse Edit -> admin@pds| abcd
[2025-02-10 19:12:07] User -> Warehouse Edit -> admin@pds| abcd
[2025-02-10 19:12:07] User -> Warehouse Edit -> admin@pds| abcd
[2025-02-10 19:12:07] User -> Warehouse Edit -> admin@pds| abcd
[2025-02-10 19:12:07] User -> Warehouse Edit -> admin@pds| abcd
[2025-02-10 19:12:07] User -> Warehouse Edit -> admin@pds| abcd
[2025-02-10 19:12:07] User -> Warehouse Edit -> admin@pds| abcd
[2025-02-10 19:12:07] User -> Warehouse Edit -> admin@pds| abcd
[2025-02-10 19:12:07] User -> Warehouse Edit -> admin@pds| abcd
[2025-02-10 19:12:07] User -> Warehouse Edit -> admin@pds| abcd
[2025-02-10 19:12:07] User -> Warehouse Edit -> admin@pds| abcd
[2025-02-10 19:12:07] User -> Warehouse Edit -> admin@pds| abcd
[2025-02-10 19:12:07] User -> Warehouse Edit -> admin@pds| abcd
[2025-02-10 19:12:07] User -> Warehouse Edit -> admin@pds| abcd
[2025-02-10 19:12:07] User -> Warehouse Edit -> admin@pds| abcd
[2025-02-10 19:12:07] User -> Warehouse Edit -> admin@pds| abcd
[2025-02-10 19:12:07] User -> Warehouse Edit -> admin@pds| abcd
[2025-02-10 19:12:07] User -> Warehouse Edit -> admin@pds| abcd
[2025-02-10 19:12:07] User -> Warehouse Edit -> admin@pds| abcd
[2025-02-10 19:12:07] User -> Warehouse Edit -> admin@pds| abcd
[2025-02-10 19:12:07] User -> Warehouse Edit -> admin@pds| abcd
[2025-02-10 19:12:07] User -> Warehouse Edit -> admin@pds| abcd
[2025-02-10 19:12:07] User -> Warehouse Edit -> admin@pds| abcd
[2025-02-10 19:12:07] User -> Warehouse Edit -> admin@pds| abcd
[2025-02-10 19:12:07] User -> Warehouse Edit -> admin@pds| abcd
[2025-02-10 19:12:07] User -> Warehouse Edit -> admin@pds| abcd
[2025-02-10 19:12:07] User -> Warehouse Edit -> admin@pds| abcd
[2025-02-10 19:12:07] User -> Warehouse Edit -> admin@pds| abcd
[2025-02-10 19:12:07] User -> Warehouse Edit -> admin@pds| abcd
[2025-02-10 19:12:07] User -> Warehouse Edit -> admin@pds| abcd
[2025-02-10 19:12:07] User -> Warehouse Edit -> admin@pds| abcd
[2025-02-10 19:12:07] User -> Warehouse Edit -> admin@pds| abcd
[2025-02-10 19:12:07] User -> Warehouse Edit -> admin@pds| abcd
[2025-02-10 19:12:07] User -> Warehouse Edit -> admin@pds| abcd
[2025-02-10 19:12:07] User -> Warehouse Edit -> admin@pds| abcd
[2025-02-10 19:12:07] User -> Warehouse Edit -> admin@pds| abcd
[2025-02-10 19:12:07] User -> Warehouse Edit -> admin@pds| abcd
[2025-02-10 19:12:07] User -> Warehouse Edit -> admin@pds| abcd
[2025-02-10 19:12:07] User -> Warehouse Edit -> admin@pds| abcd
[2025-02-10 19:12:07] User -> Warehouse Edit -> admin@pds| abcd
[2025-02-10 19:12:07] User -> Warehouse Edit -> admin@pds| abcd
[2025-02-10 19:12:07] User -> Warehouse Edit -> admin@pds| abcd
[2025-02-10 19:12:07] User -> Warehouse Edit -> admin@pds| abcd
[2025-02-10 19:12:07] User -> Warehouse Edit -> admin@pds| abcd
[2025-02-10 19:12:07] User -> Warehouse Edit -> admin@pds| abcd
[2025-02-10 19:12:07] User -> Warehouse Edit -> admin@pds| abcd
[2025-02-10 19:12:07] User -> Warehouse Edit -> admin@pds| abcd
[2025-02-10 19:12:07] User -> Warehouse Edit -> admin@pds| abcd
[2025-02-10 19:12:07] User -> Warehouse Edit -> admin@pds| abcd
[2025-02-10 19:12:07] User -> Warehouse Edit -> admin@pds| abcd
[2025-02-10 19:12:07] User -> Warehouse Edit -> admin@pds| abcd
[2025-02-10 19:12:07] User -> Warehouse Edit -> admin@pds| abcd
[2025-02-10 19:12:07] User -> Warehouse Edit -> admin@pds| abcd
[2025-02-10 19:12:07] User -> Warehouse Edit -> admin@pds| abcd
[2025-02-10 19:12:07] User -> Warehouse Edit -> admin@pds| abcd
[2025-02-10 19:12:07] User -> Warehouse Edit -> admin@pds| abcd
[2025-02-10 19:12:07] User -> Warehouse Edit -> admin@pds| abcd
[2025-02-10 19:12:07] User -> Warehouse Edit -> admin@pds| abcd
[2025-02-10 19:12:07] User -> Warehouse Edit -> admin@pds| abcd
[2025-02-10 19:12:07] User -> Warehouse Edit -> admin@pds| abcd
[2025-02-10 19:12:07] User -> Warehouse Edit -> admin@pds| abcd
[2025-02-10 19:12:07] User -> Warehouse Edit -> admin@pds| abcd
[2025-02-10 19:12:07] User -> Warehouse Edit -> admin@pds| abcd
[2025-02-10 19:12:07] User -> Warehouse Edit -> admin@pds| abcd
[2025-02-10 19:12:07] User -> Warehouse Edit -> admin@pds| abcd
[2025-02-10 19:12:07] User -> Warehouse Edit -> admin@pds| abcd
[2025-02-10 19:12:07] User -> Warehouse Edit -> admin@pds| abcd
[2025-02-10 19:12:07] User -> Warehouse Edit -> admin@pds| abcd
[2025-02-10 19:12:07] User -> Warehouse Edit -> admin@pds| abcd
[2025-02-10 19:12:07] User -> Warehouse Edit -> admin@pds| abcd
[2025-02-10 19:12:07] User -> Warehouse Edit -> admin@pds| abcd
[2025-02-10 19:12:07] User -> Warehouse Edit -> admin@pds| abcd
[2025-02-10 19:12:07] User -> Warehouse Edit -> admin@pds| abcd
[2025-02-10 19:12:07] User -> Warehouse Edit -> admin@pds| abcd
[2025-02-10 19:12:07] User -> Warehouse Edit -> admin@pds| abcd
[2025-02-10 19:12:29] User -> Warehouse Edit ->admin@pds| Requested JSON -> {"name":"abcd","uniqueid":"WH_67aa020ec6f4","active":"1","type":"motorable","latitude":"20.820425","storage":"11600","district":"Balod","id":"430101","warehousetype":"swc","longitude":"81.0561"}
[2025-02-10 20:08:29] User -> FPS Data Edit->admin@pds| Requested JSON -> {"name":"Abcd","uniqueid":"FPS_666aec63986","active":"1","type":"Normal FPS","latitude":"19.2667","longitude":"80.5676","district":"Balod","id":"492007060","demand":"89.23","demand_rice":"10"}
[2025-02-10 20:09:27] User -> FPS Data Edit->admin@pds| Requested JSON -> {"name":"Abcd","uniqueid":"FPS_666aec63986","active":"1","type":"Normal FPS","latitude":"19.2667","longitude":"80.5676","district":"Balod","id":"492007060","demand":"89.23","demand_rice":"10"}
[2025-02-10 20:24:32] User -> FPS Data Edit->admin@pds| Requested JSON -> {"name":"Abcd","uniqueid":"FPS_666aec63986","active":"1","type":"Normal FPS","latitude":"19.2667","longitude":"80.5676","district":"Balod","id":"492007060","demand":"89.23","demand_rice":"1"}
