[2026-04-06 10:44:23] User -> Send  Message ->admin@pds| Requested JSON -> {"message":"hello","uniqueid":"all"} | Surguja@pds
[2026-04-06 10:44:29] User -> Delete Message ->admin@pds| Requested JSON -> hello | Narayanpur@pds
[2026-04-06 10:44:36] User -> Delete Message ->admin@pds| Requested JSON -> hello | Balod@pds
[2026-04-06 10:44:39] User -> Delete Message ->admin@pds| Requested JSON -> hello | Balodabazar@pds
[2026-04-06 10:44:42] User -> Delete Message ->admin@pds| Requested JSON -> hello | Mahasamund@pds
[2026-04-06 10:44:44] User -> Delete Message ->admin@pds| Requested JSON -> hello | Manendragarh Chirmiri Bhartpur
[2026-04-06 10:44:46] User -> Delete Message ->admin@pds| Requested JSON -> hello | Surguja@pds
[2026-04-06 10:44:48] User -> Delete Message ->admin@pds| Requested JSON -> hello | Uttar Bastar Kanker@pds
[2026-04-06 10:44:52] User -> Delete Message ->admin@pds| Requested JSON -> hello | Sukma@pds
[2026-04-06 10:44:54] User -> Delete Message ->admin@pds| Requested JSON -> hello | Sarangarh Bilaigarh@pds
[2026-04-06 10:45:00] User -> Delete Message ->admin@pds| Requested JSON -> hello | Sakti@pds
[2026-04-06 10:45:03] User -> Delete Message ->admin@pds| Requested JSON -> hello | Rajnandgaon@pds
[2026-04-06 10:45:06] User -> Delete Message ->admin@pds| Requested JSON -> hello | Raipur@pds
[2026-04-06 10:45:09] User -> Delete Message ->admin@pds| Requested JSON -> hello | Raigarh@pds
[2026-04-06 10:45:12] User -> Delete Message ->admin@pds| Requested JSON -> hello | Balrampur@pds
[2026-04-06 10:45:17] User -> Delete Message ->admin@pds| Requested JSON -> hello | Kabeerdham@pds
[2026-04-06 10:45:19] User -> Delete Message ->admin@pds| Requested JSON -> hello | Jashpur@pds
[2026-04-06 10:45:20] User -> Delete Message ->admin@pds| Requested JSON -> hello | Janjgir Champa@pds
[2026-04-06 10:45:22] User -> Delete Message ->admin@pds| Requested JSON -> hello | Gaurela Pendra Marwahi@pds
[2026-04-06 10:45:24] User -> Delete Message ->admin@pds| Requested JSON -> hello | Gariaband@pds
[2026-04-06 10:45:26] User -> Delete Message ->admin@pds| Requested JSON -> hello | Durg@pds
[2026-04-06 10:45:28] User -> Delete Message ->admin@pds| Requested JSON -> hello | Dakshin Bastar Dantewada@pds
[2026-04-06 10:45:29] User -> Delete Message ->admin@pds| Requested JSON -> hello | Dhamtari@pds
[2026-04-06 10:45:30] User -> Delete Message ->admin@pds| Requested JSON -> hello | Bilaspur@pds
[2026-04-06 10:45:32] User -> Delete Message ->admin@pds| Requested JSON -> hello | Bijapur@pds
[2026-04-06 10:45:34] User -> Delete Message ->admin@pds| Requested JSON -> hello | Bastar@pds
[2026-04-06 10:45:35] User -> Delete Message ->admin@pds| Requested JSON -> hello | Bametara@pds
[2026-04-06 10:45:37] User -> Delete Message ->admin@pds| Requested JSON -> hello | Khiragarh Chuhikhadan Gandai@pds
[2026-04-06 10:45:38] User -> Delete Message ->admin@pds| Requested JSON -> hello | Kondagaon@pds
[2026-04-06 10:45:40] User -> Delete Message ->admin@pds| Requested JSON -> hello | Korba@pds
[2026-04-06 10:45:42] User -> Delete Message ->admin@pds| Requested JSON -> hello | Koriya@pds
[2026-04-06 10:45:44] User -> Delete Message ->admin@pds| Requested JSON -> hello | Mohlamanpur Ambagarhchoki@pds
[2026-04-06 10:45:46] User -> Delete Message ->admin@pds| Requested JSON -> hello | Mungeli@pds
[2026-04-06 10:45:48] User -> Delete Message ->admin@pds| Requested JSON -> hello | Surajpur@pds
