[2026-01-22 12:19:28] User -> PC added ->admin@pds| Requested JSON -> {"name":"Maharstra Project","latitude":"24","mota":"122","patla":"332","saran":"3222","district":"Balod","id":"admin@pds","longitude":"10"}
[2026-01-22 12:19:53] User -> PC InActive -> admin@pds| Maharstra Project
[2026-01-22 12:30:35] FAILED PC Edit | Wrong Password | User: admin@pds
[2026-01-22 12:30:41] FAILED PC Edit | Wrong Password | User: admin@pds
[2026-01-22 12:44:44] User -> PC Active -> admin@pds| Maharstra Project
[2026-01-22 12:44:45] User -> PC InActive -> admin@pds| Maharstra Project
[2026-01-22 14:17:04] User -> PC Active -> admin@pds| Maharstra Project
[2026-01-22 14:17:05] User -> PC InActive -> admin@pds| Maharstra Project
[2026-01-22 14:17:30] User -> PC Active -> admin@pds| Maharstra Project
[2026-01-22 14:17:30] User -> PC InActive -> admin@pds| Maharstra Project
[2026-01-22 14:17:31] User -> PC Active -> admin@pds| Maharstra Project
[2026-01-22 14:17:37] User -> PC deleted -> admin@pds| Requested JSON -> {"uid":"PC_6971c8786b50"} | Maharstra Project
[2026-01-22 14:17:52] User -> PC added ->admin@pds| Requested JSON -> {"name":"Maharstra Project","latitude":"24","mota":"122","patla":"332","saran":"3222","district":"Balod","id":"admin@pds","longitude":"76"}
[2026-01-22 14:18:17] User -> PC InActive -> admin@pds| Maharstra Project
[2026-01-22 14:18:18] User -> PC Active -> admin@pds| Maharstra Project
[2026-01-22 14:29:10] User -> PC Edit ->admin@pds| Requested JSON -> {"name":"Maharstra Project","uniqueid":"PC_6971e437f3c5","active":"1","type":"motorable","latitude":"24.00000000","mota":"122","patla":"332","saran":"3222","district":"Balod","id":"admin@pds","pctype":"type1","longitude":"76.00000000"}
[2026-01-22 14:29:17] User -> PC Edit ->admin@pds| Requested JSON -> {"name":"Maharstra Project11","uniqueid":"PC_6971e437f3c5","active":"1","type":"motorable","latitude":"24.00000000","mota":"122","patla":"332","saran":"3222","district":"Balod","id":"admin@pds","pctype":"type1","longitude":"76.00000000"}
[2026-01-22 14:31:46] User -> PC deleted -> admin@pds| Requested JSON -> {"uid":"all"} | all
[2026-01-22 14:54:40] User -> PC added ->admin@pds| Requested JSON -> {"name":"Maharstra Project","latitude":"24","mota":"122","patla":"332","saran":"3222","district":"Balod","id":"admin@pds","longitude":"76"}
[2026-01-22 14:54:46] User -> PC deleted -> admin@pds| Requested JSON -> {"uid":"all"} | all
[2026-01-22 14:54:51] PC Added -> Maharstra Project by admin@pds
[2026-01-22 14:55:07] User -> PC InActive -> admin@pds| Maharstra Project
[2026-01-22 14:55:08] User -> PC Active -> admin@pds| Maharstra Project
[2026-01-22 14:55:10] User -> PC InActive -> admin@pds| Maharstra Project
[2026-01-22 14:56:09] User -> PC Active -> admin@pds| Maharstra Project
[2026-01-22 14:56:10] User -> PC InActive -> admin@pds| Maharstra Project
[2026-01-22 14:58:14] User -> PC Active -> admin@pds| Maharstra Project
[2026-01-22 14:58:15] User -> PC InActive -> admin@pds| Maharstra Project
[2026-01-22 14:58:16] User -> PC Active -> admin@pds| Maharstra Project
[2026-01-22 15:10:19] User -> PC InActive -> admin@pds| Balod
[2026-01-22 15:10:36] User -> PC Active -> admin@pds| Maharstra Project
[2026-01-22 15:36:26] User -> PC InActive -> admin@pds| Maharstra Project
[2026-01-22 15:36:26] User -> PC Active -> admin@pds| Maharstra Project
[2026-01-22 15:57:33] User -> PC deleted -> admin@pds| Requested JSON -> {"uid":"PC_6971ece3e70c"} | Maharstra Project
[2026-01-22 15:57:37] PC Added -> Maharstra Project by admin@pds
[2026-01-22 16:48:32] User -> PC Edit -> admin@pds| Maharstra Project
[2026-01-22 16:48:39] User -> PC Edit -> admin@pds| Maharstra Project
[2026-01-22 16:56:35] User -> PC Edit -> admin@pds| Maharstra Project
[2026-01-22 16:59:18] User -> PC Edit -> admin@pds| Maharstra Project
[2026-01-22 17:02:23] User -> PC Edit ->admin@pds| Requested JSON -> {"name":"Maharstra Project11","uniqueid":"PC_6971fb99ce93","active":false,"latitude":"24.00000000","mota":"122","patla":"332","saran":"3222","district":"Balod","id":"admin@pds","longitude":"76.00000000"}
[2026-01-22 17:11:56] User -> PC Active -> admin@pds| Maharstra Project11
[2026-01-22 17:11:58] User -> PC InActive -> admin@pds| Maharstra Project11
[2026-01-22 17:11:59] User -> PC Active -> admin@pds| Maharstra Project11
[2026-01-22 17:12:01] User -> PC InActive -> admin@pds| Maharstra Project11
[2026-01-22 17:12:55] User -> PC added ->admin@pds| Requested JSON -> {"name":"Maharstra Project","latitude":"12","mota":"122","patla":"332","saran":"3222","district":"Balod","id":"100","longitude":"76"}
[2026-01-22 17:12:59] User -> PC Active -> admin@pds| Maharstra Project11
[2026-01-22 17:13:12] User -> PC deleted -> admin@pds| Requested JSON -> {"uid":"all"} | all
[2026-01-22 17:13:18] PC Added -> Maharstra Project11 by admin@pds
[2026-01-22 17:13:18] PC Added -> Maharstra Project by admin@pds
[2026-01-22 17:19:16] PC Added -> Maharstra Project11 by admin@pds
[2026-01-22 17:19:16] PC Added -> Maharstra Project by admin@pds
[2026-01-22 17:22:23] User -> PC InActive -> admin@pds| Balod
[2026-01-22 17:22:29] User -> PC Active -> admin@pds| Balod
