[2026-01-23 10:08:42] User -> PC InActive -> admin@pds| Maharstra Project11
[2026-01-23 10:08:43] User -> PC InActive -> admin@pds| Maharstra Project
[2026-01-23 10:08:44] User -> PC Active -> admin@pds| Maharstra Project11
[2026-01-23 10:08:44] User -> PC Active -> admin@pds| Maharstra Project
[2026-01-23 10:09:10] User -> PC added ->admin@pds| Requested JSON -> {"name":"Akki","latitude":"24","mota":"122","patla":"332","saran":"3222","district":"Balod","id":"10201","longitude":"76"}
[2026-01-23 10:10:06] User -> PC added ->admin@pds| Requested JSON -> {"name":"Maharstra Project","latitude":"24.06","mota":"122","patla":"332","saran":"3222","district":"Balod","id":"343243","longitude":"76.56"}
[2026-01-23 10:10:50] User -> PC deleted -> admin@pds| Requested JSON -> {"uid":"PC_69720ebc1db5"} | Maharstra Project
[2026-01-23 10:10:52] User -> PC deleted -> admin@pds| Requested JSON -> {"uid":"PC_69720ebc1d0f"} | Maharstra Project11
[2026-01-23 10:42:15] User -> Mill added ->admin@pds| Requested JSON -> {"name":"Maharstra Project","type":"arwa","latitude":"24","incoming_min_mota":"565","incoming_min_patla":"657","incoming_min_saran":"576","district":"Balod","id":"admin@pds","milling_capacity":"657","longitude":"76","outgoing_min_mota":"765","outgoing_min_patla":"75","outgoing_min_saran":"7677"}
[2026-01-23 10:43:12] User -> Mill InActive -> admin@pds| Maharstra Project
[2026-01-23 10:44:04] User -> Mill Edit ->admin@pds| Requested JSON -> {"name":"Maharstra Project11","uniqueid":"MILL_6973032f2f","active":false,"type":"arwa","latitude":"24","incoming_min_mota":"565","incoming_min_patla":"657","incoming_min_saran":"576","district":"Balod","id":"admin@pds","milling_capacity":"657","longitude":"76","outgoing_min_mota":"765","outgoing_min_patla":"75","outgoing_min_saran":"7677"}
[2026-01-23 10:45:19] User -> Mill deleted -> admin@pds| Requested JSON -> {"uid":"all"} | all
[2026-01-23 10:46:03] User -> Mill Added -> admin@pds| Maharstra Project11
[2026-01-23 10:46:11] User -> Mill Active -> admin@pds| Maharstra Project11
[2026-01-23 10:47:15] User -> Mill added ->admin@pds| Requested JSON -> {"name":"Maharstra Project","type":"arwa","latitude":"24","incoming_min_mota":"565","incoming_min_patla":"657","incoming_min_saran":"576","district":"Balod","id":"7878","milling_capacity":"657","longitude":"76","outgoing_min_mota":"765","outgoing_min_patla":"789","outgoing_min_saran":"7677"}
[2026-01-23 10:50:15] User -> Mill added ->admin@pds| Requested JSON -> {"name":"Vishveshwar","type":"arwa","latitude":"24","incoming_min_mota":"565","incoming_min_patla":"657","incoming_min_saran":"576","district":"Balod","id":"5656","milling_capacity":"657","longitude":"76","outgoing_min_mota":"765","outgoing_min_patla":"75","outgoing_min_saran":"7677"}
[2026-01-23 10:51:02] User -> Mill deleted -> admin@pds| Requested JSON -> {"uid":"all"} | all
[2026-01-23 10:51:10] User -> Mill Added -> admin@pds| Maharstra Project11
[2026-01-23 10:51:18] User -> Mill Active -> admin@pds| Maharstra Project11
[2026-01-23 10:51:35] User -> Mill Updated -> admin@pds| Maharstra Project11
[2026-01-23 10:52:01] User -> Mill Updated -> admin@pds| Maharstra Project11
[2026-01-23 10:52:10] User -> Mill InActive -> admin@pds| Balod
[2026-01-23 10:52:28] User -> Mill Active -> admin@pds| Balod
[2026-01-23 10:52:32] User -> Mill InActive -> admin@pds| Balod
[2026-01-23 10:52:38] User -> Mill Active -> admin@pds| Maharstra Project11
[2026-01-23 10:52:46] User -> Mill Edit ->admin@pds| Requested JSON -> {"name":"Maharstra Project1111","uniqueid":"MILL_6973054673","active":"1","type":"arwa","latitude":"24","incoming_min_mota":"565","incoming_min_patla":"657","incoming_min_saran":"576","district":"Balod","id":"admin@pds","milling_capacity":"657","longitude":"76","outgoing_min_mota":"765","outgoing_min_patla":"75","outgoing_min_saran":"7677"}
[2026-01-23 10:52:49] User -> Mill deleted -> admin@pds| Requested JSON -> {"uid":"MILL_6973054673"} | Maharstra Project1111
[2026-01-23 11:06:46] User -> Mill Added -> admin@pds| Maharstra Project11
[2026-01-23 12:26:37] User -> Storage Point added ->admin@pds| Requested JSON -> {"name":"Maharstra Project","type":"motorable","latitude":"24","capacity":"234","district":"Balod","id":"admin@pds","warehousetype":"swc","longitude":"76"}
[2026-01-23 12:31:10] User -> Storage Point deleted -> admin@pds| Requested JSON -> {"uid":"all"} | all
[2026-01-23 12:31:16] User -> Storage Point Added -> admin@pds| Maharstra Project
[2026-01-23 12:31:24] User -> Storage Point Edit -> admin@pds| Maharstra Project
[2026-01-23 12:31:34] User -> Storage Point Edit ->admin@pds| Requested JSON -> {"name":"Maharstra Projectq11","uniqueid":"SP_69731cbc7a79","active":"1","type":"motorable","latitude":"24","capacity":"234.00","district":"Balod","id":"admin@pds","warehousetype":"swc","longitude":"76"}
[2026-01-23 12:31:41] User -> Storage Point InActive -> admin@pds| Balod
[2026-01-23 12:31:43] User -> Storage Point Active -> admin@pds| Maharstra Projectq11
[2026-01-23 12:31:51] User -> Storage Point Edit -> admin@pds| Maharstra Project
[2026-01-23 12:31:56] User -> Storage Point deleted -> admin@pds| Requested JSON -> {"uid":"SP_69731cbc7a79"} | Maharstra Project
[2026-01-23 12:32:01] User -> Storage Point Added -> admin@pds| Maharstra Project
[2026-01-23 12:35:59] User -> Storage Point InActive -> admin@pds| Maharstra Project
[2026-01-23 12:36:00] User -> Storage Point Active -> admin@pds| Maharstra Project
[2026-01-23 12:53:51] User -> Warehouse Active -> admin@pds| abcd
[2026-01-23 12:53:52] User -> Warehouse InActive -> admin@pds| abcd
[2026-01-23 13:38:41] User -> Warehouse Edit ->admin@pds| Requested JSON -> {"name":"abcd","uniqueid":"WH_66fd34089c66","active":false,"type":"motorable","latitude":"21.74383276","normal_rice":"1","state_frk_rice":"1","central_frk_rice":"1","district":"Balodabazar","id":"441101","warehousetype":"swc","longitude":"81.94538152"}
[2026-01-23 13:39:59] User -> Warehouse Active -> admin@pds| abcd
[2026-01-23 13:40:00] User -> Warehouse InActive -> admin@pds| Abcd
[2026-01-23 13:50:15] User -> Warehouse Active -> admin@pds| Abcd
[2026-01-23 13:50:45] User -> Warehouse added ->admin@pds| Requested JSON -> {"name":"Maharstra Project","type":"motorable","latitude":"24","normal_rice":"1","state_frk_rice":"1","central_frk_rice":"1","district":"Balod","id":"45453","warehousetype":"swc","longitude":"76"}
[2026-01-23 13:51:03] User -> Warehouse Edit ->admin@pds| Requested JSON -> {"name":"Maharstra Project111","uniqueid":"WH_69732f5debda","active":"1","type":"motorable","latitude":"24","normal_rice":"1.00","state_frk_rice":"1.00","central_frk_rice":"1.00","district":"Balod","id":"45453","warehousetype":"swc","longitude":"76"}
[2026-01-23 13:51:06] User -> Warehouse InActive -> admin@pds| Maharstra Project111
[2026-01-23 13:51:09] User -> Warehouse deleted -> admin@pds| Requested JSON -> {"uid":"WH_69732f5debda"} | Maharstra Project111
[2026-01-23 13:51:32] User -> Warehouse deleted -> admin@pds| Requested JSON -> {"uid":"all"} | all
[2026-01-23 13:57:27] User -> Warehouse added ->admin@pds| Requested JSON -> {"name":"Maharstra Project","type":"motorable","latitude":"24","normal_rice":"1","state_frk_rice":"1","central_frk_rice":"1","district":"Balod","id":"admin@pds","warehousetype":"swc","longitude":"76"}
[2026-01-23 13:57:32] User -> Warehouse deleted -> admin@pds| Requested JSON -> {"uid":"all"} | all
[2026-01-23 13:57:37] User -> Warehouse Added -> admin@pds| Maharstra Project
[2026-01-23 13:57:49] User -> Warehouse Edit -> admin@pds| Maharstra Project
[2026-01-23 13:57:55] User -> Warehouse InActive -> admin@pds| Balod
[2026-01-23 13:58:11] User -> Warehouse Active -> admin@pds| Maharstra Project
[2026-01-23 13:58:22] User -> Warehouse deleted -> admin@pds| Requested JSON -> {"uid":"WH_697330f99b04"} | Maharstra Project
[2026-01-23 13:58:28] User -> Warehouse Added -> admin@pds| Maharstra Project
[2026-01-23 15:26:50] User -> PC InActive -> admin@pds| Akki
[2026-01-23 15:26:51] User -> PC Active -> admin@pds| Akki
[2026-01-23 15:29:04] User -> PC InActive -> admin@pds| Akki
[2026-01-23 15:29:06] User -> PC Active -> admin@pds| Akki
